{
  "kiota.sln": "UNKNOWN",
  "Kiota.Builder.csproj": "UNKNOWN",
  "kiota.csproj": "UNKNOWN",
  "Kiota.Builder.Tests.csproj": "UNKNOWN",
  "Kiota.Builder.IntegrationTests.csproj": "UNKNOWN",
  "Kiota.Tests.csproj": "UNKNOWN",
  "Kiota.Builder": "UNKNOWN",
  "Kiota.Builder.IntegrationTests": "UNKNOWN",
  "Kiota.Builder.IntegrationTests.dll": "UNKNOWN",
  "Kiota.Tests": "UNKNOWN",
  "Kiota.Tests.dll": "UNKNOWN",
  "Kiota.Builder.Tests": "UNKNOWN",
  "Kiota.Builder.Tests.dll": "UNKNOWN",
  "Kiota.Tests.KiotaHostTests.ThrowsOnInvalidSearchTermAsync": "PASSED",
  "Kiota.Tests.KiotaHostTests.AcceptsSerializersAsync": "PASSED",
  "Kiota.Tests.KiotaHostTests.ThrowsOnInvalidInputPathAsync": "PASSED",
  "Kiota.Tests.KiotaHostTests.ThrowsOnInvalidLanguageAsync": "PASSED",
  "Kiota.Tests.KiotaHostTests.ThrowsOnInvalidLogLevelAsync": "PASSED",
  "Kiota.Tests.KiotaHostTests.ThrowsOnInvalidInputUrlAsync": "PASSED",
  "Kiota.Tests.KiotaHostTests.ThrowsOnInvalidClassNameAsync": "PASSED",
  "Kiota.Tests.KiotaHostTests.AcceptsDeserializersAsync": "PASSED",
  "Kiota.Tests.KiotaHostTests.ThrowsOnInvalidOutputPathAsync": "PASSED",
  "Kiota.Builder.Tests.Writers.Go.GoWriterTests.Instantiates": "PASSED",
  "Kiota.Builder.Settings.Tests.SettingsFileManagementServiceTest.WriteSettingsFileAsync_ShouldThrowArgumentNullException_WhenOpenApiDocumentIsNull": "PASSED",
  "Kiota.Builder.Tests.CodeDOM.CodeEnumTests.EnumInits": "PASSED",
  "Kiota.Builder.Tests.Plugins.PluginAuthConfigurationTests.ThrowsExceptionWhenToPluginManifestAuthEncountersUnsupportedAuthType": "PASSED",
  "Kiota.Builder.Tests.Writers.Python.CodeNameSpaceWriterTests.WritesBlankLine": "PASSED",
  "Kiota.Builder.Tests.CodeDOM.CodeElementTests.IsChildOf": "PASSED",
  "Kiota.Builder.Tests.Refiners.CodeUsingDeclarationNameComparerTests.Defensive": "PASSED",
  "Kiota.Builder.Tests.Writers.Dart.DartWriterTests.Instantiates": "PASSED",
  "Kiota.Builder.Tests.PathSegmenters.GoPathSegmenterTests.GoPathSegmenterGeneratesEscapedSpecialClassName": "PASSED",
  "Kiota.Builder.Tests.Writers.Ruby.CodeEnumWriterTests.DoesntWriteAnythingOnNoOption": "PASSED",
  "Kiota.Builder.Tests.Writers.TypeScript.CodeMethodWriterTests.WritesWithUrl": "PASSED",
  "Kiota.Builder.Tests.Writers.UriExtensionsTests.StripsQueryParameters": "PASSED",
  "Kiota.Builder.Tests.Writers.Python.PythonWriterTests.Instantiates": "PASSED",
  "Kiota.Builder.Tests.Configuration.StructuredMimeTypesCollectionTests.Defensive": "PASSED",
  "Kiota.Builder.Tests.CodeDOM.DiscriminatorInformationTests.ShouldWriteDiscriminatorForUnionType": "PASSED",
  "Kiota.Builder.Tests.CodeDOM.CodeUsingComparerTests.ComparesWithDeclaration": "PASSED",
  "Kiota.Builder.Tests.Writers.TypeScript.CodeEnumWriterTests.DoesntWriteEnumWithEmptyOptions": "PASSED",
  "Kiota.Builder.Tests.Writers.Python.CodeClassEndWriterTests.ClosesNestedClasses": "PASSED",
  "Kiota.Builder.Tests.CodeDOM.CodePropertyTests.IsOfKind": "PASSED",
  "Kiota.Builder.Tests.Writers.Php.PhpWriterTests.WriteSomething": "PASSED",
  "Kiota.Builder.Tests.CodeDOM.CodeIndexerTests.IndexerInits": "PASSED",
  "Kiota.Builder.Tests.WorkspaceManagement.ApiClientConfigurationComparerTests.Defensive": "PASSED",
  "Kiota.Builder.Tests.Writers.Ruby.RubyWriterTests.Instantiates": "PASSED",
  "Kiota.Builder.Tests.CodeDOM.CodeNamespaceTests.DoesntThrowOnRootInitialization": "PASSED",
  "Kiota.Builder.Tests.CodeDOM.CodeFunctionTests.Defensive": "PASSED",
  "Kiota.Builder.Tests.CodeDOM.CodeBlockTests.FindsChildByNameInSubnamespace": "PASSED",
  "Kiota.Builder.Tests.OpenApiExtensions.OpenApiDescriptionForModelExtensionTests.Parses": "PASSED",
  "Kiota.Builder.Tests.PathSegmenters.PythonPathSegmenterTests.PythonPathSegmenterGeneratesCorrectFileName": "PASSED",
  "Kiota.Builder.Tests.Writers.CSharp.CSharpWriterTests.Instantiates": "PASSED",
  "Kiota.Builder.Tests.PathSegmenters.HttpPathSegmenterTests.HttpPathSegmenterGeneratesCorrectFileName": "PASSED",
  "Kiota.Builder.Tests.Writers.Go.CodeClassEndWriterTests.ClosesNestedClasses": "PASSED",
  "Kiota.Builder.Tests.WorkspaceManagement.ApiPluginConfigurationComparerTests.Defensive": "PASSED",
  "Kiota.Builder.Tests.CodeDOM.CodeClassTests.GetsParentAndGrandParent": "PASSED",
  "Kiota.Builder.Tests.Writers.Go.GoConventionServiceTests.ThrowsOnInvalidOverloads": "PASSED",
  "Kiota.Builder.Tests.KiotaGeneratedTests.StaticallyGeneratedAssemblyVersion": "PASSED",
  "Kiota.Builder.Tests.PathSegmenters.TypeScriptPathSegmenterTests.TypeScriptPathSegmenterGeneratesCorrectFileName": "PASSED",
  "Kiota.Builder.Tests.Exceptions.InvalidSchemaExceptionTests.Instantiates": "PASSED",
  "Kiota.Builder.Tests.CodeDOM.CodeParameterTests.IsOfKind": "PASSED",
  "Kiota.Builder.Tests.Writers.Php.CodeClassEndWriterTests.ClosesNonNestedClasses": "PASSED",
  "Kiota.Builder.Tests.Writers.Http.HttpConventionServiceTest.TestGetDefaultValueForProperty_Int": "PASSED",
  "Kiota.Builder.Tests.Writers.Java.JavaWriterTests.Instantiates": "PASSED",
  "Kiota.Builder.Tests.Writers.Java.CodeClassEndWriterTests.ClosesNestedClasses": "PASSED",
  "Kiota.Builder.Tests.Writers.CSharp.CodeClassEndWriterTests.ClosesNonNestedClasses": "PASSED",
  "Kiota.Builder.Tests.Writers.TypeScript.TypeScriptWriterTests.Instantiates": "PASSED",
  "Kiota.Builder.Tests.Manifest.ApiDependencyComparerTests.Defensive": "PASSED",
  "Kiota.Builder.Tests.Writers.Ruby.CodePropertyWriterTests.WritesCustomProperty": "PASSED",
  "Kiota.Builder.Tests.Writers.CodeTypeWriterTests.WritesCodeType": "PASSED",
  "Kiota.Builder.Tests.Manifest.RequestInfoComparerTests.GetsHashCode": "PASSED",
  "Kiota.Builder.Tests.Writers.Go.NamespaceExtensionsTests.GetNamespaceImportSymbol": "PASSED",
  "Kiota.Builder.Tests.EqualityComparers.OpenApiServerComparerTests.ProtocolAgnostic": "PASSED",
  "Kiota.Builder.Tests.Writers.Python.CodePropertyWriterTests.WritesQueryParameters": "PASSED",
  "Kiota.Builder.Tests.OpenApiExtensions.OpenApiAiReasoningInstructionsExtensionTest.Serializes": "PASSED",
  "Kiota.Builder.Tests.Logging.FileLoggerTests.CleansUpFileWhenNoLogs": "PASSED",
  "Kiota.Builder.Tests.OrderComparers.CodeElementComparerTests.OrdersWithMethodWithinClass": "PASSED",
  "Kiota.Builder.Tests.Plugins.OpenAPIRuntimeComparerTests.GetsHashCode": "PASSED",
  "Kiota.Builder.Tests.Manifest.WorkspaceConfigurationTests.Clones": "PASSED",
  "Kiota.Builder.Tests.PathSegmenters.CSharpPathSegmenterTests.CSharpPathSegmenterDoesNotGeneratePathsThatAreTooLong": "PASSED",
  "Kiota.Builder.Tests.Writers.UriExtensionsTests.GetsFileName": "PASSED",
  "Kiota.Builder.Tests.Writers.UriExtensionsTests.Defensive": "PASSED",
  "Kiota.Builder.Tests.Writers.Python.CodeClassEndWriterTests.ClosesNonNestedClasses": "PASSED",
  "Kiota.Builder.Tests.PathSegmenters.GoPathSegmenterTests.GoPathSegmenterGeneratesCorrectFileName": "PASSED",
  "Kiota.Builder.Tests.CodeDOM.CodeParameterTests.Defensive": "PASSED",
  "Kiota.Builder.Tests.Writers.TypeScript.CodeEnumWriterTests.WriteCodeElement_ThrowsException_WhenWriterIsNull": "PASSED",
  "Kiota.Builder.Tests.Refiners.CodeUsingDeclarationNameComparerTests.SameImportsReturnSameHashCode": "PASSED",
  "Kiota.Builder.Tests.Writers.Ruby.CodePropertyWriterTests.WritesAccessedProperty": "PASSED",
  "Kiota.Builder.Tests.PathSegmenters.GoPathSegmenterTests.GoPathSegmenterGeneratesNamespaceFolderName": "PASSED",
  "Kiota.Builder.Tests.Writers.TypeScript.CodeMethodWriterTests.FailsOnCodeClassParent": "PASSED",
  "Kiota.Builder.Tests.Writers.Go.NamespaceExtensionsTests.Defensive": "PASSED",
  "Kiota.Builder.Tests.Writers.Http.HttpConventionServiceTest.TestGetDefaultValueForProperty_String": "PASSED",
  "Kiota.Builder.Tests.PathSegmenters.GoPathSegmenterTests.GoPathSegmenterGeneratesDistinctFileNames": "PASSED",
  "Kiota.Builder.Tests.Writers.TypeScript.CodeEnumWriterTests.WriteCodeElement_ThrowsException_WhenCodeElementIsNull": "PASSED",
  "Kiota.Builder.Tests.Writers.CSharp.CodeClassEndWriterTests.WritesWarningRestoreCs0618": "PASSED",
  "Kiota.Builder.Tests.Writers.Http.HttpConventionServiceTest.TestGetDefaultValueForProperty_Null": "PASSED",
  "Kiota.Builder.Tests.Writers.TypeScript.TypeScriptConventionServiceTests.IsComposedOfPrimitives_ShouldBeFalse_WhenNotComposedOfPrimitives": "PASSED",
  "Kiota.Builder.Tests.Manifest.ApiDependencyComparerTests.Equal": "PASSED",
  "Kiota.Builder.Tests.Writers.TypeScript.CodePropertyWriterTests.WritesFlagEnums": "PASSED",
  "Kiota.Builder.Tests.Writers.TypeScript.CodeMethodWriterTests.WritesNameMapperMethod": "PASSED",
  "Kiota.Builder.Tests.Writers.Go.CodeClassEndWriterTests.ClosesNonNestedClasses": "PASSED",
  "Kiota.Builder.Tests.Writers.Go.NamespaceExtensionsTests.GetLastNamespaceSegment": "PASSED",
  "Kiota.Builder.Tests.Plugins.OpenAPIRuntimeComparerTests.Defensive": "PASSED",
  "Kiota.Builder.Tests.PathSegmenters.PythonPathSegmenterTests.PythonPathSegmenterGeneratesNamespaceFolderName": "PASSED",
  "Kiota.Builder.Tests.CodeDOM.CodeNamespaceTests.FindsNamespaceByName": "PASSED",
  "Kiota.Builder.Tests.Manifest.RequestInfoComparerTests.Defensive": "PASSED",
  "Kiota.Builder.Tests.PathSegmenters.HttpPathSegmenterTests.HttpPathSegmenterGeneratesNamespaceFolderName": "PASSED",
  "Kiota.Builder.Tests.Writers.ProprietableBlockExtensions.GetsTheCodePathForFirstLevelProperty": "PASSED",
  "Kiota.Builder.Tests.Writers.Http.HttpConventionServiceTest.TestGetDefaultValueForProperty_Bool": "PASSED",
  "Kiota.Builder.Tests.Writers.Python.CodeEnumWriterTests.WritesNullStatementOnNoOption": "PASSED",
  "Kiota.Builder.Tests.CodeDOM.CodePropertyTests.Defensive": "PASSED",
  "Kiota.Builder.Tests.Writers.Ruby.CodePropertyWriterTests.WritesRequestBuilderWithoutNamespace": "PASSED",
  "Kiota.Builder.Tests.PathSegmenters.TypeScriptPathSegmenterTests.TypeScriptPathSegmenterGeneratesNamespaceFolderName": "PASSED",
  "Kiota.Builder.Tests.Writers.CSharp.CodeClassEndWriterTests.ClosesNestedClasses": "PASSED",
  "Kiota.Builder.Tests.OpenApiExtensions.OpenApiAiReasoningInstructionsExtensionTest.Parses": "PASSED",
  "Kiota.Builder.Tests.Writers.CSharp.TypeDefinitionExtensionsTests.PrependsGlobalNamespaceAliasToNamespaces": "PASSED",
  "Kiota.Builder.Tests.Writers.Java.CodeClassEndWriterTests.ClosesNonNestedClasses": "PASSED",
  "Kiota.Builder.Tests.CodeDOM.CodeNamespaceTests.IsParentOf": "PASSED",
  "Kiota.Builder.Tests.Writers.TypeScript.CodeMethodWriterTests.WritesRequestBodiesThrowOnNullHttpMethod": "PASSED",
  "Kiota.Builder.Tests.Manifest.RequestInfoComparerTests.Compares": "PASSED",
  "Kiota.Builder.Tests.Writers.TypeScript.TypeScriptConventionServiceTests.IsComposedOfObjectsAndPrimitives_OnlyPrimitives_ReturnsFalse": "PASSED",
  "Kiota.Builder.Tests.Writers.CSharp.TypeDefinitionExtensionsTests.ThrowsIfTypesParentIsInvalid": "PASSED",
  "Kiota.Builder.Tests.Writers.TypeScript.CodeEnumWriterTests.WritesEnum": "PASSED",
  "Kiota.Builder.Tests.CodeDOM.CodeElementTests.GetImmediateParentOfType": "PASSED",
  "Kiota.Builder.Tests.Writers.TypeScript.TypeScriptConventionServiceTests.TranslateType_ReturnsCorrectTranslation_WhenComposedTypeIsNotNull": "PASSED",
  "Kiota.Builder.Tests.Writers.TypeScript.CodePropertyWriterTests.FailsOnPropertiesForClasses": "PASSED",
  "Kiota.Builder.Tests.Writers.CSharp.TypeDefinitionExtensionsTests.ReturnsFullNameForTypeInNamespace": "PASSED",
  "Kiota.Builder.Tests.Writers.TypeScript.CodeClassEndWriterTests.ClosesNestedClasses": "PASSED",
  "Kiota.Builder.Tests.Writers.Java.CodeClassDeclarationWriterTests.WritesSimpleDeclaration": "PASSED",
  "Kiota.Builder.Tests.WorkspaceManagement.ApiClientConfigurationComparerTests.GetsHashCode": "PASSED",
  "Kiota.Builder.Tests.PathSegmenters.CSharpPathSegmenterTests.CSharpPathSegmenterDoesNotGenerateNamespaceFoldersThatAreTooLong": "PASSED",
  "Kiota.Builder.Tests.Writers.CSharp.CodePropertyWriterTests.MapsAdditionalDataPropertiesToBackingStore": "PASSED",
  "Kiota.Builder.Tests.Plugins.PluginAuthConfigurationTests.FromParametersThrowsExceptionIfSecuritySchemeTypeIsUnknown": "PASSED",
  "Kiota.Builder.Tests.CodeDOM.CodeNamespaceTests.SegmentsNamespaceNames": "PASSED",
  "Kiota.Builder.Tests.WorkspaceManagement.ApiPluginConfigurationComparerTests.GetsHashCode": "PASSED",
  "Kiota.Builder.Tests.Writers.TypeScript.TypeScriptConventionServiceTests.TranslateType_ThrowsArgumentNullException_WhenComposedTypeIsNull": "PASSED",
  "Kiota.Builder.Tests.Writers.TypeScript.CodeMethodWriterTests.Defensive": "PASSED",
  "Kiota.Builder.Tests.Writers.TypeScript.TypeScriptConventionServiceTests.IsComposedOfPrimitives_ShouldBeTrue_WhenComposedOfPrimitives": "PASSED",
  "Kiota.Builder.Settings.Tests.SettingsFileManagementServiceTest.WriteSettingsFileAsync_ShouldThrowArgumentException_WhenDirectoryPathIsNullOrEmpty": "PASSED",
  "Kiota.Builder.Tests.Writers.TypeScript.TypeScriptConventionServiceTests.IsComposedOfObjectsAndPrimitives_OnlyObjects_ReturnsFalse": "PASSED",
  "Kiota.Builder.Tests.Writers.Ruby.CodePropertyWriterTests.WritesRequestBuilder": "PASSED",
  "Kiota.Builder.Tests.Writers.TypeScript.TypeScriptConventionServiceTests.IsComposedOfObjectsAndPrimitives_EmptyTypes_ReturnsFalse": "PASSED",
  "Kiota.Builder.Tests.Writers.Dart.CodePropertyWriterTests.WritesCustomProperty": "PASSED",
  "Kiota.Builder.Tests.OrderComparers.CodeElementComparerTests.OrdersWithMethodsOutsideOfClass": "PASSED",
  "Kiota.Builder.Writers.TypeScript.Tests.CodeInterfaceDeclaraterWriterTests.WritesAutoGenerationStart": "PASSED",
  "Kiota.Builder.Tests.Writers.Go.CodePropertyWriterTests.WritesNonNull": "PASSED",
  "Kiota.Builder.Tests.Writers.TypeScript.CodePropertyWriterTests.WritesRequestBuilder": "PASSED",
  "Kiota.Builder.Tests.Writers.Dart.CodeEnumWriterTests.WritesEnum": "PASSED",
  "Kiota.Builder.Tests.Writers.CSharp.CodeClassDeclarationWriterTests.WritesAutoGeneratedHeader": "PASSED",
  "Kiota.Builder.Tests.Validation.OpenApiSchemaComparerTests.DoesNotStackOverFlowOnCircularReferencesForEquals": "PASSED",
  "Kiota.Builder.Tests.PathSegmenters.CSharpPathSegmenterTests.CSharpPathSegmenterGeneratesCorrectFileName": "PASSED",
  "Kiota.Builder.Tests.OpenApiExtensions.OpenApiAiRespondingInstructionsExtensionTests.Serializes": "PASSED",
  "Kiota.Builder.Tests.CodeDOM.CodeUnionTypeTests.ClonesProperly": "PASSED",
  "Kiota.Builder.Tests.CodeDOM.CodeBlockTests.RemovesElements": "PASSED",
  "Kiota.Builder.Tests.Writers.Ruby.CodeClassDeclarationWriterTests.WritesMixins": "PASSED",
  "Kiota.Builder.Tests.Writers.CSharp.TypeDefinitionExtensionsTests.ThrowsIfTypeIsNull": "PASSED",
  "Kiota.Builder.Tests.Writers.TypeScript.CodeClassEndWriterTests.ClosesNonNestedClasses": "PASSED",
  "Kiota.Builder.Tests.Writers.TypeScript.CodeMethodWriterTests.WritesModelFactoryBodyThrowsIfMethodAndNotFactory": "PASSED",
  "Kiota.Builder.Tests.CodeDOM.CodeClassTests.AddsInnerElements": "PASSED",
  "Kiota.Builder.Tests.Validation.OpenApiSchemaComparerTests.Defensive": "PASSED",
  "Kiota.Builder.Tests.Writers.Go.CodePropertyWriterTests.WritesRequestBuilder": "PASSED",
  "Kiota.Builder.Tests.Writers.TypeScript.CodePropertyWriterTests.WritesCustomPropertyWithDefaultedNullType": "PASSED",
  "Kiota.Builder.Tests.Writers.TypeScript.TypeScriptConventionServiceTests.IsComposedOfObjectsAndPrimitives_BothPrimitivesAndObjects_ReturnsTrue": "PASSED",
  "Kiota.Builder.Tests.CodeDOM.CodeTypeTests.ClonesGenericTypeParameterValuesProperly": "PASSED",
  "Kiota.Builder.Tests.OpenApiExtensions.OpenApiAiAdaptiveCardExtensionTest.Serializes": "PASSED",
  "Kiota.Builder.Tests.Writers.Ruby.CodeEnumWriterTests.WritesModule": "PASSED",
  "Kiota.Builder.Tests.Writers.CSharp.CodePropertyWriterTests.WritesRequestBuilder": "PASSED",
  "Kiota.Builder.Tests.Writers.Ruby.CodeMethodWriterTests.WritesRequestBodiesThrowOnNullHttpMethod": "PASSED",
  "Kiota.Builder.Tests.Writers.Ruby.CodeClassDeclarationWriterTests.WritesSimpleDeclaration": "PASSED",
  "Kiota.Builder.Tests.Writers.Java.CodePropertyWriterTests.WritesFlagEnums": "PASSED",
  "Kiota.Builder.Tests.Writers.Python.CodeEnumWriterTests.WritesEnum": "PASSED",
  "Kiota.Builder.Tests.Writers.Dart.CodePropertyWriterTests.DoesntWritePropertiesExistingInParentType": "PASSED",
  "Kiota.Builder.Tests.Writers.TypeScript.CodePropertyWriterTests.WritesCollectionFlagEnumsAsOneDimensionalArray": "PASSED",
  "Kiota.Builder.Tests.Writers.TypeScript.CodeMethodWriterTests.WritesRequestBuilder": "PASSED",
  "Kiota.Builder.Tests.Writers.Dart.CodeEnumWriterTests.DoesntWriteAnythingOnNoOption": "PASSED",
  "Kiota.Builder.Tests.Writers.CSharp.TypeDefinitionExtensionsTests.DoesNotAppendNamespaceSegmentIfNamespaceNameIsEmpty": "PASSED",
  "Kiota.Builder.Tests.WorkspaceManagement.ApiPluginConfigurationComparerTests.TestEquals": "PASSED",
  "Kiota.Builder.Tests.Writers.Go.CodePropertyWriterTests.WritesSerializationTag": "PASSED",
  "Kiota.Builder.Tests.Writers.CSharp.CodePropertyWriterTests.DoesntWritePropertiesExistingInParentType": "PASSED",
  "Kiota.Builder.Tests.Writers.Ruby.CodeEnumWriterTests.WritesEnum": "PASSED",
  "Kiota.Builder.Tests.CodeDOM.CodeNamespaceTests.ThrowsWhenAddingANamespaceWithEmptyName": "PASSED",
  "Kiota.Builder.Tests.Plugins.PluginAuthConfigurationTests.AddCoverageOnUnsupportedException": "PASSED",
  "Kiota.Builder.Tests.Writers.Dart.CodePropertyWriterTests.MapsAdditionalDataPropertiesToBackingStore": "PASSED",
  "Kiota.Builder.Tests.Validation.OpenApiSchemaComparerTests.TestEquals": "PASSED",
  "Kiota.Builder.Tests.Writers.Dart.CodeEnumWriterTests.WritesEnumSerializationValue": "PASSED",
  "Kiota.Builder.Tests.Writers.TypeScript.CodePropertyWriterTests.WritesCorrectTypeForProperty": "PASSED",
  "Kiota.Builder.Tests.Writers.CSharp.TypeDefinitionExtensionsTests.CapitalizesTypeNamesInTypeHierarchyButNotTheNamespace": "PASSED",
  "Kiota.Builder.Tests.Writers.Java.CodeEnumWriterTests.WritesEnum": "PASSED",
  "Kiota.Builder.Tests.Logging.FileLoggerTests.KeepsLogFileWhenLogs": "PASSED",
  "Kiota.Builder.Tests.CodeDOM.CodeBlockTests.FindChildByNameThrowsOnEmptyNames": "PASSED",
  "Kiota.Builder.Tests.Writers.Go.CodePropertyWriterTests.WritesFlagEnums": "SKIPPED",
  "Kiota.Builder.Settings.Tests.SettingsFileManagementServiceTest.GetDirectoryContainingSettingsFile_ShouldReturnVscodeDirectory_WhenExists": "PASSED",
  "Kiota.Builder.Tests.Writers.CSharp.CodeClassDeclarationWriterTests.WritesImports": "PASSED",
  "Kiota.Builder.Tests.Plugins.PluginAuthConfigurationTests.FromParametersThrowArgumentNullExceptionIfSecuritySchemeTypeHasNoValue": "PASSED",
  "Kiota.Builder.Tests.Writers.Java.CodePropertyWriterTests.WritesRequestBuilder": "PASSED",
  "Kiota.Builder.Tests.Writers.CSharp.CodeClassDeclarationWriterTests.WritesInheritance": "PASSED",
  "Kiota.Builder.Tests.Writers.Dart.CodePropertyWriterTests.MapsCustomPropertiesToBackingStore": "PASSED",
  "Kiota.Builder.Tests.Writers.CSharp.TypeDefinitionExtensionsTests.ReturnsFullNameForTypeWithoutNamespace": "PASSED",
  "Kiota.Builder.Tests.Writers.Go.CodePropertyWriterTests.WritesCustomProperty": "PASSED",
  "Kiota.Builder.Settings.Tests.SettingsFileManagementServiceTest.GetDirectoryContainingSettingsFile_ShouldCreateTheDirectory_If_It_Doesnt_Exist": "PASSED",
  "Kiota.Builder.Tests.Writers.Http.CodeEnumWriterTests.SkipsEnum": "PASSED",
  "Kiota.Builder.Tests.Writers.Java.CodeClassDeclarationWriterTests.WritesImports": "PASSED",
  "Kiota.Builder.Tests.Writers.Java.CodeEnumWriterTests.WritesEnumSerializationValue": "PASSED",
  "Kiota.Builder.Writers.TypeScript.Tests.CodeIntersectionTypeWriterTests.WriteCodeElement_ShouldWriteCorrectOutput_WhenTypesIsNotEmpty": "PASSED",
  "Kiota.Builder.Tests.OpenApiExtensions.OpenApiAiRespondingInstructionsExtensionTests.Parses": "PASSED",
  "Kiota.Builder.Tests.PathSegmenters.JavaPathSegmenterTests.JavaPathSegmenterGeneratesNamespaceFolderName": "PASSED",
  "Kiota.Builder.Tests.Writers.Java.CodePropertyWriterTests.WritesNonNull": "PASSED",
  "Kiota.Builder.Tests.Writers.CSharp.TypeDefinitionExtensionsTests.ReturnsFullNameForNestedTypes": "PASSED",
  "Kiota.Builder.Tests.Writers.StringExtensionsTests.StripsSuffix": "PASSED",
  "Kiota.Builder.Tests.Writers.Java.CodeClassDeclarationWriterTests.WritesImplementation": "PASSED",
  "Kiota.Builder.Tests.Writers.Java.CodePropertyWriterTests.WritesCustomProperty": "PASSED",
  "Kiota.Builder.Tests.Writers.LanguageWriterTests.GetCorrectWriterForLanguage": "PASSED",
  "Kiota.Builder.Tests.Writers.CSharp.CodePropertyWriterTests.WritesPrivateSetter": "PASSED",
  "Kiota.Builder.Tests.Writers.Java.CodeClassDeclarationWriterTests.WritesInheritance": "PASSED",
  "Kiota.Builder.Tests.Writers.Dart.CodeClassEndWriterTests.ClosesNonNestedClasses": "PASSED",
  "Kiota.Builder.Tests.Writers.CSharp.CodePropertyWriterTests.WritesSerializationAttribute": "PASSED",
  "Kiota.Builder.Tests.Writers.Java.CodeEnumWriterTests.DoesntWriteAnythingOnNoOption": "PASSED",
  "Kiota.Builder.Tests.Writers.Java.CodeClassDeclarationWriterTests.RemovesImportWithClassName": "PASSED",
  "Kiota.Builder.Tests.Writers.Java.CodePropertyWriterTests.WritesCollectionFlagEnumsAsOneDimensionalArray": "PASSED",
  "Kiota.Builder.Tests.Writers.StringExtensionsTests.Defensive": "PASSED",
  "Kiota.Builder.Tests.Writers.TypeScript.CodeUsingWriterTests.WritesAliasedSymbol": "PASSED",
  "Kiota.Builder.Tests.Writers.Dart.CodePropertyWriterTests.WritesRequestBuilder": "PASSED",
  "Kiota.Builder.Writers.TypeScript.Tests.CodeInterfaceDeclaraterWriterTests.WritesImports": "PASSED",
  "Kiota.Builder.Tests.Writers.Http.CodeEnumWriterTests.WriteCodeElement_ThrowsException_WhenCodeElementIsNull": "PASSED",
  "Kiota.Builder.Tests.Writers.Python.CodeClassDeclarationWriterTests.WritesInnerClasses": "PASSED",
  "Kiota.Builder.Tests.Writers.Java.CodeClassDeclarationWriterTests.WritesAutoGeneratedHeader": "PASSED",
  "Kiota.Builder.Tests.OrderComparers.CodeElementComparerPythonTests.OrdersWithMethodWithinClass": "PASSED",
  "Kiota.Builder.Tests.Writers.TypeScript.CodeUsingWriterTests.WritesImportTypeStatementForRequestConfiguration": "PASSED",
  "Kiota.Builder.Tests.Writers.TypeScript.CodeClassDeclarationWriterTests.WritesImports": "PASSED",
  "Kiota.Builder.Tests.Writers.Dart.CodeClassDeclarationWriterTests.WritesImplementation": "PASSED",
  "Kiota.Builder.Tests.Extensions.OpenApiDeprecationExtensionExtensions.GetsDeprecationOnOperationDirect": "PASSED",
  "Kiota.Builder.Tests.Writers.TypeScript.CodeUsingWriterTests.WritesImportTypeStatementForQueryParameters": "PASSED",
  "Kiota.Builder.Tests.Writers.Http.CodeEnumWriterTests.WriteCodeElement_ThrowsException_WhenWriterIsNull": "PASSED",
  "Kiota.Builder.Tests.WorkspaceManagement.DescriptionStorageServiceTests.ReturnsNothingIfNoDescriptionIsPresentAsync": "PASSED",
  "Kiota.Builder.Tests.Writers.TypeScript.CodeClassDeclarationWriterTests.WritesInheritance": "PASSED",
  "Kiota.Builder.Writers.TypeScript.Tests.CodeInterfaceDeclaraterWriterTests.WritesInheritance": "PASSED",
  "Kiota.Builder.Tests.PathSegmenters.JavaPathSegmenterTests.JavaPathSegmenterGeneratesCorrectFileName": "PASSED",
  "Kiota.Builder.Tests.Writers.TypeScriptRelativeImportManagerTests.ReplacesImportsParentNamespace": "PASSED",
  "Kiota.Builder.Tests.Writers.TypeScript.CodeUsingWriterTests.WritesImportTypeStatementForGeneratedInterfaces": "PASSED",
  "Kiota.Builder.Tests.Writers.TypeScript.CodeClassDeclarationWriterTests.WritesAutoGenerationStart": "PASSED",
  "Kiota.Builder.Tests.Writers.TypeScriptRelativeImportManagerTests.ReplacesImportsSameNamespace": "PASSED",
  "Kiota.Builder.Writers.TypeScript.Tests.CodeInterfaceDeclaraterWriterTests.WritesSimpleDeclaration": "PASSED",
  "Kiota.Builder.Tests.Extensions.OpenApiSchemaExtensionsTests.IsOdataPrimitiveBackwardCompatible": "PASSED",
  "Kiota.Builder.Tests.Writers.Dart.CodeEnumWriterTests.WritesEnumOptionDescription": "PASSED",
  "Kiota.Builder.Tests.Writers.TypeScript.CodeClassDeclarationWriterTests.WritesSimpleDeclaration": "PASSED",
  "Kiota.Builder.Tests.Writers.CSharp.CodeIndexerWriterTests.WritesIndexer": "PASSED",
  "Kiota.Builder.Tests.Writers.TypeScriptRelativeImportManagerTests.ReplacesImportsSubNamespace": "PASSED",
  "Kiota.Builder.Tests.Writers.Dart.CodeClassDeclarationWriterTests.WritesInheritance": "PASSED",
  "Kiota.Builder.Tests.Writers.TypeScriptRelativeImportManagerTests.ReplacesImportsSameNamespaceIndex": "PASSED",
  "Kiota.Builder.Tests.CodeDOM.CodeTypeTests.ClonesTypeProperly": "PASSED",
  "Kiota.Builder.Tests.Writers.Python.CodeClassDeclarationWriterTests.WritesModelClassDeprecationInformation": "PASSED",
  "Kiota.Builder.Tests.Writers.CSharp.CodePropertyWriterTests.WritesDeprecationInformation": "PASSED",
  "Kiota.Builder.Tests.Writers.TypeScript.CodeUsingWriterTests.WritesImportTypeStatementForDenotedExternalLibraries": "PASSED",
  "Kiota.Builder.Tests.CodeDOM.CodeMethodTests.DeduplicatesErrorMappings": "PASSED",
  "Kiota.Builder.Tests.CodeDOM.DiscriminatorInformationTests.AddsMapping": "PASSED",
  "Kiota.Builder.Tests.Writers.CSharp.CodeClassDeclarationWriterTests.WritesGeneratedCodeAttribute": "PASSED",
  "Kiota.Builder.Tests.Writers.CSharp.CodeClassDeclarationWriterTests.WritesImplementation": "PASSED",
  "Kiota.Builder.Tests.Writers.Go.CodeEnumWriterTests.WritesEnumOptionDescription": "PASSED",
  "Kiota.Builder.Tests.CodeDOM.CodeMethodTests.IsOfKind": "PASSED",
  "Kiota.Builder.Tests.Writers.TypeScript.CodeUsingWriterTests.DoesntAliasRegularSymbols": "PASSED",
  "Kiota.Builder.Tests.Writers.TypeScript.CodeClassDeclarationWriterTests.WritesImplementation": "PASSED",
  "Kiota.Builder.Tests.Validation.ValidationRuleSetExtensionsTests.DisablesOneRule": "PASSED",
  "Kiota.Builder.Tests.CodeDOM.CodeNamespaceTests.ThrowsOnAddingEmptyCollections": "PASSED",
  "Kiota.Builder.Tests.Writers.TypeScript.CodeUsingWriterTests.WritesImportTypeStatementForModel": "PASSED",
  "Kiota.Builder.Tests.Writers.TypeScriptRelativeImportManagerTests.ReplacesImportsInOtherTrunk": "PASSED",
  "Kiota.Builder.Tests.Writers.Go.CodeMethodWriterTests.WritesMethodDescriptionLink": "PASSED",
  "Kiota.Builder.Tests.Writers.Go.CodeEnumWriterTests.WritesSingleValueEnum": "PASSED",
  "Kiota.Builder.Tests.Writers.Go.CodeEnumWriterTests.DoesntWriteAnythingOnNoOption": "PASSED",
  "Kiota.Builder.Tests.Writers.CSharp.CodePropertyWriterTests.WritesMessageOverrideOnPrimary": "PASSED",
  "Kiota.Builder.Tests.CodeDOM.DiscriminatorInformationTests.Clones": "PASSED",
  "Kiota.Builder.Tests.Configuration.GenerationConfigurationTests.ToApiDependency": "PASSED",
  "Kiota.Builder.Tests.Writers.CSharp.CodeClassDeclarationWriterTests.WritesSimpleDeclaration": "PASSED",
  "Kiota.Builder.Tests.Writers.ProprietableBlockExtensions.GetsNothingOnNoPrimaryMessage": "PASSED",
  "Kiota.Builder.Tests.CodeDOM.DiscriminatorInformationTests.ShouldWriteDiscriminatorForIntersectionType": "PASSED",
  "Kiota.Builder.Tests.Writers.Ruby.CodeClassEndWriterTests.ClosesNestedClasses": "PASSED",
  "Kiota.Builder.Tests.Plugins.PluginAuthConfigurationTests.FromParametersReturnsCorrectPluginAuthConfiguration": "PASSED",
  "Kiota.Builder.Tests.CodeDOM.CodeMethodTests.Defensive": "PASSED",
  "Kiota.Builder.Tests.Writers.CSharp.CodePropertyWriterTests.WritesCustomProperty": "PASSED",
  "Kiota.Builder.Tests.Validation.ValidationRuleSetExtensionsTests.Defensive": "PASSED",
  "Kiota.Builder.Tests.OrderComparers.CodeParameterOrderComparerTests.CancellationParameterIsAfterRequestConfigurationByDefaultIfBothOptional": "PASSED",
  "Kiota.Builder.Tests.CodeDOM.CodeMethodTests.ParametersExtensionsReturnsValue": "PASSED",
  "Kiota.Builder.Tests.Writers.CSharp.CodeClassDeclarationWriterTests.WritesWarningDisableCs0618": "PASSED",
  "Kiota.Builder.Tests.Writers.CSharp.CodePropertyWriterTests.MapsCustomPropertiesToBackingStore": "PASSED",
  "Kiota.Builder.Tests.CodeDOM.CodeBlockTests.DoesntThrowWhenAddingOverloads": "PASSED",
  "Kiota.Builder.Tests.Configuration.GenerationConfigurationTests.ToApiDependencyDoesNotIncludeConfigHashIfEmpty": "PASSED",
  "Kiota.Builder.Tests.Writers.Go.CodeEnumWriterTests.WritesMultiValueEnum": "PASSED",
  "Kiota.Builder.Tests.Writers.CSharp.CodePropertyWriterTests.DisambiguateAmbiguousImportedTypes": "PASSED",
  "Kiota.Builder.Tests.CodeDOM.CodeNamespaceTests.ThrowsWhenAddingItemToRoot": "PASSED",
  "Kiota.Builder.Tests.Validation.ValidationRuleSetExtensionsTests.DisablesAllRules": "PASSED",
  "Kiota.Builder.Tests.Writers.Go.CodeEnumWriterTests.WritesUsing": "PASSED",
  "Kiota.Builder.Tests.Lock.KiotaLockTests.UpdatesAConfiguration": "PASSED",
  "Kiota.Builder.Tests.Plugins.PluginAuthConfigurationTests.ThrowsExceptionIfReferenceIdIsNullOrEmpty": "PASSED",
  "Kiota.Builder.Tests.CodeDOM.CodeMethodTests.DoesNotDeduplicateErrorMappingsOnDifferentTypes": "PASSED",
  "Kiota.Builder.Tests.CodeDOM.CodeNamespaceTests.AddsASingleItemNamespace": "PASSED",
  "Kiota.Builder.Tests.Extensions.StringExtensionsTests.ToCamelCase": "PASSED",
  "Kiota.Builder.Tests.Writers.Java.CodeMethodWriterTests.WritesPathParameterRequestBuilder": "PASSED",
  "Kiota.Builder.Tests.Writers.Ruby.CodeClassEndWriterTests.ClosesNonNestedClasses": "PASSED",
  "Kiota.Builder.Tests.Writers.Java.CodeEnumWriterTests.WritesEnumOptionDescription": "PASSED",
  "Kiota.Builder.Tests.CodeDOM.CodeMethodTests.DoesNotDeduplicatesErrorMappingsWithSpecificCodes": "PASSED",
  "Kiota.Builder.Tests.Writers.Python.CodeUsingWriterTests.WritesAliasedSymbol": "PASSED",
  "Kiota.Builder.Tests.WorkspaceManagement.ApiPluginConfigurationTests.CopiesPluginTypesFromConfiguration": "PASSED",
  "Kiota.Builder.Tests.CodeDOM.DiscriminatorInformationTests.Defensive": "PASSED",
  "Kiota.Builder.Tests.CodeDOM.CodeClassTests.SetsIndexer": "PASSED",
  "Kiota.Builder.Tests.Writers.Go.CodeEnumWriterTests.DoesNotWriteImportOnEmptyImports": "PASSED",
  "Kiota.Builder.Tests.Writers.Python.CodeClassDeclarationWriterTests.WritesConditionalInternalImportsSameNamespace": "PASSED",
  "Kiota.Builder.Tests.Validation.ValidationRuleSetExtensionsTests.DisablesNoRule": "PASSED",
  "Kiota.Builder.Tests.CodeDOM.CodeBlockTests.FindsChildrenByName": "PASSED",
  "Kiota.Builder.Tests.Writers.Python.CodeUsingWriterTests.DoesntAliasRegularSymbols": "PASSED",
  "Kiota.Builder.Tests.Extensions.StringExtensionsTests.ReplaceValueIdentifier": "PASSED",
  "Kiota.Builder.Tests.Writers.Python.CodePropertyWriterTests.WritesRequestBuilder": "PASSED",
  "Kiota.Builder.Tests.Writers.Python.CodeClassDeclarationWriterTests.WritesModelClassDeclaration": "PASSED",
  "Kiota.Builder.Tests.Extensions.OpenApiOperationExtensionsTests.Defensive": "PASSED",
  "Kiota.Builder.Tests.CodeDOM.CodeBlockTests.DoesntThrowWhenAddingIndexersWithPropName": "PASSED",
  "Kiota.Builder.Tests.Extensions.StringExtensionsTests.ToSnakeCase": "PASSED",
  "Kiota.Builder.Tests.Writers.Ruby.CodeMethodWriterTests.WritesInheritedDeSerializerBody": "PASSED",
  "Kiota.Builder.Tests.Writers.ProprietableBlockExtensions.GetsTheCodePathForANestedProperty": "PASSED",
  "Kiota.Builder.Tests.Extensions.OpenApiDeprecationExtensionExtensions.GetsDeprecationOnOperationWithNullRequestBodyContentTypeInstance": "PASSED",
  "Kiota.Builder.Tests.Writers.Dart.CodeMethodWriterTests.WritesReturnType": "PASSED",
  "Kiota.Builder.Tests.CodeDOM.CodeBlockTests.AddsUsing": "PASSED",
  "Kiota.Builder.Tests.Writers.Python.CodeClassDeclarationWriterTests.WritesSimpleDeclaration": "PASSED",
  "Kiota.Builder.Tests.Writers.Python.CodeUsingWriterTests.WritesRefinedNames": "PASSED",
  "Kiota.Builder.Tests.Writers.Ruby.CodeMethodWriterTests.WritesDeSerializerBody": "PASSED",
  "Kiota.Builder.Tests.Writers.Java.CodeMethodWriterTests.WritesSetterToField": "PASSED",
  "Kiota.Builder.Tests.WorkspaceManagement.ApiPluginConfigurationTests.Defensive": "PASSED",
  "Kiota.Builder.Tests.Writers.Python.CodePropertyWriterTests.WritePrimaryErrorMessagePropertyOption1": "PASSED",
  "Kiota.Builder.Tests.Writers.Ruby.CodeClassDeclarationWriterTests.WritesImports": "PASSED",
  "Kiota.Builder.Tests.Extensions.StringExtensionsTests.ToUpperCase": "PASSED",
  "Kiota.Builder.Tests.CodeDOM.DiscriminatorInformationTests.ShouldWriteDiscriminatorSwitch": "PASSED",
  "Kiota.Builder.Tests.Writers.Go.CodeClassDeclarationWriterTests.WritesImports": "PASSED",
  "Kiota.Builder.Tests.CodeDOM.CodeBlockTests.FindInChildElements": "PASSED",
  "Kiota.Builder.Tests.WorkspaceManagement.DescriptionStorageServiceTests.DefensiveAsync": "PASSED",
  "Kiota.Builder.Tests.Writers.Ruby.CodeClassDeclarationWriterTests.WritesImplementation": "PASSED",
  "Kiota.Builder.Tests.Extensions.StringExtensionsTests.Defensive": "PASSED",
  "Kiota.Builder.Tests.Writers.ProprietableBlockExtensions.GetsTheShortestCodePathForMultiplePrimaryMessages": "PASSED",
  "Kiota.Builder.Tests.Writers.Python.CodePropertyWriterTests.WritesDefaultValuesForProperties": "PASSED",
  "Kiota.Builder.Tests.Writers.Ruby.CodeClassDeclarationWriterTests.WritesInheritance": "PASSED",
  "Kiota.Builder.Tests.Writers.CSharp.CodeMethodWriterTests.WritesDeSerializerBody": "PASSED",
  "Kiota.Builder.Tests.Extensions.StringExtensionsTests.NormalizeNameSpaceName": "PASSED",
  "Kiota.Builder.Tests.Writers.Go.CodeClassDeclarationWriterTests.WritesInheritance": "PASSED",
  "Kiota.Builder.Tests.Writers.Go.CodeInterfaceDeclarationWriterTests.WritesImports": "PASSED",
  "Kiota.Builder.Tests.Writers.Python.CodeClassDeclarationWriterTests.WritesInternalImportsNoTypeDef": "PASSED",
  "Kiota.Builder.Tests.Writers.Go.CodeClassDeclarationWriterTests.WritesSimpleDeclaration": "PASSED",
  "Kiota.Builder.Tests.Writers.Ruby.CodeMethodWriterTests.DoesntWriteFactorySwitchOnMissingParameter": "PASSED",
  "Kiota.Builder.Tests.Writers.Python.CodeClassDeclarationWriterTests.WritesConditionalInternalImportsSubNamespace": "PASSED",
  "Kiota.Builder.Tests.Extensions.StringExtensionsTests.ToLowerCase": "PASSED",
  "Kiota.Builder.Tests.Writers.Python.CodePropertyWriterTests.WritePrimaryErrorMessagePropertyOption2": "PASSED",
  "Kiota.Builder.Tests.Writers.Go.CodeInterfaceDeclarationWriterTests.WritesSimpleDeclaration": "PASSED",
  "Kiota.Builder.Tests.Writers.CSharp.CodeMethodWriterTests.ThrowsOnGetter": "PASSED",
  "Kiota.Builder.Tests.Extensions.StringExtensionsTests.ToPascalCaseCustomSeparator": "PASSED",
  "Kiota.Builder.Tests.CodeDOM.CodeClassTests.AddsInnerInterface": "PASSED",
  "Kiota.Builder.Tests.Extensions.OpenApiSchemaExtensionsTests.GetReferenceIdsAnyOf": "PASSED",
  "Kiota.Builder.Tests.CodeDOM.CodeMethodTests.ClonesParameters": "PASSED",
  "Kiota.Builder.Tests.Writers.Go.CodeInterfaceDeclarationWriterTests.WritesInheritance": "PASSED",
  "Kiota.Builder.Tests.Extensions.StringExtensionsTests.EqualsIgnoreCase": "PASSED",
  "Kiota.Builder.Tests.Writers.TypeScript.CodeConstantWriterTests.WritesRequestGeneratorBodyForScalar": "PASSED",
  "Kiota.Builder.Tests.CodeDOM.CodeMethodTests.DeduplicatesErrorMappingsCommonDefinition": "PASSED",
  "Kiota.Builder.Tests.Extensions.StringExtensionsTests.ToPascalCase": "PASSED",
  "Kiota.Builder.Tests.CodeDOM.CodeClassTests.ContainsMember": "PASSED",
  "Kiota.Builder.Tests.Writers.Python.CodeClassDeclarationWriterTests.WritesExternalImportsWithoutPath": "PASSED",
  "Kiota.Builder.Tests.WorkspaceManagement.ApiPluginConfigurationTests.Clones": "PASSED",
  "Kiota.Builder.Tests.Writers.Ruby.CodeMethodWriterTests.DoesntWriteReadOnlyPropertiesInSerializerBody": "PASSED",
  "Kiota.Builder.Tests.CodeDOM.CodeClassTests.IsOfKind": "PASSED",
  "Kiota.Builder.Tests.CodeDOM.DiscriminatorInformationTests.GetsMappingsInOrder": "PASSED",
  "Kiota.Builder.Tests.Writers.TypeScript.CodeConstantWriterTests.DoesntWriteAnythingOnNoOption": "PASSED",
  "Kiota.Builder.Tests.CodeDOM.CodeBlockTests.RemoveUsingByDeclarationName": "PASSED",
  "Kiota.Builder.Tests.CodeDOM.CodeMethodTests.AddsParameter": "PASSED",
  "Kiota.Builder.Tests.Writers.Python.CodeClassDeclarationWriterTests.WritesImplementation": "PASSED",
  "Kiota.Builder.Tests.Writers.TypeScript.CodeConstantWriterTests.WritesRequestExecutorForPrimitiveCollection": "PASSED",
  "Kiota.Builder.Tests.Writers.Go.CodeMethodWriterTests.WritesRequestGeneratorBodyUnknownRequestBodyType": "PASSED",
  "Kiota.Builder.Tests.CodeDOM.CodeClassTests.InheritsFrom": "PASSED",
  "Kiota.Builder.Tests.Writers.Python.CodeClassDeclarationWriterTests.WritesInheritance": "PASSED",
  "Kiota.Builder.Tests.Writers.Python.CodeClassDeclarationWriterTests.WritesRequestBuilderClassDeclaration": "PASSED",
  "Kiota.Builder.Tests.CodeDOM.CodeBlockTests.ThrowsWhenInsertingDuplicatedElements": "PASSED",
  "Kiota.Builder.Tests.Extensions.OpenApiSchemaExtensionsTests.GetSchemaNameOneOfReference": "PASSED",
  "Kiota.Builder.Tests.WorkspaceManagement.DescriptionStorageServiceTests.DeletesAStoredDescriptionAsync": "PASSED",
  "Kiota.Builder.Tests.Writers.TypeScript.CodeConstantWriterTests.WriteCodeElement_ThrowsException_WhenWriterIsNull": "PASSED",
  "Kiota.Builder.Tests.Extensions.OpenApiSchemaExtensionsTests.IsExclusiveUnionMatchesTypeArrays": "PASSED",
  "Kiota.Builder.Tests.Writers.TypeScript.CodeConstantWriterTests.DoesNotCreateDictionaryOnEmptyErrorMapping": "PASSED",
  "Kiota.Builder.Tests.Writers.Dart.CodeMethodWriterTests.WritesIntersectionDeSerializerBody": "PASSED",
  "Kiota.Builder.Tests.Writers.Python.CodeClassDeclarationWriterTests.WritesExternalImports": "PASSED",
  "Kiota.Builder.Tests.Extensions.OpenApiSchemaExtensionsTests.GetReferenceIdsAllOf": "PASSED",
  "Kiota.Builder.Tests.Writers.TypeScript.CodeConstantWriterTests.WritesRequestExecutorBodyForCollections": "PASSED",
  "Kiota.Builder.Tests.CodeDOM.CodeClassTests.Defensive": "PASSED",
  "Kiota.Builder.Tests.Extensions.OpenApiSchemaExtensionsTests.GetReferenceIdsAllOfNested": "PASSED",
  "Kiota.Builder.Tests.WorkspaceManagement.ApiClientConfigurationTests.Clones": "PASSED",
  "Kiota.Builder.Tests.Writers.Dart.CodeClassDeclarationWriterTests.WritesImports": "PASSED",
  "Kiota.Builder.Tests.Writers.CSharp.CodeMethodWriterTests.WritesConstructorWithEnumValue": "PASSED",
  "Kiota.Builder.Tests.Writers.Dart.CodeClassDeclarationWriterTests.WritesSimpleDeclaration": "PASSED",
  "Kiota.Builder.Tests.Writers.Python.CodeClassDeclarationWriterTests.Defensive": "PASSED",
  "Kiota.Builder.Tests.Writers.Ruby.CodeMethodWriterTests.DoesntWriteFactorySwitchOnEmptyPropertyName": "PASSED",
  "Kiota.Builder.Tests.Writers.CSharp.CodeMethodWriterTests.WritesConstructorAndDisambiguatesEnumType": "PASSED",
  "Kiota.Builder.Tests.Extensions.OpenApiSchemaExtensionsTests.IsInherited": "PASSED",
  "Kiota.Builder.Tests.CodeDOM.CodeBlockTests.ReplacesImplementsByName": "PASSED",
  "Kiota.Builder.Tests.Writers.TypeScript.CodeConstantWriterTests.WritesEnum": "PASSED",
  "Kiota.Builder.Tests.Extensions.OpenApiDeprecationExtensionExtensions.GetsDeprecationInformationFromTreeNodeWhenAllOperationsDeprecated": "PASSED",
  "Kiota.Builder.Tests.Extensions.OpenApiSchemaExtensionsTests.GetSchemaNameTitleEmpty": "PASSED",
  "Kiota.Builder.Tests.Writers.CSharp.CodeMethodWriterTests.WritesConstructorAndIncludesSanitizedEnumValue": "PASSED",
  "Kiota.Builder.Tests.Writers.Ruby.CodeMethodWriterTests.WritesWithUrl": "PASSED",
  "Kiota.Builder.Tests.Writers.TypeScript.CodeConstantWriterTests.WritesRequestGeneratorBodyKnownRequestBodyType": "PASSED",
  "Kiota.Builder.Tests.Writers.CSharp.CodeMethodWriterTests.WritesDeprecationInformation": "PASSED",
  "Kiota.Builder.Tests.CodeDOM.CodeBlockTests.Defensive": "PASSED",
  "Kiota.Builder.Tests.Extensions.OpenApiOperationExtensionsTests.GetsResponseSchema": "PASSED",
  "Kiota.Builder.Tests.Extensions.OpenApiSchemaExtensionsTests.IsOdataPrimitive": "PASSED",
  "Kiota.Builder.Tests.Writers.CSharp.CodeMethodWriterTests.ThrowsIfParentIsNotClass": "PASSED",
  "Kiota.Builder.Tests.CodeDOM.CodeBlockTests.RemoveUsing": "PASSED",
  "Kiota.Builder.Tests.Extensions.OpenApiSchemaExtensionsTests.GetReferenceIdsTitle": "PASSED",
  "Kiota.Builder.Tests.CodeDOM.CodeClassTests.ThrowsOnAddingEmptyCollections": "PASSED",
  "Kiota.Builder.Tests.Writers.Ruby.CodeMethodWriterTests.WritesRequestGeneratorBodyKnownRequestBodyType": "PASSED",
  "Kiota.Builder.Tests.Writers.TypeScript.CodeConstantWriterTests.WriteCodeElement_ThrowsException_WhenOriginalCodeElementIsNull": "PASSED",
  "Kiota.Builder.Tests.Writers.Ruby.CodeMethodWriterTests.DoesntWriteFactorySwitchOnEmptyMappings": "PASSED",
  "Kiota.Builder.Tests.Writers.TypeScript.CodeConstantWriterTests.WritesEnumOptionDescription": "PASSED",
  "Kiota.Builder.Tests.Writers.Go.CodeMethodWriterTests.WritesConstructor": "PASSED",
  "Kiota.Builder.Tests.Extensions.OpenApiSchemaExtensionsTests.GetSchemaNameItemsReference": "PASSED",
  "Kiota.Builder.Tests.Writers.Go.CodeMethodWriterTests.WritesSetterToBackingStore": "PASSED",
  "Kiota.Builder.Tests.Extensions.OpenApiSchemaExtensionsTests.LocalReferencesAreSupported": "PASSED",
  "Kiota.Builder.Tests.Writers.Ruby.CodeMethodWriterTests.WritesPathParameterRequestBuilder": "PASSED",
  "Kiota.Builder.Tests.Extensions.OpenApiDeprecationExtensionExtensions.GetsNoDeprecationOnOperationWithDeprecatedReferenceRequestSchema": "PASSED",
  "Kiota.Builder.Tests.Writers.TypeScript.CodeConstantWriterTests.WritesRequestGeneratorBodyForParsable": "PASSED",
  "Kiota.Builder.Tests.Writers.Ruby.CodeMethodWriterTests.WritesGetterToField": "PASSED",
  "Kiota.Builder.Tests.Writers.CSharp.CodeEnumWriterTests.WritesAutoGeneratedHeader": "PASSED",
  "Kiota.Builder.Tests.Writers.Ruby.CodeMethodWriterTests.WritesRequestGeneratorAcceptHeaderQuotes": "PASSED",
  "Kiota.Builder.Tests.Extensions.OpenApiSchemaExtensionsTests.IsEnumDoesNotMaskExclusiveUnions": "PASSED",
  "Kiota.Builder.Tests.Extensions.OpenApiSchemaExtensionsTests.GetsClassName": "PASSED",
  "Kiota.Builder.Tests.Writers.Ruby.CodeMethodWriterTests.WritesInheritedSerializerBody": "PASSED",
  "Kiota.Builder.Tests.Extensions.OpenApiDeprecationExtensionExtensions.GetsDeprecationOnOperationWithNullResponseContentTypeInstance": "PASSED",
  "Kiota.Builder.Tests.OpenApiExtensions.OpenApiKiotaExtensionTests.Parses": "PASSED",
  "Kiota.Builder.Tests.Extensions.OpenApiSchemaExtensionsTests.GetSchemaNameReference": "PASSED",
  "Kiota.Builder.Tests.Writers.Dart.CodeMethodWriterTests.WritesRequestGeneratorBodyWhenUrlTemplateIsOverrode": "PASSED",
  "Kiota.Builder.Tests.WorkspaceManagement.ApiClientConfigurationTests.CreatesApiClientConfigurationFromGenerationConfiguration": "PASSED",
  "Kiota.Builder.Tests.Writers.Ruby.CodeMethodWriterTests.WritesRequestGeneratorBodyWhenUrlTemplateIsOverrode": "PASSED",
  "Kiota.Builder.Tests.Extensions.OpenApiSchemaExtensionsTests.SchemasAreNotConsideredReferences": "PASSED",
  "Kiota.Builder.Tests.Writers.Dart.CodeMethodWriterTests.WritesDeprecationInformation": "PASSED",
  "Kiota.Builder.Tests.Extensions.OpenApiDeprecationExtensionExtensions.ToDeprecationInformation": "PASSED",
  "Kiota.Builder.Tests.Writers.TypeScript.CodeConstantWriterTests.WritesRequestExecutorBody": "PASSED",
  "Kiota.Builder.Tests.Extensions.OpenApiSchemaExtensionsTests.GetSchemaNameAllOfReference": "PASSED",
  "Kiota.Builder.Tests.Extensions.OpenApiSchemaExtensionsTests.GetSchemaNameItemsTitleEmpty": "PASSED",
  "Kiota.Builder.Tests.Writers.CSharp.CodeEnumWriterTests.WritesEnumOptionDescription": "PASSED",
  "Kiota.Builder.Tests.Writers.TypeScript.CodeConstantWriterTests.WritesRequestGeneratorBodyUnknownRequestBodyType": "PASSED",
  "Kiota.Builder.Tests.Writers.CSharp.CodeEnumWriterTests.NamesDontDiffer_DoesntWriteEnumMember": "PASSED",
  "Kiota.Builder.Tests.Writers.TypeScript.CodeConstantWriterTests.WritesRequestGeneratorBodyForMultipart": "PASSED",
  "Kiota.Builder.Tests.Extensions.OpenApiSchemaExtensionsTests.GetSchemaNameAllOfNestedTitleEmpty": "PASSED",
  "Kiota.Builder.Tests.Writers.CSharp.CodeEnumWriterTests.WritesFlagsEnum": "PASSED",
  "Kiota.Builder.Tests.Writers.CSharp.CodeEnumWriterTests.DoesntWriteAnythingOnNoOption": "PASSED",
  "Kiota.Builder.Tests.Writers.Ruby.CodeMethodWriterTests.WritesConstructor": "PASSED",
  "Kiota.Builder.Tests.Writers.TypeScript.CodeConstantWriterTests.WriteCodeElement_ThrowsException_WhenCodeElementIsNull": "PASSED",
  "Kiota.Builder.Tests.Extensions.OpenApiDeprecationExtensionExtensions.GetsDeprecationInformationOnParameter": "PASSED",
  "Kiota.Builder.Tests.Writers.CSharp.CodeEnumWriterTests.WritesGeneratedCodeAttribute": "PASSED",
  "Kiota.Builder.Tests.Extensions.OpenApiSchemaExtensionsTests.GetReferenceIdsEmpty": "PASSED",
  "Kiota.Builder.Tests.Writers.Dart.CodeMethodWriterTests.WritesApiConstructorWithBackingStore": "PASSED",
  "Kiota.Builder.Tests.Writers.Ruby.CodeMethodWriterTests.WritesRequestBuilder": "PASSED",
  "Kiota.Builder.Tests.Writers.CSharp.CodeEnumWriterTests.WritesEnum": "PASSED",
  "Kiota.Builder.Tests.Writers.Go.CodeMethodWriterTests.WritesInheritedDeSerializerBody": "PASSED",
  "Kiota.Builder.Tests.Writers.CSharp.CodeEnumWriterTests.NamesDiffer_WritesEnumMember": "PASSED",
  "Kiota.Builder.Tests.Writers.Go.CodeMethodWriterTests.DoesNotWriteConstructorWithDefaultFromComposedType": "PASSED",
  "Kiota.Builder.Tests.Writers.Ruby.CodeMethodWriterTests.WritesMethodSyncDescription": "PASSED",
  "Kiota.Builder.Tests.Extensions.OpenApiDeprecationExtensionExtensions.GetsDeprecationOnOperationWithDeprecatedInlineRequestSchema": "PASSED",
  "Kiota.Builder.Tests.WorkspaceManagement.ApiPluginConfigurationTests.UpdateGenerationConfigurationFromPluginConfiguration": "PASSED",
  "Kiota.Builder.Tests.Writers.Ruby.CodeMethodWriterTests.DoesNotWriteConstructorWithDefaultFromComposedType": "PASSED",
  "Kiota.Builder.Tests.Writers.Python.CodeMethodWriterTests.WritesModelClassesWithDefaultEnumValue": "PASSED",
  "Kiota.Builder.Tests.Configuration.GenerationConfigurationTests.Clones": "PASSED",
  "Kiota.Builder.Tests.Writers.Ruby.CodeMethodWriterTests.WritesSetterToField": "PASSED",
  "Kiota.Builder.Tests.WorkspaceManagement.ApiClientConfigurationTests.UpdatesGenerationConfigurationFromApiClientConfiguration": "PASSED",
  "Kiota.Builder.Tests.Writers.Ruby.CodeMethodWriterTests.WritesRequestGeneratorContentTypeQuotes": "PASSED",
  "Kiota.Builder.Tests.Writers.Go.CodeMethodWriterTests.WritesApiConstructor": "PASSED",
  "Kiota.Builder.Tests.Writers.Go.CodeMethodWriterTests.WritesInheritedConstructor": "PASSED",
  "Kiota.Builder.Tests.Writers.Ruby.CodeMethodWriterTests.WritesApiConstructor": "PASSED",
  "Kiota.Builder.Tests.Writers.Go.CodeMethodWriterTests.WritesGetterToField": "PASSED",
  "Kiota.Builder.Tests.Writers.Java.CodeMethodWriterTests.WritesModelSplitFactoryOverloadBody": "PASSED",
  "Kiota.Builder.Tests.Extensions.OpenApiDeprecationExtensionExtensions.GetsNoDeprecationInformationOnNonDeprecatedParameter": "PASSED",
  "Kiota.Builder.Tests.Writers.Ruby.CodeMethodWriterTests.WritesTranslatedTypesDeSerializerBody": "PASSED",
  "Kiota.Builder.Tests.Writers.TypeScript.CodeConstantWriterTests.WritesIndexer": "PASSED",
  "Kiota.Builder.Tests.Writers.Ruby.CodeMethodWriterTests.DoesNotAddAsyncInformationOnSyncMethods": "PASSED",
  "Kiota.Builder.Tests.Writers.CSharp.CodeMethodWriterTests.WritesModelFactoryBodyForUnionModels": "PASSED",
  "Kiota.Builder.Tests.Extensions.OpenApiDeprecationExtensionExtensions.GetsNoDeprecationInformationFromTreeNodeOnNoOperation": "PASSED",
  "Kiota.Builder.Tests.Writers.TypeScript.CodeConstantWriterTests.WritesRequestExecutorForEnumCollection": "PASSED",
  "Kiota.Builder.Tests.Writers.Ruby.CodeMethodWriterTests.WritesSerializerBody": "PASSED",
  "Kiota.Builder.Tests.Writers.Dart.CodeMethodWriterTests.WritesRequestExecutorBodyForCollections": "PASSED",
  "Kiota.Builder.Tests.Writers.TypeScript.CodeConstantWriterTests.WritesRequestExecutorForEnum": "PASSED",
  "Kiota.Builder.Tests.Extensions.OpenApiDeprecationExtensionExtensions.GetsDeprecationOnOperationWithDeprecatedInlineResponseSchema": "PASSED",
  "Kiota.Builder.Tests.Writers.TypeScript.CodeConstantWriterTests.WritesRequestExecutorForPrimitive": "PASSED",
  "Kiota.Builder.Tests.Extensions.OpenApiDeprecationExtensionExtensions.GetsNoDeprecationOnOperationWithDeprecatedReferenceResponseSchema": "PASSED",
  "Kiota.Builder.Tests.Extensions.OpenApiDeprecationExtensionExtensions.GetsNoDeprecationInformationFromNonDeprecatedSchema": "PASSED",
  "Kiota.Builder.Tests.Writers.Ruby.CodeMethodWriterTests.WritesModelFactoryBody": "PASSED",
  "Kiota.Builder.Tests.Extensions.OpenApiDeprecationExtensionExtensions.GetsNoDeprecationInformationOnParameterWithDeprecatedReferenceContentSchema": "PASSED",
  "Kiota.Builder.Tests.Writers.Http.CodeClassDeclarationWriterTests.WritesRequestExecutorMethods": "PASSED",
  "Kiota.Builder.Tests.Refiners.DartLanguageRefinerTests.AddsCustomMethods": "PASSED",
  "Kiota.Builder.Tests.WorkspaceManagement.DescriptionStorageServiceTests.StoresADescriptionAsync": "PASSED",
  "Kiota.Builder.Tests.Refiners.PhpLanguageRefinerTests.PrefixReservedWordPropertyNamesWithAsync": "PASSED",
  "Kiota.Builder.Tests.Refiners.PythonLanguageRefinerTests.AddsPropertiesAndMethodTypesImportsPythonAsync": "PASSED",
  "Kiota.Builder.Tests.Refiners.JavaLanguageRefinerTests.ReplacesBinaryByNativeTypeAsync": "PASSED",
  "Kiota.Builder.Tests.Refiners.RubyLanguageRefinerTests.ReplacesTimeOnlyByNativeTypeAsync": "PASSED",
  "Kiota.Builder.Tests.Writers.Php.CodePropertyWriterTests.WriteCollectionKindPropertyAsync": "PASSED",
  "Kiota.Builder.Tests.Refiners.CSharpLanguageRefinerTests.ReplacesLocallyDefinedTimeOnlyByNativeTypeAsync": "PASSED",
  "Kiota.Builder.Tests.Extensions.OpenApiDeprecationExtensionExtensions.GetsNoDeprecationInformationOnParameterWithDeprecatedReferenceSchema": "PASSED",
  "Kiota.Builder.Tests.Writers.Dart.CodeMethodWriterTests.WritesRequestExecutorBody": "PASSED",
  "Kiota.Builder.Tests.Configuration.StructuredMimeTypesCollectionTests.ThrowsOnInvalidMimeType": "PASSED",
  "Kiota.Builder.Tests.Writers.CSharp.CodeMethodWriterTests.WritesRequestGeneratorBodyWhenUrlTemplateIsOverrode": "PASSED",
  "Kiota.Builder.Tests.Writers.Go.CodeMethodWriterTests.WritesIntersectionDeSerializerBody": "PASSED",
  "Kiota.Builder.Tests.Extensions.OpenApiDeprecationExtensionExtensions.GetsNoDeprecationInformationFromTreeNodeWhenOneOperationNonDeprecated": "PASSED",
  "Kiota.Builder.Tests.Writers.Php.CodeEnumWriterTests.WritesEnumAsync": "PASSED",
  "Kiota.Builder.Tests.Writers.Python.CodeMethodWriterTests.WritesSerializerBody": "PASSED",
  "Kiota.Builder.Tests.Writers.CSharp.CodeMethodWriterTests.WritesRequestBuilder": "PASSED",
  "Kiota.Builder.Tests.Extensions.OpenApiDeprecationExtensionExtensions.GetsDeprecationInformationOnParameterWithDeprecatedInlineSchema": "PASSED",
  "Kiota.Builder.Tests.Writers.Ruby.CodeMethodWriterTests.WritesRequestExecutorBody": "PASSED",
  "Kiota.Builder.Tests.Writers.Java.CodeMethodWriterTests.WritesIntersectionSerializerBody": "PASSED",
  "Kiota.Builder.Tests.Writers.Go.CodeMethodWriterTests.WritesDeprecationInformationFromBuilder": "PASSED",
  "Kiota.Builder.Tests.Refiners.GoLanguageRefinerTests.ReplacesRequestBuilderPropertiesByMethodsAsync": "PASSED",
  "Kiota.Builder.Tests.Extensions.OpenApiDeprecationExtensionExtensions.GetsEmptyDeprecationInformationFromSchema": "PASSED",
  "Kiota.Builder.Tests.Writers.Ruby.CodeMethodWriterTests.ThrowsIfParentIsNotClass": "PASSED",
  "Kiota.Builder.Tests.Writers.Go.CodeMethodWriterTests.ThrowsIfParentIsNotClass": "PASSED",
  "Kiota.Builder.Tests.Writers.Python.CodeMethodWriterTests.WritesPublicMethodByDefault": "PASSED",
  "Kiota.Builder.Tests.Writers.Dart.CodeMethodWriterTests.WritesWithUrl": "PASSED",
  "Kiota.Builder.Tests.Extensions.OpenApiDeprecationExtensionExtensions.GetsDeprecationInformationFromOpenApiSchema": "PASSED",
  "Kiota.Builder.Tests.Writers.Dart.CodeMethodWriterTests.WritesPublicMethodByDefault": "PASSED",
  "Kiota.Builder.Tests.Writers.Java.CodeMethodWriterTests.WritesMethodSyncDescription": "PASSED",
  "Kiota.Builder.Tests.Configuration.StructuredMimeTypesCollectionTests.ClearsEntries": "PASSED",
  "Kiota.Builder.Tests.Extensions.OpenApiDeprecationExtensionExtensions.GetsDeprecationInformationOnParameterWithDeprecatedInlineContentSchema": "PASSED",
  "Kiota.Builder.Tests.Writers.Ruby.CodeMethodWriterTests.Defensive": "PASSED",
  "Kiota.Builder.Tests.OpenApiExtensions.OpenApiKiotaExtensionTests.Serializes": "PASSED",
  "Kiota.Builder.Tests.Extensions.OpenApiSchemaExtensionsTests.MergesIntersection": "PASSED",
  "Kiota.Builder.Tests.Extensions.OpenApiDeprecationExtensionExtensions.GetsNoDeprecationOnNonDeprecatedOperation": "PASSED",
  "Kiota.Builder.Tests.Extensions.OpenApiSchemaExtensionsTests.GetSchemaNameEmpty": "PASSED",
  "Kiota.Builder.Tests.Writers.Java.CodeMethodWriterTests.WritesWithUrl": "PASSED",
  "Kiota.Builder.Tests.Writers.Java.CodeMethodWriterTests.WritesProtectedMethod": "PASSED",
  "Kiota.Builder.Tests.Extensions.OpenApiSchemaExtensionsTests.GetReferenceIdsOneOf": "PASSED",
  "Kiota.Builder.Tests.Writers.Ruby.CodeMethodWriterTests.WritesNameMapperMethod": "PASSED",
  "Kiota.Builder.Tests.Extensions.OpenApiSchemaExtensionsTests.GetSchemaNameAllOfTitleEmpty": "PASSED",
  "Kiota.Builder.Tests.Writers.Php.CodePropertyWriterTests.WriteRequestAdapter": "PASSED",
  "Kiota.Builder.Tests.Writers.Php.CodePropertyWriterTests.WriteQueryParameter": "PASSED",
  "Kiota.Builder.Tests.Writers.Php.CodePropertyWriterTests.WritePropertyDocs": "PASSED",
  "Kiota.Builder.Tests.Writers.Java.CodeMethodWriterTests.WritesGetterToBackingStoreWithNonnullProperty": "PASSED",
  "Kiota.Builder.Tests.Writers.Ruby.CodeMethodWriterTests.WritesRequestGeneratorBody": "PASSED",
  "Kiota.Builder.Tests.Writers.Php.CodePropertyWriterTests.WriteCollectionNonAdditionalData": "PASSED",
  "Kiota.Builder.Tests.Writers.Ruby.CodeMethodWriterTests.WritesRequestExecutorBodyWithNamespace": "PASSED",
  "Kiota.Builder.Tests.Writers.CSharp.CodeMethodWriterTests.WritesRequestExecutorBody": "PASSED",
  "Kiota.Builder.Tests.Writers.Dart.CodeMethodWriterTests.DoesntWriteReadOnlyPropertiesInSerializerBody": "PASSED",
  "Kiota.Builder.Tests.Writers.Php.CodeClassDeclarationWriterTests.AddsImportsToRequestConfigClassesAsync": "PASSED",
  "Kiota.Builder.Tests.Writers.CSharp.CodeMethodWriterTests.WritesPrivateMethod": "PASSED",
  "Kiota.Builder.Tests.Writers.Ruby.CodeMethodWriterTests.WritesRequestGeneratorBodyUnknownRequestBodyType": "PASSED",
  "Kiota.Builder.Tests.Writers.Php.CodeClassDeclarationWriterTests.WritesInheritance": "PASSED",
  "Kiota.Builder.Tests.Writers.Php.CodeClassDeclarationWriterTests.ExtendABaseClass": "PASSED",
  "Kiota.Builder.Tests.Writers.Dart.CodeMethodWriterTests.Defensive": "PASSED",
  "Kiota.Builder.Tests.Writers.Php.CodeClassDeclarationWriterTests.WritesSimpleDeclaration": "PASSED",
  "Kiota.Builder.Tests.Writers.Php.CodeClassDeclarationWriterTests.RemovesImportWithClassName": "PASSED",
  "Kiota.Builder.Tests.Writers.Java.CodeMethodWriterTests.WritesRequestGeneratorBodyWhenUrlTemplateIsOverrode": "PASSED",
  "Kiota.Builder.Tests.Writers.Dart.CodeMethodWriterTests.WritesRequestBuilder": "PASSED",
  "Kiota.Builder.Tests.Refiners.DartLanguageRefinerTests.AddsDefaultImports": "PASSED",
  "Kiota.Builder.Tests.Configuration.StructuredMimeTypesCollectionTests.ParsesWithOrWithoutPriorities": "PASSED",
  "Kiota.Builder.Tests.Writers.Java.CodeMethodWriterTests.WritesRequestGeneratorBodyForScalarCollection": "PASSED",
  "Kiota.Builder.Tests.Writers.Ruby.CodeMethodWriterTests.WritesApiConstructorWithBackingStore": "PASSED",
  "Kiota.Builder.Tests.Writers.CSharp.CodeMethodWriterTests.WritesInheritedSerializerBody": "PASSED",
  "Kiota.Builder.Tests.Writers.Go.CodeMethodWriterTests.WritesNullableVoidTypeForExecutor": "PASSED",
  "Kiota.Builder.Tests.Refiners.CSharpLanguageRefinerTests.EnumHasEscapedOption_UsesEnumMemberAttributeAsync": "PASSED",
  "Kiota.Builder.Tests.Writers.CSharp.CodeMethodWriterTests.DoesNotWriteConstructorWithDefaultFromComposedType": "PASSED",
  "Kiota.Builder.Tests.Writers.Php.CodePropertyWriterTests.WriteRequestOptionAsync": "PASSED",
  "Kiota.Builder.Tests.Writers.Python.CodeMethodWriterTests.WritesRequestGeneratorBodyUnknownRequestBodyType": "PASSED",
  "Kiota.Builder.Tests.Writers.Cli.CliCodeMethodWriterTests.WritesExecutableCommandForGetRequestModel": "PASSED",
  "Kiota.Builder.Tests.Refiners.CliRefinerTests.CreatesCommandBuildersAsync": "PASSED",
  "Kiota.Builder.Tests.Configuration.StructuredMimeTypesCollectionTests.DoesNotAddDuplicates": "PASSED",
  "Kiota.Builder.Tests.Writers.Ruby.CodeMethodWriterTests.WritesIndexer": "PASSED",
  "Kiota.Builder.Tests.Writers.CSharp.CodeMethodWriterTests.WritesNullableMethodPrototypeForValueType": "PASSED",
  "Kiota.Builder.Tests.Writers.Php.CodePropertyWriterTests.WritePrimitiveFloatProperty": "PASSED",
  "Kiota.Builder.Tests.Writers.Dart.CodeMethodWriterTests.WritesDeSerializerBody": "PASSED",
  "Kiota.Builder.Tests.Writers.Php.CodePropertyWriterTests.WritePropertyWithDescription": "PASSED",
  "Kiota.Builder.Tests.Writers.Python.CodeMethodWriterTests.WritesPathParameterRequestBuilder": "PASSED",
  "Kiota.Builder.Tests.Extensions.OpenApiUrlTreeNodeExtensionsTests.GetUrlTemplateSelectsDistinctQueryParameters": "PASSED",
  "Kiota.Builder.Tests.Writers.Php.CodeMethodWriterTests.WriteApiConstructorAsync": "PASSED",
  "Kiota.Builder.Tests.Writers.Java.CodeMethodWriterTests.WritesRequestGeneratorOverloadBody": "PASSED",
  "Kiota.Builder.Tests.Writers.Dart.CodeMethodWriterTests.DoesNotWriteConstructorWithDefaultFromComposedType": "PASSED",
  "Kiota.Builder.Tests.Refiners.PythonLanguageRefinerTests.DoesNotKeepCancellationParametersInRequestExecutorsAsync": "PASSED",
  "Kiota.Builder.Tests.Writers.Go.CodeMethodWriterTests.WritesRequestExecutorBodyForEnumCollection": "PASSED",
  "Kiota.Builder.Tests.Writers.Php.CodeClassDeclarationWriterTests.ImportRequiredClassesWhenContainsRequestExecutorAsync": "PASSED",
  "Kiota.Builder.Tests.Refiners.DartLanguageRefinerTests.EscapesReservedKeywords": "PASSED",
  "Kiota.Builder.Tests.Refiners.RubyLanguageRefinerTests.AddsQueryParameterMapperMethodAfterManglingAsync": "PASSED",
  "Kiota.Builder.Tests.Writers.Dart.CodeMethodWriterTests.WritesApiConstructor": "PASSED",
  "Kiota.Builder.Tests.Writers.Cli.CliCodeMethodWriterTests.WritesExecutableCommandThatReusesMatchingNavCommandInstance": "PASSED",
  "Kiota.Builder.Tests.Writers.Php.CodeClassDeclarationWriterTests.WritesImports": "PASSED",
  "Kiota.Builder.Tests.Extensions.OpenApiUrlTreeNodeExtensionsTests.GeneratesOnlyRequiredQueryParametersInPathItem": "PASSED",
  "Kiota.Builder.Tests.Writers.Dart.CodeMethodWriterTests.WritesRequestGeneratorBodyForScalarCollection": "PASSED",
  "Kiota.Builder.Tests.Writers.Java.CodeMethodWriterTests.WritesIndexer": "PASSED",
  "Kiota.Builder.Tests.Writers.Python.CodeMethodWriterTests.WritesApiConstructorWithBackingStore": "PASSED",
  "Kiota.Builder.Tests.Refiners.CSharpLanguageRefinerTests.AddsExceptionInheritanceOnErrorClassesAsync": "PASSED",
  "Kiota.Builder.Tests.Writers.Php.CodeClassDeclarationWriterTests.WritesImplementation": "PASSED",
  "Kiota.Builder.Tests.Writers.Cli.CliCodeMethodWriterTests.WritesRootCommand": "PASSED",
  "Kiota.Builder.Tests.Writers.CSharp.CodeMethodWriterTests.WritesModelFactoryBodyForIntersectionModels": "PASSED",
  "Kiota.Builder.Tests.Writers.Php.CodeMethodWriterTests.WritesRequestGeneratorBodyForScalarCollection": "PASSED",
  "Kiota.Builder.Tests.Writers.Dart.CodeMethodWriterTests.WritesConstructor": "PASSED",
  "Kiota.Builder.Tests.Writers.Cli.CliCodeMethodWriterTests.WritesExecutableCommandForGetStreamRequest": "PASSED",
  "Kiota.Builder.Tests.Writers.Php.CodeMethodWriterTests.DoesNotWriteConstructorWithDefaultFromComposedType": "PASSED",
  "Kiota.Builder.Tests.Refiners.CliRefinerTests.RemovesRequestAdaptersFromCodeDomAsync": "PASSED",
  "Kiota.Builder.Tests.Writers.CSharp.CodeMethodWriterTests.WritesConstructor": "PASSED",
  "Kiota.Builder.Tests.Writers.Java.CodeMethodWriterTests.WritesRequestExecutorBody": "PASSED",
  "Kiota.Builder.Tests.Refiners.GoLanguageRefinerTests.AddsUsingForUntypedNodeAsync": "PASSED",
  "Kiota.Builder.Tests.Writers.Dart.CodeMethodWriterTests.WritesSerializerBody": "PASSED",
  "Kiota.Builder.Tests.Extensions.OpenApiUrlTreeNodeExtensionsTests.DifferentUrlTemplatesPerOperationWithRequiredParameter": "PASSED",
  "Kiota.Builder.Tests.Writers.Php.CodeMethodWriterTests.WritesRequestGeneratorBodyForParsableCollection": "PASSED",
  "Kiota.Builder.Tests.Writers.Dart.CodeMethodWriterTests.WritesRequestGeneratorBodyForScalar": "PASSED",
  "Kiota.Builder.Tests.Writers.Java.CodeMethodWriterTests.WritesRequestGeneratorBodyForMultipart": "PASSED",
  "Kiota.Builder.Tests.Writers.CSharp.CodeMethodWriterTests.WritesRequestGeneratorBodyForScalarCollection": "PASSED",
  "Kiota.Builder.Tests.Writers.Java.CodeMethodWriterTests.WritesRequestBuilder": "PASSED",
  "Kiota.Builder.Tests.Writers.Php.CodeMethodWriterTests.WriteRequestGeneratorForScalarType": "PASSED",
  "Kiota.Builder.Tests.Writers.Java.CodeMethodWriterTests.WritesPublicMethodByDefault": "PASSED",
  "Kiota.Builder.Tests.Refiners.RubyLanguageRefinerTests.EscapesReservedKeywordsAsync": "PASSED",
  "Kiota.Builder.Tests.Writers.Dart.CodeMethodWriterTests.WritesPathParameterRequestBuilder": "PASSED",
  "Kiota.Builder.Tests.Refiners.CSharpLanguageRefinerTests.ReplacesExceptionPropertiesNamesAsync": "PASSED",
  "Kiota.Builder.Tests.Writers.CSharp.CodeMethodWriterTests.DoesntWriteFactorySwitchOnEmptyMappings": "PASSED",
  "Kiota.Builder.Tests.Refiners.DartLanguageRefinerTests.EscapesReservedKeywordsInInternalDeclaration": "PASSED",
  "Kiota.Builder.Tests.Writers.Dart.CodeMethodWriterTests.WritesPrivateMethod": "PASSED",
  "Kiota.Builder.Tests.Refiners.JavaLanguageRefinerTests.AddsMethodsOverloadsAsync": "PASSED",
  "Kiota.Builder.Tests.Writers.Dart.CodeMethodWriterTests.WritesRequestGeneratorAcceptHeaderQuotes": "PASSED",
  "Kiota.Builder.Tests.Writers.CSharp.CodeMethodWriterTests.WritesSerializerBody": "PASSED",
  "Kiota.Builder.Tests.Writers.Java.CodeMethodWriterTests.DoesntWriteFactorySwitchOnMissingParameter": "PASSED",
  "Kiota.Builder.Tests.Refiners.PythonLanguageRefinerTests.EscapesExceptionPropertiesNamesAsync": "PASSED",
  "Kiota.Builder.Tests.Writers.Dart.CodeMethodWriterTests.DoesntWriteFactorySwitchOnEmptyPropertyName": "PASSED",
  "Kiota.Builder.Tests.Refiners.PhpLanguageRefinerTests.DoesNotCreateDuplicateComposedTypeWrapperIfOneAlreadyExistsAsync": "PASSED",
  "Kiota.Builder.Tests.Writers.Go.CodeMethodWriterTests.WritesRequestExecutorForScalarTypesAsync": "PASSED",
  "Kiota.Builder.Tests.Writers.CSharp.CodeMethodWriterTests.WritesPathParameterRequestBuilder": "PASSED",
  "Kiota.Builder.Tests.Writers.Dart.CodeMethodWriterTests.ThrowsIfParentIsNotClass": "PASSED",
  "Kiota.Builder.Tests.Refiners.CliRefinerTests.RenamesNavPropertiesMatchingParentNameWithConflictsAsync": "PASSED",
  "Kiota.Builder.Tests.Refiners.GoLanguageRefinerTests.ReplacesTimeOnlyByNativeTypeAsync": "PASSED",
  "Kiota.Builder.Tests.Writers.CSharp.CodeMethodWriterTests.WritesInheritedDeSerializerBody": "PASSED",
  "Kiota.Builder.Tests.Writers.Go.CodeMethodWriterTests.WritesComposedMarker": "PASSED",
  "Kiota.Builder.Tests.Writers.Dart.CodeMethodWriterTests.WritesRequestGeneratorBodyForMultipart": "PASSED",
  "Kiota.Builder.Tests.Refiners.CSharpLanguageRefinerTests.ReplacesTimeOnlyByNativeTypeAsync": "PASSED",
  "Kiota.Builder.Tests.Extensions.OpenApiSchemaExtensionsTests.ReturnsEmptyPropertyNameOnCircularReferences": "PASSED",
  "Kiota.Builder.Tests.Writers.Java.CodeMethodWriterTests.WritesUnionSerializerBody": "PASSED",
  "Kiota.Builder.Tests.Extensions.OpenApiSchemaExtensionsTests.ExternalReferencesAreSupported": "PASSED",
  "Kiota.Builder.Tests.Extensions.OpenApiSchemaExtensionsTests.IsEnumIgnoresNullableExclusiveUnions": "PASSED",
  "Kiota.Builder.Tests.Writers.CSharp.CodeMethodWriterTests.WritesRequestExecutorBodyForCollection": "PASSED",
  "Kiota.Builder.Tests.Extensions.OpenApiSchemaExtensionsTests.IsArrayFalseOnNullItems": "PASSED",
  "Kiota.Builder.Tests.Writers.CSharp.CodeMethodWriterTests.DoesNotAddAsyncInformationOnSyncMethods": "PASSED",
  "Kiota.Builder.Tests.Writers.Dart.CodeMethodWriterTests.WritesMethodDescriptionLink": "PASSED",
  "Kiota.Builder.Tests.Writers.Cli.CliCodeMethodWriterTests.WritesNavCommandThatSkipsReusedNavCommandInstance": "PASSED",
  "Kiota.Builder.Tests.Extensions.OpenApiSchemaExtensionsTests.GetSchemaNameAnyOfTitleEmpty": "PASSED",
  "Kiota.Builder.Tests.Refiners.PhpLanguageRefinerTests.ChangesBackingStoreParameterTypeInApiClientConstructorAsync": "PASSED",
  "Kiota.Builder.Tests.Writers.CSharp.CodeMethodWriterTests.WritesMethodDescriptionLink": "PASSED",
  "Kiota.Builder.Tests.Refiners.JavaLanguageRefinerTests.AddsUsingsForErrorTypesForRequestExecutorAsync": "PASSED",
  "Kiota.Builder.Tests.Extensions.OpenApiSchemaExtensionsTests.GetSchemaNameAllOfNestedReference": "PASSED",
  "Kiota.Builder.Tests.Writers.Dart.CodeMethodWriterTests.WritesVoidTypeForExecutor": "PASSED",
  "Kiota.Builder.Tests.Refiners.PythonLanguageRefinerTests.ReplacesUntypedNodeInMethodParameterAndReturnTypeAsync": "PASSED",
  "Kiota.Builder.Tests.Writers.Java.CodeMethodWriterTests.WritesMessageOverrideOnPrimary": "PASSED",
  "Kiota.Builder.Tests.Writers.Cli.CliCodeMethodWriterTests.WritesExecutableCommandForPostVoidRequest": "PASSED",
  "Kiota.Builder.Tests.Writers.Php.CodeMethodWriterTests.WritesApiClientWithBackingStoreConstructorAsync": "PASSED",
  "Kiota.Builder.Tests.Writers.CSharp.CodeMethodWriterTests.WritesRequestExecutorBodyWithUntypedReturnValue": "PASSED",
  "Kiota.Builder.Tests.Refiners.CliRefinerTests.AddsUsingsForCommandTypesUsedInCommandBuilderAsync": "PASSED",
  "Kiota.Builder.Tests.Writers.Dart.CodeMethodWriterTests.DoesntWriteFactorySwitchOnEmptyMappings": "PASSED",
  "Kiota.Builder.Tests.Extensions.OpenApiSchemaExtensionsTests.IsEnumFailsOnEmptyMembers": "PASSED",
  "Kiota.Builder.Tests.Writers.Go.CodeMethodWriterTests.WritesMessageOverrideOnPrimary": "PASSED",
  "Kiota.Builder.Tests.Writers.CSharp.CodeMethodWriterTests.WritesRequestGeneratorBodyForNullableScalar": "PASSED",
  "Kiota.Builder.Tests.Refiners.RubyLanguageRefinerTests.FlattensModelsNamespaceAsync": "PASSED",
  "Kiota.Builder.Tests.Extensions.OpenApiSchemaExtensionsTests.GetReferenceIdsItems": "PASSED",
  "Kiota.Builder.Tests.Refiners.CSharpLanguageRefinerTests.DisambiguatePropertiesWithClassNamesAsync": "PASSED",
  "Kiota.Builder.Tests.Extensions.OpenApiSchemaExtensionsTests.IsEnumFailsOnNullableInheritance": "PASSED",
  "Kiota.Builder.Tests.Extensions.OpenApiSchemaExtensionsTests.GetsClassNameDefensive": "PASSED",
  "Kiota.Builder.Tests.Writers.Go.CodeMethodWriterTests.WritesRequestGeneratorBodyForMultipart": "PASSED",
  "Kiota.Builder.Tests.Refiners.JavaLanguageRefinerTests.ReplacesDateTimeOffsetByNativeTypeAsync": "PASSED",
  "Kiota.Builder.Tests.Writers.CSharp.CodeMethodWriterTests.WritesModelFactoryBodyAndDisambiguateAmbiguousImportedTypes": "PASSED",
  "Kiota.Builder.Tests.Extensions.OpenApiSchemaExtensionsTests.Defensive": "PASSED",
  "Kiota.Builder.Tests.Refiners.PythonLanguageRefinerTests.ReplacesDurationByNativeTypeAsync": "PASSED",
  "Kiota.Builder.Tests.Writers.Cli.CliCodeMethodWriterTests.WritesExecutableCommandForPagedGetRequestModel": "PASSED",
  "Kiota.Builder.Tests.Writers.CSharp.CodeMethodWriterTests.WritesMethodSyncDescription": "PASSED",
  "Kiota.Builder.Tests.Writers.CSharp.CodeMethodWriterTests.WritesPublicMethodByDefault": "PASSED",
  "Kiota.Builder.Tests.Writers.Dart.CodeMethodWriterTests.WritesUnionSerializerBody": "PASSED",
  "Kiota.Builder.Tests.Refiners.PhpLanguageRefinerTests.ImportsClassForDiscriminatorReturnsAsync": "PASSED",
  "Kiota.Builder.Tests.Extensions.OpenApiSchemaExtensionsTests.IsArrayFalseOnEmptyItems": "PASSED",
  "Kiota.Builder.Tests.Writers.Java.CodeMethodWriterTests.WritesModelSplitFactoryBody": "PASSED",
  "Kiota.Builder.Tests.Writers.CSharp.CodeMethodWriterTests.WritesRequestGeneratorBodyUnknownRequestBodyType": "PASSED",
  "Kiota.Builder.Tests.Refiners.DartLanguageRefinerTests.ReplacesDateTimeOffsetByNativeType": "PASSED",
  "Kiota.Builder.Tests.Writers.Java.CodeMethodWriterTests.DoesntCreateDictionaryOnEmptyErrorMapping": "PASSED",
  "Kiota.Builder.Tests.Extensions.OpenApiSchemaExtensionsTests.GetSchemaNameOneOfTitleEmpty": "PASSED",
  "Kiota.Builder.Tests.Writers.Cli.CliCodeMethodWriterTests.WritesContainerCommands": "PASSED",
  "Kiota.Builder.Tests.Writers.Php.CodeMethodWriterTests.WritesIntersectionDeSerializerBody": "PASSED",
  "Kiota.Builder.Tests.Writers.CSharp.CodeMethodWriterTests.ConstructorCallsCliBaseClass": "PASSED",
  "Kiota.Builder.Tests.Writers.Dart.CodeMethodWriterTests.WritesRequestBodiesThrowOnNullHttpMethod": "PASSED",
  "Kiota.Builder.Tests.Refiners.RubyLanguageRefinerTests.ReplacesDateTimeOffsetByNativeTypeAsync": "PASSED",
  "Kiota.Builder.Tests.Refiners.JavaLanguageRefinerTests.AddsDefaultImportsAsync": "PASSED",
  "Kiota.Builder.Tests.Refiners.CSharpLanguageRefinerTests.RenamesExceptionClassWithReservedPropertyNameWhenPropertyIsInitiallyAbsentAsync": "PASSED",
  "Kiota.Builder.Tests.Extensions.OpenApiSchemaExtensionsTests.MergesIntersectionRecursively": "PASSED",
  "Kiota.Builder.Tests.Extensions.OpenApiSchemaExtensionsTests.GetSchemaNameAnyOfReference": "PASSED",
  "Kiota.Builder.Tests.Writers.CSharp.CodeMethodWriterTests.WritesMethodWithEmptyStringAsDefaultValueIfNotNullableAndOptional": "PASSED",
  "Kiota.Builder.Tests.Writers.Java.CodeMethodWriterTests.WritesRawUrlConstructor": "PASSED",
  "Kiota.Builder.Tests.Extensions.OpenApiSchemaExtensionsTests.IsEnumIgnoresNullableUnions": "PASSED",
  "Kiota.Builder.Tests.Writers.Dart.CodeMethodWriterTests.DoesntWriteFactorySwitchOnMissingParameter": "PASSED",
  "Kiota.Builder.Tests.Refiners.TypeScriptLanguageRefinerTests.ReplacesGuidsByRespectiveTypeAsync": "PASSED",
  "Kiota.Builder.Tests.Writers.Dart.CodeMethodWriterTests.WritesRequestGeneratorContentTypeQuotes": "PASSED",
  "Kiota.Builder.Tests.Writers.Cli.CliCodeMethodWriterTests.WritesExecutableCommandForPostRequestWithModelBodyAndContentType": "PASSED",
  "Kiota.Builder.Tests.Writers.CSharp.CodeMethodWriterTests.WritesRequestExecutorBodyForCollections": "PASSED",
  "Kiota.Builder.Tests.Writers.Java.CodeMethodWriterTests.WritesRequestGeneratorBodyForParsable": "PASSED",
  "Kiota.Builder.Tests.Refiners.PhpLanguageRefinerTests.RenamesComposedTypeWrapperWhenSimilarClassExistsInNamespaceAsync": "PASSED",
  "Kiota.Builder.Tests.Writers.Dart.CodeMethodWriterTests.DoesntCreateDictionaryOnEmptyErrorMapping": "PASSED",
  "Kiota.Builder.Tests.Extensions.OpenApiSchemaExtensionsTests.IsIntersection": "PASSED",
  "Kiota.Builder.Tests.Writers.CSharp.CodeMethodWriterTests.WritesRequestGeneratorAcceptHeaderQuotes": "PASSED",
  "Kiota.Builder.Tests.Extensions.OpenApiUrlTreeNodeExtensionsTests.GetsClassNameWithSegmentsToSkipForClassNames": "PASSED",
  "Kiota.Builder.Tests.Writers.Java.CodeMethodWriterTests.WritesModelFactoryBody": "PASSED",
  "Kiota.Builder.Tests.Writers.Dart.CodeMethodWriterTests.WritesInheritedDeSerializerBody": "PASSED",
  "Kiota.Builder.Tests.Refiners.CliRefinerTests.RenamesNavPropertiesInIndexersWithConflictsAsync": "PASSED",
  "Kiota.Builder.Tests.Extensions.OpenApiSchemaExtensionsTests.IsEnumDoesNotMaskUnions": "PASSED",
  "Kiota.Builder.Tests.Writers.CSharp.CodeMethodWriterTests.ThrowsOnSetter": "PASSED",
  "Kiota.Builder.Tests.Writers.Go.CodeMethodWriterTests.WritesIndexer": "PASSED",
  "Kiota.Builder.Tests.Writers.Java.CodeMethodWriterTests.WritesConstructor": "PASSED",
  "Kiota.Builder.Tests.Refiners.RubyLanguageRefinerTests.AddsQueryParameterMapperMethodAsync": "PASSED",
  "Kiota.Builder.Tests.Writers.Dart.CodeMethodWriterTests.WritesModelFactoryBody": "PASSED",
  "Kiota.Builder.Tests.Writers.Go.CodeMethodWriterTests.WritesProtectedMethod": "PASSED",
  "Kiota.Builder.Tests.Writers.CSharp.CodeMethodWriterTests.WritesRequestBodiesThrowOnNullHttpMethod": "PASSED",
  "Kiota.Builder.Tests.Writers.Dart.CodeMethodWriterTests.WritesRawUrlConstructor": "PASSED",
  "Kiota.Builder.Tests.Writers.Java.CodeMethodWriterTests.DoesntWriteFactorySwitchOnEmptyPropertyName": "PASSED",
  "Kiota.Builder.Tests.Writers.Php.CodeMethodWriterTests.WritesModelWithBackingStoreConstructorAsync": "PASSED",
  "Kiota.Builder.Tests.Refiners.GoLanguageRefinerTests.AddsUsingsForErrorTypesForRequestExecutorAsync": "PASSED",
  "Kiota.Builder.Tests.Writers.Go.CodeMethodWriterTests.WritesSerializerBackingStoreBody": "PASSED",
  "Kiota.Builder.Tests.Extensions.OpenApiUrlTreeNodeExtensionsTests.IsComplexPathWithAnyNumberOfParameters": "PASSED",
  "Kiota.Builder.Tests.Writers.Cli.CliCodeMethodWriterTests.WritesMatchingIndexerCommandsIntoContainerCommand": "PASSED",
  "Kiota.Builder.Tests.Refiners.PhpLanguageRefinerTests.ReplacesBinaryWithNativeTypeAsync": "PASSED",
  "Kiota.Builder.Tests.Writers.CSharp.CodeMethodWriterTests.WritesRequestGeneratorContentTypeQuotes": "PASSED",
  "Kiota.Builder.Tests.Refiners.DartLanguageRefinerTests.ReplacesIndexersByMethodsWithParameter": "PASSED",
  "Kiota.Builder.Tests.Refiners.CSharpLanguageRefinerTests.ConvertsUnionTypesToWrapperAsync": "PASSED",
  "Kiota.Builder.Tests.Extensions.OpenApiUrlTreeNodeExtensionsTests.DifferentUrlTemplatesPerOperation": "PASSED",
  "Kiota.Builder.Tests.Refiners.TypeScriptLanguageRefinerTests.ReplacesTimeOnlyByNativeTypeAsync": "PASSED",
  "Kiota.Builder.Tests.Writers.TypeScript.CodeFunctionWriterTests.DoesntWriteFactorySwitchOnMissingParameterAsync": "PASSED",
  "Kiota.Builder.Tests.Refiners.PythonLanguageRefinerTests.ConvertsUnionTypesToWrapperAsync": "PASSED",
  "Kiota.Builder.Tests.Writers.Cli.CliCodeMethodWriterTests.WritesExecutableCommandForPostRequestWithModelBody": "PASSED",
  "Kiota.Builder.Tests.Writers.Dart.CodeMethodWriterTests.WritesUnionDeSerializerBody": "PASSED",
  "Kiota.Builder.Tests.WorkspaceManagement.WorkspaceConfigurationStorageServiceTests.ReturnsConfigurationWhenInitializedAsync": "PASSED",
  "Kiota.Builder.Tests.Writers.CSharp.CodeMethodWriterTests.DoesntWriteReadOnlyPropertiesInSerializerBody": "PASSED",
  "Kiota.Builder.Tests.Extensions.OpenApiUrlTreeNodeExtensionsTests.GetsDescription": "PASSED",
  "Kiota.Builder.Tests.Writers.Go.CodeMethodWriterTests.WritesSerializerBody": "PASSED",
  "Kiota.Builder.Tests.Writers.TypeScript.CodeFunctionWriterTests.WritesByteArrayPropertyDeserialization": "PASSED",
  "Kiota.Builder.Tests.Refiners.RubyLanguageRefinerTests.ShortensLongNamespaceNamesAsync": "PASSED",
  "Kiota.Builder.Tests.Writers.Dart.CodeMethodWriterTests.WritesDeprecationInformationFromBuilder": "PASSED",
  "Kiota.Builder.Tests.Writers.Go.CodeMethodWriterTests.WritesGetterToBackingStore": "PASSED",
  "Kiota.Builder.Tests.Writers.CSharp.CodeMethodWriterTests.DoesntCreateDictionaryOnEmptyErrorMapping": "PASSED",
  "Kiota.Builder.Tests.Lock.LockManagementServiceTests.IdentityAsync": "PASSED",
  "Kiota.Builder.Tests.Writers.Dart.CodeMethodWriterTests.WritesRequestGeneratorBodyForParsable": "PASSED",
  "Kiota.Builder.Tests.WorkspaceManagement.WorkspaceConfigurationStorageServiceTests.DefensiveProgrammingAsync": "PASSED",
  "Kiota.Builder.Tests.Refiners.GoLanguageRefinerTests.ReplacesDateOnlyByNativeTypeAsync": "PASSED",
  "Kiota.Builder.Tests.Writers.Cli.CliCodeMethodWriterTests.WritesExecutableCommandWithRelatedLinksInDescription": "PASSED",
  "Kiota.Builder.Tests.Writers.Java.CodeMethodWriterTests.WritesModelFactoryBodyForUnionModels": "PASSED",
  "Kiota.Builder.Tests.Writers.CSharp.CodeMethodWriterTests.WritesApiConstructor": "PASSED",
  "Kiota.Builder.Tests.WorkspaceManagement.WorkspaceConfigurationStorageServiceTests.ReturnsNullOnNonInitializedAsync": "PASSED",
  "Kiota.Builder.Tests.Refiners.DartLanguageRefinerTests.NormalizeInheritedClassesNames": "PASSED",
  "Kiota.Builder.Tests.Writers.CSharp.CodeMethodWriterTests.WritesRequestGeneratorBodyKnownRequestBodyType": "PASSED",
  "Kiota.Builder.Tests.Refiners.PhpLanguageRefinerTests.AddsExceptionInheritanceOnErrorClassesAsync": "PASSED",
  "Kiota.Builder.Tests.Writers.Cli.CliCodeMethodWriterTests.WritesContainerCommandWithConflictingTypes": "PASSED",
  "Kiota.Builder.Tests.Writers.Php.CodeMethodWriterTests.WriteFactoryMethodAsync": "PASSED",
  "Kiota.Builder.Tests.Extensions.OpenApiUrlTreeNodeExtensionsTests.SanitizesAtSign": "PASSED",
  "Kiota.Builder.Tests.Extensions.OpenApiUrlTreeNodeExtensionsTests.IsPathWithSingleSimpleParameter": "PASSED",
  "Kiota.Builder.Tests.Refiners.TypeScriptLanguageRefinerTests.DoesNotKeepCancellationParametersInRequestExecutorsAsync": "PASSED",
  "Kiota.Builder.Tests.Extensions.OpenApiUrlTreeNodeExtensionsTests.DoesNodeBelongToItemSubnamespace": "PASSED",
  "Kiota.Builder.Tests.Writers.Java.CodeMethodWriterTests.DoesntWriteReadOnlyPropertiesInSerializerBody": "PASSED",
  "Kiota.Builder.Tests.Writers.CSharp.CodeMethodWriterTests.WritesWithUrl": "PASSED",
  "Kiota.Builder.Tests.Refiners.CSharpLanguageRefinerTests.InlineParentOnErrorClassesWhichAlreadyInheritAsync": "PASSED",
  "Kiota.Builder.Tests.Writers.Cli.CliCodeMethodWriterTests.WritesExecutableCommandForPostRequestWithCollectionModel": "PASSED",
  "Kiota.Builder.Tests.Writers.Java.CodeMethodWriterTests.DoesntWriteFactorySwitchOnEmptyMappings": "PASSED",
  "Kiota.Builder.Tests.Refiners.JavaLanguageRefinerTests.InlineParentOnErrorClassesWhichAlreadyInheritAsync": "PASSED",
  "Kiota.Builder.Tests.Writers.Php.CodePropertyWriterTests.WritePropertyRequestBuilder": "PASSED",
  "Kiota.Builder.Tests.Writers.Dart.CodeMethodWriterTests.WritesIntersectionSerializerBody": "PASSED",
  "Kiota.Builder.Tests.Writers.CSharp.CodeMethodWriterTests.WritesApiConstructorWithBackingStore": "PASSED",
  "Kiota.Builder.Tests.Extensions.OpenApiUrlTreeNodeExtensionsTests.GeneratesOnlyOptionalQueryParametersInOperation": "PASSED",
  "Kiota.Builder.Tests.Writers.CSharp.CodeMethodWriterTests.WritesProtectedMethod": "PASSED",
  "Kiota.Builder.Tests.Writers.Dart.CodeMethodWriterTests.WritesInheritedSerializerBody": "PASSED",
  "Kiota.Builder.Tests.Writers.Cli.CliCodeMethodWriterTests.WritesExecutableCommandForPostRequestWithStreamBody": "PASSED",
  "Kiota.Builder.Tests.Writers.CSharp.CodeMethodWriterTests.WritesRequestGeneratorBodyForMultipart": "PASSED",
  "Kiota.Builder.Tests.Refiners.RubyLanguageRefinerTests.AddNamespaceModuleImportsAsync": "PASSED",
  "Kiota.Builder.Tests.Writers.Cli.CliCodeMethodWriterTests.WritesIndexerCommands": "PASSED",
  "Kiota.Builder.Tests.Writers.CSharp.CodeMethodWriterTests.DoesntWriteFactorySwitchOnMissingParameter": "PASSED",
  "Kiota.Builder.Tests.Lock.LockManagementServiceTests.UsesRelativePathsAsync": "PASSED",
  "Kiota.Builder.Tests.Writers.CSharp.CodeMethodWriterTests.WritesReturnType": "PASSED",
  "Kiota.Builder.Tests.Writers.Go.CodeMethodWriterTests.WritesRequestGeneratorBodyForParsableAsync": "PASSED",
  "Kiota.Builder.Tests.Writers.Cli.CliCodeMethodWriterTests.WritesExecutableCommandForGetRequestPrimitive": "PASSED",
  "Kiota.Builder.Tests.Writers.Go.CodeMethodWriterTests.WritesRawUrlConstructor": "PASSED",
  "Kiota.Builder.Tests.Writers.CSharp.CodeMethodWriterTests.WritesIntersectionSerializerBody": "PASSED",
  "Kiota.Builder.Tests.Writers.Cli.CliCodeMethodWriterTests.WritesRootCommandWithCommandBuilderMethods": "PASSED",
  "Kiota.Builder.Tests.Refiners.JavaLanguageRefinerTests.AddsExceptionInheritanceOnErrorClassesAsync": "PASSED",
  "Kiota.Builder.Tests.Refiners.GoLanguageRefinerTests.AddsUsingsForFactoryMethodsAsync": "PASSED",
  "Kiota.Builder.Tests.Writers.TypeScript.CodeFileWriterTests.WritesAutoGenerationStartAsync": "PASSED",
  "Kiota.Builder.Tests.Refiners.PhpLanguageRefinerTests.AddsDefaultImportsAsync": "PASSED",
  "Kiota.Builder.Tests.Writers.Java.CodeMethodWriterTests.AccessorsTargetingEscapedPropertiesAreNotEscapedThemselvesAsync": "PASSED",
  "Kiota.Builder.Tests.WorkspaceManagement.WorkspaceConfigurationStorageServiceTests.ReturnsIsInitializedAsync": "PASSED",
  "Kiota.Builder.Tests.Writers.Go.CodeMethodWriterTests.DoesntWriteFactorySwitchOnMissingParameter": "PASSED",
  "Kiota.Builder.Tests.Refiners.RubyLanguageRefinerTests.DoesNotKeepCancellationParametersInRequestExecutorsAsync": "PASSED",
  "Kiota.Builder.Tests.Refiners.CSharpLanguageRefinerTests.ReplacesIndexerTimeOnlyTypeWithAbstractedTimeTypeAsync": "PASSED",
  "Kiota.Builder.Tests.Refiners.DartLanguageRefinerTests.CorrectsCoreType": "PASSED",
  "Kiota.Builder.Tests.Writers.Php.CodeMethodWriterTests.WritesRequestExecutorForEnumTypesAsync": "PASSED",
  "Kiota.Builder.Tests.Writers.Cli.CliCodeMethodWriterTests.WritesRequestBuilderWithParametersCommands": "PASSED",
  "Kiota.Builder.Tests.Writers.Php.CodeMethodWriterTests.WritesRequestGeneratorAcceptHeaderQuotes": "PASSED",
  "Kiota.Builder.Tests.Writers.Go.CodeMethodWriterTests.WritesApiConstructorWithBackingStore": "PASSED",
  "Kiota.Builder.Tests.Refiners.GoLanguageRefinerTests.AddsUsingForUntypedNodeInMethodParameterAsync": "PASSED",
  "Kiota.Builder.Tests.Writers.CSharp.CodeMethodWriterTests.WritesIntersectionDeSerializerBody": "PASSED",
  "Kiota.Builder.Tests.Writers.Cli.CliCodeMethodWriterTests.WritesExecutableCommandForDeleteRequest": "PASSED",
  "Kiota.Builder.Tests.Writers.CSharp.CodeMethodWriterTests.WritesMethodAsyncDescription": "PASSED",
  "Kiota.Builder.Tests.Lock.LockManagementServiceTests.DeletesALockAsync": "PASSED",
  "Kiota.Builder.Tests.Refiners.PythonLanguageRefinerTests.InlineParentOnErrorClassesWhichAlreadyInheritAsync": "PASSED",
  "Kiota.Builder.Tests.Writers.CSharp.CodeMethodWriterTests.WritesDeprecationInformationFromBuilder": "PASSED",
  "Kiota.Builder.Tests.WorkspaceManagement.WorkspaceConfigurationStorageServiceTests.FailsOnDoubleInitAsync": "PASSED",
  "Kiota.Builder.Tests.Writers.CSharp.CodeMethodWriterTests.WritesModelFactoryBodyForInheritedModels": "PASSED",
  "Kiota.Builder.Tests.Refiners.PhpLanguageRefinerTests.ReplacesRequestBuilderPropertiesByMethodsAsync": "PASSED",
  "Kiota.Builder.Tests.Writers.Java.CodeMethodWriterTests.WritesInheritedSerializerBody": "PASSED",
  "Kiota.Builder.Tests.Refiners.DartLanguageRefinerTests.AddsExceptionInheritanceOnErrorClasses": "PASSED",
  "Kiota.Builder.Tests.Lock.LockManagementServiceTests.DefensiveProgrammingAsync": "PASSED",
  "Kiota.Builder.Tests.Refiners.RubyLanguageRefinerTests.DoesNotCorrectNamesWhenCollisionOccursAsync": "PASSED",
  "Kiota.Builder.Tests.WorkspaceManagement.WorkspaceConfigurationStorageServiceTests.DoesNotReturnIsInitializedAsync": "PASSED",
  "Kiota.Builder.Tests.Writers.CSharp.CodeMethodWriterTests.DoesntWriteFactorySwitchOnEmptyPropertyName": "PASSED",
  "Kiota.Builder.Tests.Writers.Cli.CliCodeMethodWriterTests.WritesMatchingIndexerCommandsIntoExecutableCommand": "PASSED",
  "Kiota.Builder.Tests.Writers.Go.CodeMethodWriterTests.WritesUnionSerializerBody": "PASSED",
  "Kiota.Builder.Tests.Writers.Go.CodeMethodWriterTests.WritesRequestGeneratorAcceptHeaderQuotes": "PASSED",
  "Kiota.Builder.Tests.Writers.Java.CodeMethodWriterTests.WritesApiConstructorWithBackingStore": "PASSED",
  "Kiota.Builder.Tests.Writers.Go.CodeMethodWriterTests.DoesntWriteFactorySwitchOnEmptyMappings": "PASSED",
  "Kiota.Builder.Tests.Refiners.PythonLanguageRefinerTests.AddsQueryParameterMapperMethodAfterManglingAsync": "PASSED",
  "Kiota.Builder.Tests.Writers.Java.CodeMethodWriterTests.WritesSerializerBody": "PASSED",
  "Kiota.Builder.Tests.Refiners.GoLanguageRefinerTests.AddsUsingsForDiscriminatorTypesAsync": "PASSED",
  "Kiota.Builder.Tests.Writers.CSharp.CodeMethodWriterTests.WritesUnionDeSerializerBody": "PASSED",
  "Kiota.Builder.Tests.Writers.Java.CodeMethodWriterTests.WritePeriodAndDurationSetterToField": "PASSED",
  "Kiota.Builder.Tests.Writers.CSharp.CodeMethodWriterTests.WritesRequestGeneratorBodyForScalar": "PASSED",
  "Kiota.Builder.Tests.Writers.Java.CodeMethodWriterTests.WritesRequestGeneratorBodyKnownRequestBodyType": "PASSED",
  "Kiota.Builder.Tests.Writers.CSharp.CodeMethodWriterTests.DoesNotWriteDeprecatedBodyParameterRequestBuilder": "PASSED",
  "Kiota.Builder.Tests.Writers.Java.CodeMethodWriterTests.Defensive": "PASSED",
  "Kiota.Builder.Tests.Writers.CSharp.CodeMethodWriterTests.DoesNotAddUndefinedOnNonNullableReturnType": "PASSED",
  "Kiota.Builder.Tests.Extensions.OpenApiUrlTreeNodeExtensionsTests.repro4085": "PASSED",
  "Kiota.Builder.Tests.Writers.Php.CodeMethodWriterTests.WritesModelFactoryBodyForUnionModels": "PASSED",
  "Kiota.Builder.Tests.WorkspaceManagement.WorkspaceConfigurationStorageServiceTests.InitializesAsync": "PASSED",
  "Kiota.Builder.Tests.Refiners.RubyLanguageRefinerTests.ReplacesDurationByNativeTypeAsync": "PASSED",
  "Kiota.Builder.Tests.Extensions.OpenApiUrlTreeNodeExtensionsTests.GeneratesOnlyOptionalQueryParametersInPathItem": "PASSED",
  "Kiota.Builder.Tests.Writers.Go.CodeMethodWriterTests.WritesModelFactoryBodyForIntersectionModels": "PASSED",
  "Kiota.Builder.Tests.Writers.TypeScript.CodeFunctionWriterTests.Writes_CodeUnionBetweenObjectsAndPrimitiveTypes_SerializerAsync": "PASSED",
  "Kiota.Builder.Tests.Writers.CSharp.CodeMethodWriterTests.Defensive": "PASSED",
  "Kiota.Builder.Tests.Refiners.DartLanguageRefinerTests.AddsUsingsForErrorTypesForRequestExecutor": "PASSED",
  "Kiota.Builder.Tests.Writers.Go.CodeMethodWriterTests.WritesPrivateMethod": "PASSED",
  "Kiota.Builder.Tests.Refiners.JavaLanguageRefinerTests.CorrectsCoreTypeAsync": "PASSED",
  "Kiota.Builder.Tests.Writers.CSharp.CodeMethodWriterTests.WritesRequestGeneratorBodyForParsable": "PASSED",
  "Kiota.Builder.Tests.Writers.Java.CodeMethodWriterTests.WritesDeSerializerBody": "PASSED",
  "Kiota.Builder.Tests.Refiners.PythonLanguageRefinerTests.AddsQueryParameterMapperMethodAsync": "PASSED",
  "Kiota.Builder.Tests.Writers.Go.CodeMethodWriterTests.WritesWithUrl": "PASSED",
  "Kiota.Builder.Tests.Writers.Php.CodeMethodWriterTests.WritesUnionSerializerBody": "PASSED",
  "Kiota.Builder.Tests.Writers.Java.CodeMethodWriterTests.WritesNullableVoidTypeForExecutor": "PASSED",
  "Kiota.Builder.Tests.Extensions.OpenApiUrlTreeNodeExtensionsTests.SinglePathParametersAreDeduplicatedAndOrderIsRespected": "PASSED",
  "Kiota.Builder.Tests.Writers.CSharp.CodeMethodWriterTests.WritesUnionSerializerBody": "PASSED",
  "Kiota.Builder.Tests.Extensions.OpenApiUrlTreeNodeExtensionsTests.GetNodeNamespaceFromPath": "PASSED",
  "Kiota.Builder.Tests.Writers.Go.CodeMethodWriterTests.WritesMethodSyncDescription": "SKIPPED",
  "Kiota.Builder.Tests.Writers.Java.CodeMethodWriterTests.WritesMethodDescriptionLink": "PASSED",
  "Kiota.Builder.Tests.Writers.Php.CodeMethodWriterTests.WritesRequestGeneratorBodyUnknownRequestBodyType": "PASSED",
  "Kiota.Builder.Tests.Writers.Go.CodeMethodWriterTests.WritesPathParameterRequestBuilder": "PASSED",
  "Kiota.Builder.Tests.Extensions.OpenApiUrlTreeNodeExtensionsTests.GeneratesRequiredQueryParametersAndOptionalMixInPathItem": "PASSED",
  "Kiota.Builder.Tests.Writers.Java.CodeMethodWriterTests.WritesRequestGeneratorContentTypeQuotes": "PASSED",
  "Kiota.Builder.Tests.Writers.Go.CodeMethodWriterTests.WritesDeSerializerBody": "PASSED",
  "Kiota.Builder.Tests.Writers.Php.CodeMethodWriterTests.WriteSetter": "PASSED",
  "Kiota.Builder.Tests.Writers.Java.CodeMethodWriterTests.WritesSetterToBackingStore": "PASSED",
  "Kiota.Builder.Tests.Extensions.OpenApiUrlTreeNodeExtensionsTests.GetUrlTemplateCleansInvalidParameters": "PASSED",
  "Kiota.Builder.Tests.Writers.Java.CodeMethodWriterTests.WritesRequestGeneratorBodyUnknownRequestBodyType": "PASSED",
  "Kiota.Builder.Tests.Refiners.RubyLanguageRefinerTests.ReplacesDateOnlyByNativeTypeAsync": "PASSED",
  "Kiota.Builder.Tests.Writers.Java.CodeMethodWriterTests.WritesRequestExecutorOverloadBody": "PASSED",
  "Kiota.Builder.Tests.Extensions.OpenApiUrlTreeNodeExtensionsTests.SinglePathParametersAreDeduplicated": "PASSED",
  "Kiota.Builder.Tests.Extensions.OpenApiUrlTreeNodeExtensionsTests.Defensive": "PASSED",
  "Kiota.Builder.Tests.Writers.Java.CodeMethodWriterTests.WritesDeprecationInformation": "PASSED",
  "Kiota.Builder.Tests.Refiners.DartLanguageRefinerTests.ReplacesTimeSpanByNativeType": "PASSED",
  "Kiota.Builder.Tests.Extensions.OpenApiUrlTreeNodeExtensionsTests.GetsClassNameWithIndexerAndExtension": "PASSED",
  "Kiota.Builder.Tests.Extensions.OpenApiUrlTreeNodeExtensionsTests.GeneratesRequiredQueryParametersAndOptionalMixInOperation": "PASSED",
  "Kiota.Builder.Tests.Extensions.OpenApiUrlTreeNodeExtensionsTests.GeneratesOnlyRequiredQueryParametersInOperation": "PASSED",
  "Kiota.Builder.Tests.Refiners.PythonLanguageRefinerTests.EscapesReservedKeywordsAsync": "PASSED",
  "Kiota.Builder.Tests.Writers.TypeScript.CodeFunctionWriterTests.WritesDeSerializerBodyAsync": "PASSED",
  "Kiota.Builder.Tests.Writers.Java.CodeMethodWriterTests.WritesModelFactoryBodyForIntersectionModels": "PASSED",
  "Kiota.Builder.Tests.Writers.Java.CodeMethodWriterTests.WritesApiConstructor": "PASSED",
  "Kiota.Builder.Tests.Writers.Java.CodeMethodWriterTests.WritesReturnType": "PASSED",
  "Kiota.Builder.Tests.Writers.Java.CodeMethodWriterTests.WritesGetterToFieldWithEnumSetParameter": "PASSED",
  "Kiota.Builder.Tests.Writers.Go.CodeMethodWriterTests.WritesRequestGeneratorBodyForScalarCollectionAsync": "PASSED",
  "Kiota.Builder.Tests.Writers.Java.CodeMethodWriterTests.WritesDeprecationInformationFromBuilder": "PASSED",
  "Kiota.Builder.Tests.Writers.Php.CodeMethodWriterTests.WriteErrorMessageOverrideAsync": "PASSED",
  "Kiota.Builder.Tests.Writers.Java.CodeMethodWriterTests.WritesRequestGeneratorAcceptHeaderQuotes": "PASSED",
  "Kiota.Builder.Tests.Refiners.RubyLanguageRefinerTests.AddsDefaultImportsAsync": "PASSED",
  "Kiota.Builder.Tests.Writers.Java.CodeMethodWriterTests.WritesRequestExecutorBodyForCollections": "PASSED",
  "Kiota.Builder.Tests.Writers.Java.CodeMethodWriterTests.WritesGetterToBackingStore": "PASSED",
  "Kiota.Builder.Tests.Writers.Java.CodeMethodWriterTests.WritesInheritedDeSerializerBody": "PASSED",
  "Kiota.Builder.Tests.Writers.Java.CodeMethodWriterTests.DoesNotWriteConstructorWithDefaultFromComposedType": "PASSED",
  "Kiota.Builder.Tests.WorkspaceManagement.WorkspaceManagementServiceTests.Defensive": "PASSED",
  "Kiota.Builder.Tests.Writers.Php.CodeMethodWriterTests.WritesUnionDeSerializerBody": "PASSED",
  "Kiota.Builder.Tests.Refiners.DartLanguageRefinerTests.DoesNotKeepCancellationParametersInRequestExecutors": "PASSED",
  "Kiota.Builder.Tests.Writers.Java.CodeMethodWriterTests.WritesRequestBodiesThrowOnNullHttpMethod": "PASSED",
  "Kiota.Builder.Tests.WorkspaceManagement.WorkspaceConfigurationStorageServiceTests.BackupsAndRestoresAsync": "PASSED",
  "Kiota.Builder.Tests.Writers.Java.CodeMethodWriterTests.ThrowsIfParentIsNotClass": "PASSED",
  "Kiota.Builder.Tests.Writers.Java.CodeMethodWriterTests.WritesPrivateMethod": "PASSED",
  "Kiota.Builder.Tests.Refiners.PythonLanguageRefinerTests.ReplacesTimeOnlyByNativeTypeAsync": "PASSED",
  "Kiota.Builder.Tests.Writers.Go.CodeMethodWriterTests.WritesRequestGeneratorBodyForScalarAsync": "PASSED",
  "Kiota.Builder.Tests.Writers.Java.CodeMethodWriterTests.WritesIntersectionDeSerializerBody": "PASSED",
  "Kiota.Builder.Tests.Writers.Go.CodeMethodWriterTests.WritesDescription": "PASSED",
  "Kiota.Builder.Tests.Writers.Java.CodeMethodWriterTests.WritesRequestGeneratorBodyForScalar": "PASSED",
  "Kiota.Builder.Tests.Refiners.RubyLanguageRefinerTests.ConvertEnumsToPascalCaseAsync": "PASSED",
  "Kiota.Builder.Tests.Writers.Java.CodeMethodWriterTests.WritesGetterToField": "PASSED",
  "Kiota.Builder.Tests.Writers.Go.CodeMethodWriterTests.WritesModelFactoryBody": "PASSED",
  "Kiota.Builder.Tests.Writers.Java.CodeMethodWriterTests.WritesQueryParametersExtractor": "PASSED",
  "Kiota.Builder.Tests.Refiners.PythonLanguageRefinerTests.ReplacesDateTimeOffsetByNativeTypeAsync": "PASSED",
  "Kiota.Builder.Tests.Writers.Java.CodeMethodWriterTests.WritesUnionDeSerializerBody": "PASSED",
  "Kiota.Builder.Tests.Writers.Php.CodeMethodWriterTests.WritesSettersWithBackingStoreAsync": "PASSED",
  "Kiota.Builder.Tests.Refiners.JavaLanguageRefinerTests.ConvertEnumsToPascalCaseAsync": "PASSED",
  "Kiota.Builder.Tests.SearchProviders.GitHub.Authentication.TempFolderTokenStorageServiceTests.DeletesAsync": "PASSED",
  "Kiota.Builder.Tests.Writers.Php.CodeMethodWriterTests.WritesRequestGeneratorBodyWhenUrlTemplateIsOverrode": "PASSED",
  "Kiota.Builder.Tests.Refiners.RubyLanguageRefinerTests.CorrectsCoreTypesAsync": "PASSED",
  "Kiota.Builder.Tests.Refiners.PythonLanguageRefinerTests.AddsUsingsForErrorTypesForRequestExecutorAsync": "PASSED",
  "Kiota.Builder.Tests.Writers.Go.CodeMethodWriterTests.WritesRequestGeneratorBodyWhenUrlTemplateIsOverrodeAsync": "PASSED",
  "Kiota.Builder.Tests.Writers.Go.CodeMethodWriterTests.DoesntWriteReadOnlyPropertiesInSerializerBody": "PASSED",
  "Kiota.Builder.Tests.Writers.Go.CodeMethodWriterTests.WritesRequestGeneratorBodyKnownRequestBodyType": "PASSED",
  "Kiota.Builder.Tests.Refiners.JavaLanguageRefinerTests.AddsUsingForUntypedNodeInMethodParameterAsync": "PASSED",
  "Kiota.Builder.Tests.Writers.Go.CodeMethodWriterTests.DoesNotAddAsyncInformationOnSyncMethods": "PASSED",
  "Kiota.Builder.Tests.Writers.Go.CodeMethodWriterTests.WritesRequestExecutorBody": "PASSED",
  "Kiota.Builder.Tests.Refiners.PythonLanguageRefinerTests.AddsExceptionInheritanceOnErrorClassesAsync": "PASSED",
  "Kiota.Builder.Tests.SearchProviders.GitHub.Authentication.TempFolderTokenStorageServiceTests.GetsAsync": "PASSED",
  "Kiota.Builder.Tests.Writers.Go.CodeMethodWriterTests.WritesIntersectionSerializerBody": "PASSED",
  "Kiota.Builder.Tests.Refiners.CSharpLanguageRefinerTests.ReplacesIndexerLocallyDefinedDateOnlyTypeWithAbstractedDateTypeAsync": "PASSED",
  "Kiota.Builder.Tests.Refiners.JavaLanguageRefinerTests.DoesNotKeepCancellationParametersInRequestExecutorsAsync": "PASSED",
  "Kiota.Builder.Tests.Writers.Go.CodeMethodWriterTests.WritesInheritedSerializerBody": "PASSED",
  "Kiota.Builder.Tests.Refiners.PythonLanguageRefinerTests.ReplacesDateOnlyByNativeTypeAsync": "PASSED",
  "Kiota.Builder.Tests.Writers.Go.CodeMethodWriterTests.WritesPublicMethodByDefault": "PASSED",
  "Kiota.Builder.Tests.Writers.Go.CodeMethodWriterTests.WritesGetterToBackingStoreWithNonnullProperty": "PASSED",
  "Kiota.Builder.Tests.Writers.Go.CodeMethodWriterTests.WritesIndexerWithUuidParam": "PASSED",
  "Kiota.Builder.Tests.Refiners.JavaLanguageRefinerTests.EscapesReservedKeywordsAsync": "PASSED",
  "Kiota.Builder.Tests.Validation.UrlFormEncodedComplexTests.AddsAWarningWhenUrlEncodedComplexPropertyOnResponse": "PASSED",
  "Kiota.Builder.Tests.Validation.GetWithBodyTests.AddsAWarningWhenGetWithBody": "PASSED",
  "Kiota.Builder.Tests.Validation.MultipleServerEntriesTests.AddsAWarningWhenMultipleServersPresent": "PASSED",
  "Kiota.Builder.Tests.Validation.NoContentWithBodyTests.DoesntAddAWarningWhen200WithBody": "PASSED",
  "Kiota.Builder.Tests.Validation.DivergentResponseSchemaTests.AddsAWarningWhenBodyIsDivergent": "PASSED",
  "Kiota.Builder.Tests.Validation.KnownAndNotSupportedFormatsTests.AddsAWarningWhenKnownUnsupportedFormat": "PASSED",
  "Kiota.Builder.Tests.Validation.NoServerEntryTests.AddsAWarningWhenNoServersPresent": "PASSED",
  "Kiota.Builder.Tests.Validation.UrlFormEncodedComplexTests.DoesntAddAWarningOnArrayProperty": "PASSED",
  "Kiota.Builder.Tests.Validation.InconsistentTypeFormatPairTests.DoesntAddAWarningWhenSupportedPair": "PASSED",
  "Kiota.Builder.Tests.Validation.DivergentResponseSchemaTests.DoesntAddAWarningWhenUsing2XX": "PASSED",
  "Kiota.Builder.Tests.Validation.KnownAndNotSupportedFormatsTests.DoesntAddAWarningWhenSupportedFormat": "PASSED",
  "Kiota.Builder.Tests.Validation.NoContentWithBodyTests.DoesntAddAWarningWhen204WithNoBody": "PASSED",
  "Kiota.Builder.Tests.Validation.GetWithBodyTests.DoesntAddAWarningWhenPostWithBody": "PASSED",
  "Kiota.Builder.Tests.Validation.MultipleServerEntriesTests.DoesntAddAWarningWhenSingleServerPresent": "PASSED",
  "Kiota.Builder.Tests.Validation.NoServerEntryTests.DoesntAddAWarningWhenServerPresent": "PASSED",
  "Kiota.Builder.Tests.Writers.Go.CodeMethodWriterTests.AccessorsTargetingEscapedPropertiesAreNotEscapedThemselvesAsync": "PASSED",
  "Kiota.Builder.Writers.TypeScript.Tests.CodeUnionTypeWriterTests.WriteCodeElement_ShouldThrowInvalidOperationException_WhenTypesIsEmpty": "PASSED",
  "Kiota.Builder.Tests.Refiners.PythonLanguageRefinerTests.CorrectsCoreTypeAsync": "PASSED",
  "Kiota.Builder.Tests.Validation.DivergentResponseSchemaTests.DoesntAddAWarningWhenBodyIsSingle": "PASSED",
  "Kiota.Builder.Tests.Validation.InconsistentTypeFormatPairTests.DoesntAddWarningOnNullable": "PASSED",
  "Kiota.Builder.Writers.TypeScript.Tests.CodeUnionTypeWriterTests.WriteCodeElement_ShouldWriteCorrectOutput_WhenTypesIsNotEmpty": "PASSED",
  "Kiota.Builder.Tests.Validation.NoContentWithBodyTests.AddsAWarningWhen204WithBody": "PASSED",
  "Kiota.Builder.Tests.Writers.Go.CodeMethodWriterTests.WritesRequestBodiesThrowOnNullHttpMethod": "PASSED",
  "Kiota.Builder.Tests.Validation.KnownAndNotSupportedFormatsTests.DoesntFailWhenNoFormat": "PASSED",
  "Kiota.Builder.Tests.Validation.GetWithBodyTests.DoesntAddAWarningWhenGetWithNoBody": "PASSED",
  "Kiota.Builder.Tests.Validation.UrlFormEncodedComplexTests.AddsAWarningWhenUrlEncodedComplexPropertyOnRequestBody": "PASSED",
  "Kiota.Builder.Writers.TypeScript.Tests.CodeUnionTypeWriterTests.WriteCodeElement_ShouldThrowArgumentNullException_WhenCodeElementIsNull": "PASSED",
  "Kiota.Builder.Tests.Refiners.JavaLanguageRefinerTests.ProduceCorrectNamesAsync": "PASSED",
  "Kiota.Builder.Tests.Writers.Go.CodeMethodWriterTests.WritesRequestExecutorBodyForEnum": "PASSED",
  "Kiota.Builder.Tests.Writers.Go.CodeMethodWriterTests.DoesntCreateDictionaryOnEmptyErrorMapping": "PASSED",
  "Kiota.Builder.Writers.TypeScript.Tests.CodeUnionTypeWriterTests.WriteCodeElement_ShouldThrowArgumentNullException_WhenWriterIsNull": "PASSED",
  "Kiota.Builder.Tests.Validation.InconsistentTypeFormatPairTests.DoesntFailWhenKnownAlternative": "PASSED",
  "Kiota.Builder.Tests.Validation.UrlFormEncodedComplexTests.DoesntAddAWarningWhenNotUrlEncoded": "PASSED",
  "Kiota.Builder.Tests.Writers.Go.CodeMethodWriterTests.WritesUnionDeSerializerBody": "PASSED",
  "Kiota.Builder.Tests.Validation.UrlFormEncodedComplexTests.AddsAWarningWhenUrlEncodedNotObjectResponse": "PASSED",
  "Kiota.Builder.Tests.KiotaSearcherTests.DoesntFailOnEmptyTermAsync": "PASSED",
  "Kiota.Builder.Tests.Validation.UrlFormEncodedComplexTests.AddsAWarningWhenUrlEncodedNotObjectRequestBody": "PASSED",
  "Kiota.Builder.Tests.Validation.InconsistentTypeFormatPairTests.AddsAWarningWhenKnownInconsistentPair": "PASSED",
  "Kiota.Builder.Tests.Refiners.JavaLanguageRefinerTests.DoesNotReplacesReservedEnumOptionsAsync": "PASSED",
  "Kiota.Builder.Tests.Validation.UrlFormEncodedComplexTests.DoesntAddAWarningWhenUrlEncoded": "PASSED",
  "Kiota.Builder.Tests.Refiners.PythonLanguageRefinerTests.AddsDefaultImportsAsync": "PASSED",
  "Kiota.Builder.Writers.TypeScript.Tests.CodeIntersectionTypeWriterTests.WriteCodeElement_ShouldThrowArgumentNullException_WhenWriterIsNull": "PASSED",
  "Kiota.Builder.Writers.TypeScript.Tests.CodeIntersectionTypeWriterTests.WriteCodeElement_ShouldThrowArgumentNullException_WhenCodeElementIsNull": "PASSED",
  "Kiota.Builder.Tests.Writers.Go.CodeMethodWriterTests.WritesModelFactoryBodyForUnionModels": "PASSED",
  "Kiota.Builder.Tests.Writers.Go.CodeMethodWriterTests.WritesConstructorWithEnumValue": "PASSED",
  "Kiota.Builder.Writers.TypeScript.Tests.CodeIntersectionTypeWriterTests.WriteCodeElement_ShouldThrowInvalidOperationException_WhenTypesIsEmpty": "PASSED",
  "Kiota.Builder.Tests.Writers.Go.CodeMethodWriterTests.WritesDeprecationInformation": "PASSED",
  "Kiota.Builder.Tests.Writers.Go.CodeMethodWriterTests.Defensive": "PASSED",
  "Kiota.Builder.Tests.Refiners.GoLanguageRefinerTests.AddsInnerClassesAsync": "PASSED",
  "Kiota.Builder.Tests.OrderComparers.CodeParameterOrderComparerTests.DefensiveProgramming": "PASSED",
  "Kiota.Builder.Tests.Writers.Go.CodeMethodWriterTests.DoesntWriteFactorySwitchOnEmptyPropertyName": "PASSED",
  "Kiota.Builder.Tests.Refiners.CSharpLanguageRefinerTests.DoesNotReplaceNonExceptionPropertiesNamesAsync": "PASSED",
  "Kiota.Builder.Tests.Refiners.JavaLanguageRefinerTests.EscapesReservedKeywordsInInternalDeclarationAsync": "PASSED",
  "Kiota.Builder.Tests.Writers.Go.CodeMethodWriterTests.WritesSetterToField": "PASSED",
  "Kiota.Builder.Tests.OrderComparers.CodeParameterOrderComparerTests.CancellationParameterIsAfterRequestConfigurationByDefaultWithNamesInReverseOrder": "PASSED",
  "Kiota.Builder.Tests.Writers.Go.CodeMethodWriterTests.WritesReturnType": "PASSED",
  "Kiota.Builder.Tests.OrderComparers.CodeParameterOrderComparerTests.CancellationParameterIsAfterRequestConfigurationByDefault": "PASSED",
  "Kiota.Builder.Tests.OrderComparers.CodeParameterOrderComparerTests.PythonDefaultsBeforeNonDefaults": "PASSED",
  "Kiota.Builder.Tests.OpenApiExtensions.OpenApiDescriptionForModelExtensionTests.ParsesInDocumentAsync": "PASSED",
  "Kiota.Builder.Tests.OpenApiExtensions.OpenApiAiReasoningInstructionsExtensionTests.ParsesInDocumentAsync": "PASSED",
  "Kiota.Builder.Tests.OpenApiExtensions.OpenApiDescriptionForModelExtensionTests.Serializes": "PASSED",
  "Kiota.Builder.Tests.OpenApiExtensions.OpenApiAiReasoningInstructionsExtensionTests.Parses": "PASSED",
  "Kiota.Builder.Tests.Refiners.JavaLanguageRefinerTests.ReplacesTimeOnlyByNativeTypeAsync": "PASSED",
  "Kiota.Builder.Tests.Writers.Go.CodeMethodWriterTests.WritesRequestGeneratorBodyForParsableCollectionAsync": "PASSED",
  "Kiota.Builder.Tests.OpenApiExtensions.OpenApiAiRespondingInstructionsExtensionTests.ParsesInDocumentAsync": "PASSED",
  "Kiota.Builder.Tests.Refiners.GoLanguageRefinerTests.ReplacesModelsByInnerInterfacesAsync": "PASSED",
  "Kiota.Builder.Tests.Writers.Go.CodeMethodWriterTests.WritesRequestBuilder": "PASSED",
  "Kiota.Builder.Tests.OpenApiExtensions.OpenApiAiReasoningInstructionsExtensionTests.Serializes": "PASSED",
  "Kiota.Builder.Tests.Writers.Go.CodeMethodWriterTests.WritesRequestGeneratorContentTypeQuotes": "PASSED",
  "Kiota.Builder.Tests.Writers.CommonLanguageConventionServiceTests.TranslatesType": "PASSED",
  "Kiota.Builder.Tests.Refiners.JavaLanguageRefinerTests.AddsEnumSetImportAsync": "PASSED",
  "Kiota.Builder.Tests.Refiners.GoLanguageRefinerTests.RenamesCancellationParametersInRequestExecutorsAsync": "PASSED",
  "Kiota.Builder.Tests.Refiners.CSharpLanguageRefinerTests.ReplacesDateOnlyByNativeTypeAsync": "PASSED",
  "Kiota.Builder.Tests.OpenApiExtensions.OpenApiAiAdaptiveCardExtensionTest.ParsesInDocumentAsync": "PASSED",
  "Kiota.Builder.Tests.OpenApiExtensions.OpenApiAiAdaptiveCardExtensionTest.Parses": "PASSED",
  "Kiota.Builder.Tests.Validation.MissingDiscriminatorTests.DoesntAddsWarningOnComponentSchemasWithDiscriminatorInformation": "PASSED",
  "Kiota.Builder.Tests.Refiners.GoLanguageRefinerTests.NormalizeNamespaceNameAsync": "PASSED",
  "Kiota.Builder.Tests.Refiners.CSharpLanguageRefinerTests.EscapesReservedKeywordsForReservedNamespaceNameSegmentsAsync": "PASSED",
  "Kiota.Builder.Tests.SearchProviders.GitHub.Authentication.PatAccessTokenProviderTests.GetsTokenAsync": "PASSED",
  "Kiota.Builder.Tests.Refiners.JavaLanguageRefinerTests.SplitsLongRefinersAsync": "PASSED",
  "Kiota.Builder.Tests.Validation.MissingDiscriminatorTests.AddsWarningOnComponentSchemas": "PASSED",
  "Kiota.Builder.Tests.Refiners.CSharpLanguageRefinerTests.AddsUsingsForErrorTypesForRequestExecutorAsync": "PASSED",
  "Kiota.Builder.Tests.Refiners.GoLanguageRefinerTests.AddsMethodsOverloadsAsync": "PASSED",
  "Kiota.Builder.Tests.Refiners.JavaLanguageRefinerTests.NormalizeMethodTypesNamesAsync": "PASSED",
  "Kiota.Builder.Caching.Tests.DocumentCachingProviderTests.GetsWhenCacheIsOutdatedAsync": "PASSED",
  "Kiota.Builder.Tests.Writers.Python.CodeMethodWriterTests.WritesConstructor": "PASSED",
  "Kiota.Builder.Tests.Validation.MissingDiscriminatorTests.DoesntAddAWarningWhenBodyIsSimple": "PASSED",
  "Kiota.Builder.Tests.Refiners.TypeScriptLanguageRefinerTests.GetOriginalComposedType_ReturnsComposedType_WhenElementIsCodeType": "PASSED",
  "Kiota.Builder.Caching.Tests.DocumentCachingProviderTests.GetsWhenCacheIsClearedAsync": "PASSED",
  "Kiota.Builder.Tests.Validation.MissingDiscriminatorTests.DoesntAddsWarningOnComponentSchemasScalars": "PASSED",
  "Kiota.Builder.Tests.SearchProviders.GitHub.Authentication.PatAuthenticationProviderTests.Defensive": "PASSED",
  "Kiota.Builder.Tests.Refiners.JavaLanguageRefinerTests.NormalizeInheritedClassesNamesAsync": "PASSED",
  "Kiota.Builder.Tests.Refiners.CSharpLanguageRefinerTests.KeepsCancellationParametersInRequestExecutorsAsync": "PASSED",
  "Kiota.Builder.Tests.Writers.Python.CodeMethodWriterTests.WritesUnionSerializerBody": "PASSED",
  "Kiota.Builder.Caching.Tests.DocumentCachingProviderTests.GetsCachedAsync": "PASSED",
  "Kiota.Builder.Tests.Validation.MissingDiscriminatorTests.AddsWarningOnInlineSchemas": "PASSED",
  "Kiota.Builder.Tests.Refiners.GoLanguageRefinerTests.AddCodeFileToHierarchyAsync": "PASSED",
  "Kiota.Builder.Tests.Writers.Python.CodeMethodWriterTests.WritesFactoryMethods": "PASSED",
  "Kiota.Builder.Tests.Refiners.TypeScriptLanguageRefinerTests.AddsModelInterfaceForAModelClassAsync": "PASSED",
  "Kiota.Builder.Caching.Tests.DocumentCachingProviderTests.DefensiveProgrammingAsync": "PASSED",
  "Kiota.Builder.Tests.Writers.Python.CodeMethodWriterTests.WritesRequestGeneratorBodyForParsable": "PASSED",
  "Kiota.Builder.Tests.Writers.Python.CodeMethodWriterTests.ThrowsIfParentIsNotClass": "PASSED",
  "Kiota.Builder.Tests.Writers.Python.CodeMethodWriterTests.WritesRequestGeneratorBodyForMultipart": "PASSED",
  "Kiota.Builder.Tests.Refiners.CSharpLanguageRefinerTests.EnumDoesntHaveEscapedOption_DoesntUseEnumMemberAttributeAsync": "PASSED",
  "Kiota.Builder.Tests.Writers.Python.CodeMethodWriterTests.WritesProtectedMethod": "PASSED",
  "Kiota.Builder.Tests.OpenApiExtensions.OpenApiAiReasoningInstructionsExtensionTest.ParsesInDocumentAsync": "PASSED",
  "Kiota.Builder.Tests.Writers.Python.CodeMethodWriterTests.DoesntWriteFactorySwitchOnEmptyMappings": "PASSED",
  "Kiota.Builder.Tests.Writers.Python.CodeMethodWriterTests.WritesRequestGeneratorBodyWhenUrlTemplateIsOverrode": "PASSED",
  "Kiota.Builder.Tests.Refiners.JavaLanguageRefinerTests.ReplacesIndexersByMethodsWithParameterAsync": "PASSED",
  "Kiota.Builder.Tests.Refiners.GoLanguageRefinerTests.ReplacesDateTimeOffsetByNativeTypeAsync": "PASSED",
  "Kiota.Builder.Tests.Writers.Python.CodeMethodWriterTests.WritesMethodSyncDescription": "PASSED",
  "Kiota.Builder.Tests.Writers.Python.CodeMethodWriterTests.DoesNotAddUndefinedOnNonNullableReturnType": "PASSED",
  "Kiota.Builder.Tests.Refiners.TypeScriptLanguageRefinerTests.InlineParentOnErrorClassesWhichAlreadyInheritAsync": "PASSED",
  "Kiota.Builder.Tests.Writers.Python.CodeMethodWriterTests.DoesNotWriteConstructorWithDefaultFromComposedType": "PASSED",
  "Kiota.Builder.Tests.Refiners.CSharpLanguageRefinerTests.ReplacesIndexerLocallyDefinedTimeOnlyTypeWithAbstractedTimeTypeAsync": "PASSED",
  "Kiota.Builder.Tests.Writers.Python.CodeMethodWriterTests.WritesDeprecationInformation": "PASSED",
  "Kiota.Builder.Tests.Refiners.JavaLanguageRefinerTests.ReplacesDurationByNativeTypeAsync": "PASSED",
  "Kiota.Builder.Tests.Writers.Python.CodeMethodWriterTests.WritesWithUrl": "PASSED",
  "Kiota.Builder.Tests.WorkspaceManagement.WorkspaceManagementServiceTests.RemovesAClientAsync": "PASSED",
  "Kiota.Builder.Tests.Refiners.CSharpLanguageRefinerTests.AddsUsingForUntypedNodeAsync": "PASSED",
  "Kiota.Builder.Tests.Refiners.JavaLanguageRefinerTests.ReplacesDateOnlyByNativeTypeAsync": "PASSED",
  "Kiota.Builder.Tests.Writers.Python.CodeMethodWriterTests.DoesntCreateDictionaryOnEmptyErrorMapping": "PASSED",
  "Kiota.Builder.Tests.Refiners.GoLanguageRefinerTests.CorrectesCircularDependencies": "PASSED",
  "Kiota.Builder.Tests.Writers.Python.CodeMethodWriterTests.DoesntWriteReadOnlyPropertiesInSerializerBody": "PASSED",
  "Kiota.Builder.Tests.Refiners.CSharpLanguageRefinerTests.MovesClassesWithNamespaceNamesUnderNamespaceAsync": "PASSED",
  "Kiota.Builder.Tests.SearchProviders.GitHub.Authentication.TempFolderCachingAccessTokenProviderTests.CachesTokenAsync": "PASSED",
  "Kiota.Builder.Tests.Writers.Python.CodeMethodWriterTests.DoesntWriteGetterToFieldForModelClasses": "PASSED",
  "Kiota.Builder.Tests.Refiners.JavaLanguageRefinerTests.EscapeReservedKeywordsInNamespaceToLowercaseAsync": "PASSED",
  "Kiota.Builder.Tests.Writers.Python.CodeMethodWriterTests.Defensive": "PASSED",
  "Kiota.Builder.Tests.Writers.Python.CodeMethodWriterTests.WritesGetterNullBackingStore": "PASSED",
  "Kiota.Builder.Tests.Refiners.GoLanguageRefinerTests.EnsuresMethodNamesAreNotOverLoadedAsync": "PASSED",
  "Kiota.Builder.Tests.Refiners.CSharpLanguageRefinerTests.DoesNotEscapesReservedKeywordsForClassOrPropertyKindEnhancedAsync": "PASSED",
  "Kiota.Builder.Tests.Writers.Python.CodeMethodWriterTests.WritesSetterToBackingStore": "PASSED",
  "Kiota.Builder.Tests.Writers.Python.CodeMethodWriterTests.WritesSetterToField": "PASSED",
  "Kiota.Builder.Tests.Writers.Python.CodeMethodWriterTests.WritesApiConstructor": "PASSED",
  "Kiota.Builder.Tests.Refiners.CSharpLanguageRefinerTests.AvoidsPropertyNameReplacementIfDuplicatedGeneratedAsync": "PASSED",
  "Kiota.Builder.Tests.Writers.Python.CodeMethodWriterTests.WritesSetterNullBackingStore": "PASSED",
  "Kiota.Builder.Tests.Writers.Python.CodeMethodWriterTests.WritesNameMapperMethodWithUnescapedProperties": "PASSED",
  "Kiota.Builder.Tests.Refiners.CSharpLanguageRefinerTests.RenamesExceptionClassWithReservedPropertyNameAsync": "PASSED",
  "Kiota.Builder.Tests.Writers.Php.CodeMethodWriterTests.WriteConstructorBodyAsync": "PASSED",
  "Kiota.Builder.Caching.Tests.UpdateServiceTests.ReturnsNoMessageOnFailedRequestAsync": "PASSED",
  "Kiota.Builder.Tests.Writers.Python.CodeMethodWriterTests.WritesRequestExecutorBody": "PASSED",
  "Kiota.Builder.Caching.Tests.UpdateServiceTests.ReturnsNoMessageOnEmptyVersionAsync": "PASSED",
  "Kiota.Builder.Tests.Writers.Python.CodeMethodWriterTests.WritesModelFactoryBodyForInheritedModels": "PASSED",
  "Kiota.Builder.Tests.Writers.Python.CodeMethodWriterTests.ThrowsIfMethodIsRawUrlConstructor": "PASSED",
  "Kiota.Builder.Tests.Refiners.CSharpLanguageRefinerTests.ReplacesIndexerDateOnlyTypeWithAbstractedDateTypeAsync": "PASSED",
  "Kiota.Builder.Tests.Refiners.GoLanguageRefinerTests.ConvertsUnionTypesToWrapperAsync": "PASSED",
  "Kiota.Builder.Tests.Writers.Python.CodeMethodWriterTests.WritesDeprecationInformationFromBuilder": "PASSED",
  "Kiota.Builder.Tests.Writers.Php.CodeMethodWriterTests.WriteDeserializerMergeWhenHasParentAsync": "PASSED",
  "Kiota.Builder.Tests.Writers.Python.CodeMethodWriterTests.WritesRequestGeneratorBodyForScalar": "PASSED",
  "Kiota.Builder.Tests.Refiners.CSharpLanguageRefinerTests.DisambiguatePropertiesWithClassNames_DoesntReplaceSerializationNameAsync": "PASSED",
  "Kiota.Builder.Tests.Refiners.GoLanguageRefinerTests.EscapesPublicPropertiesReservedKeywordsForModelsAsync": "PASSED",
  "Kiota.Builder.Tests.Refiners.CSharpLanguageRefinerTests.DoesNotEscapesReservedKeywordsForClassOrPropertyKindAsync": "PASSED",
  "Kiota.Builder.Tests.Writers.Python.CodeMethodWriterTests.WritesConstructorForRequestBuilderWithRequestAdapterAndPathParameters": "PASSED",
  "Kiota.Builder.Tests.Writers.Php.CodeMethodWriterTests.WritesQueryParameterConstructorAsync": "PASSED",
  "Kiota.Builder.Tests.Writers.Python.CodeMethodWriterTests.WritesGetterToBackingStore": "PASSED",
  "Kiota.Builder.Tests.Writers.Python.CodeMethodWriterTests.DoesntWritesSetterToFieldForModelClasses": "PASSED",
  "Kiota.Builder.Tests.Writers.Php.CodeMethodWriterTests.WritesRequestGeneratorBodyKnownRequestBodyType": "PASSED",
  "Kiota.Builder.Tests.Writers.Python.CodeMethodWriterTests.MapperMethodFailsIfNoQueryParametersMapperParameter": "PASSED",
  "Kiota.Builder.Tests.Writers.Php.CodeMethodWriterTests.WriteGetter": "PASSED",
  "Kiota.Builder.Tests.Refiners.CSharpLanguageRefinerTests.ReplacesLocallyDefinedDateOnlyByNativeTypeAsync": "PASSED",
  "Kiota.Builder.Tests.Writers.Python.CodeMethodWriterTests.EscapesCommentCharactersInDescription": "PASSED",
  "Kiota.Builder.Tests.Refiners.GoLanguageRefinerTests.InlineParentOnErrorClassesWhichAlreadyInheritAsync": "PASSED",
  "Kiota.Builder.Tests.Writers.Python.CodeMethodWriterTests.WritesBackedModelConstructor": "PASSED",
  "Kiota.Builder.Tests.Writers.Python.CodeMethodWriterTests.WritesModelClasses": "PASSED",
  "Kiota.Builder.Tests.Writers.Python.CodeMethodWriterTests.WritesMethodAsyncDescription": "PASSED",
  "Kiota.Builder.Tests.Refiners.CSharpLanguageRefinerTests.RenamesMatchAndAddsPrimaryErrorMessageIfMatchAlreadyExistsAsync": "PASSED",
  "Kiota.Builder.Tests.Writers.Python.CodeMethodWriterTests.WritesConstructorForRequestBuilder": "PASSED",
  "Kiota.Builder.Tests.Writers.Php.CodeMethodWriterTests.WritesQueryParameterFactoryMethodAsync": "PASSED",
  "Kiota.Builder.Tests.Refiners.GoLanguageRefinerTests.DoesNotEscapePublicPropertiesReservedKeywordsForQueryParametersAsync": "PASSED",
  "Kiota.Builder.Tests.Refiners.TypeScriptLanguageRefinerTests.ParsesAndRefinesUnionOfPrimitiveValuesAsync": "PASSED",
  "Kiota.Builder.Tests.Writers.TypeScript.CodeFunctionWriterTests.Writes_CodeIntersectionType_FactoryMethodAsync": "PASSED",
  "Kiota.Builder.Tests.Writers.Python.CodeMethodWriterTests.WritesDeSerializerBody": "PASSED",
  "Kiota.Builder.Tests.Writers.Php.CodeMethodWriterTests.WriteGetterAdditionalDataAsync": "PASSED",
  "Kiota.Builder.Tests.Writers.TypeScript.CodeFunctionWriterTests.WritesApiConstructor": "PASSED",
  "Kiota.Builder.Tests.Writers.Python.CodeMethodWriterTests.WritesModelFactoryBodyForUnionModels": "PASSED",
  "Kiota.Builder.Tests.WorkspaceManagement.WorkspaceManagementServiceTests.FailsWhenTargetLockDirectoryIsNotSubDirectoryAsync": "PASSED",
  "Kiota.Builder.Tests.Writers.Python.CodeMethodWriterTests.WritesNameMapperMethod": "PASSED",
  "Kiota.Builder.Tests.Writers.Python.CodeMethodWriterTests.WritesRequestGeneratorAcceptHeaderQuotes": "PASSED",
  "Kiota.Builder.Tests.Writers.Python.CodeMethodWriterTests.WritesGetterToBackingStoreWithNonnullProperty": "PASSED",
  "Kiota.Builder.Tests.Refiners.TypeScriptLanguageRefinerTests.CorrectsCoreTypeAsync": "PASSED",
  "Kiota.Builder.Tests.Writers.Php.CodeMethodWriterTests.WritesRequestConfigurationConstructorAsync": "PASSED",
  "Kiota.Builder.Tests.Writers.TypeScript.CodeFunctionWriterTests.WritesInheritedSerializerBodyAsync": "PASSED",
  "Kiota.Builder.Tests.Writers.Python.CodeMethodWriterTests.WritesModelFactoryBodyForIntersectionModels": "PASSED",
  "Kiota.Builder.Tests.Writers.TypeScript.CodeFunctionWriterTests.WritesDefensiveStatements": "PASSED",
  "Kiota.Builder.Tests.Writers.Php.CodeMethodWriterTests.WritesWithUrl": "PASSED",
  "Kiota.Builder.Tests.Writers.Python.CodeMethodWriterTests.WritesRequestBodiesThrowOnNullHttpMethod": "PASSED",
  "Kiota.Builder.Tests.Writers.Python.CodeMethodWriterTests.DoesntWriteConstructorForModelClasses": "PASSED",
  "Kiota.Builder.Tests.Writers.Python.CodeMethodWriterTests.DoesNotAddAsyncInformationOnSyncMethods": "PASSED",
  "Kiota.Builder.Tests.Writers.Python.CodeMethodWriterTests.WritesInheritedDeSerializerBody": "PASSED",
  "Kiota.Builder.Tests.Refiners.TypeScriptLanguageRefinerTests.ReplaceRequestConfigsQueryParamsAsync": "PASSED",
  "Kiota.Builder.Tests.Writers.Php.CodeMethodWriterTests.WritesRequestGeneratorBodyForMultipartAsync": "PASSED",
  "Kiota.Builder.Tests.Writers.Python.CodeMethodWriterTests.DoesntWriteFactoryConditionalsOnEmptyPropertyName": "PASSED",
  "Kiota.Builder.Tests.Writers.Python.CodeMethodWriterTests.DoesntWriteFactoryConditionalsOnMissingParameter": "PASSED",
  "Kiota.Builder.Tests.Writers.TypeScript.CodeFunctionWriterTests.WritesAutoGenerationStartAsync": "PASSED",
  "Kiota.Builder.Tests.Writers.Python.CodeMethodWriterTests.WritesRequestExecutorBodyForCollections": "PASSED",
  "Kiota.Builder.Tests.Writers.Python.CodeMethodWriterTests.WritesGetterToField": "PASSED",
  "Kiota.Builder.Tests.Writers.Python.CodeMethodWriterTests.WritesRequestGeneratorBodyKnownRequestBodyType": "PASSED",
  "Kiota.Builder.Tests.Writers.Php.CodeMethodWriterTests.WriteRequestExecutorAsync": "PASSED",
  "Kiota.Builder.Tests.Writers.Python.CodeMethodWriterTests.WritesReturnType": "PASSED",
  "Kiota.Builder.Tests.Writers.Python.CodeMethodWriterTests.WritesConstructorForRequestBuilderWithRequestAdapter": "PASSED",
  "Kiota.Builder.Tests.WorkspaceManagement.WorkspaceManagementServiceTests.FailsOnMigrateWithoutKiotaConfigModeAsync": "PASSED",
  "Kiota.Builder.Tests.Refiners.GoLanguageRefinerTests.ValidatesNamingOfRequestBuilderDoesNotRepeatIdCharacterAsync": "PASSED",
  "Kiota.Builder.Tests.Writers.Python.CodeMethodWriterTests.WritesConstructorWithInheritance": "PASSED",
  "Kiota.Builder.Tests.Refiners.TypeScriptLanguageRefinerTests.AliasesDuplicateUsingSymbolsAsync": "PASSED",
  "Kiota.Builder.Tests.Writers.TypeScript.CodeFunctionWriterTests.WritesConstructorWithEnumValueAsync": "PASSED",
  "Kiota.Builder.Tests.Writers.Php.CodeMethodWriterTests.ReplaceBinaryTypeWithStreamInterfaceAsync": "PASSED",
  "Kiota.Builder.Tests.Writers.TypeScript.CodeFunctionWriterTests.DoesNotWriteDefensiveStatementsForBooleanParameters": "PASSED",
  "Kiota.Builder.Tests.Writers.Python.CodeMethodWriterTests.WritesIntersectionDeSerializerBody": "PASSED",
  "Kiota.Builder.Tests.Writers.Php.CodeMethodWriterTests.WriteRequestGeneratorForParsable": "PASSED",
  "Kiota.Builder.Caching.Tests.UpdateServiceTests.EmitsASingleMessageWhenOutdatedAsync": "PASSED",
  "Kiota.Builder.Tests.Writers.Python.CodeMethodWriterTests.WritesIndexer": "PASSED",
  "Kiota.Builder.Tests.Refiners.GoLanguageRefinerTests.CorrectsCoreTypeAsync": "PASSED",
  "Kiota.Builder.Tests.WorkspaceManagement.WorkspaceManagementServiceTests.FailsWhenNoLockFilesAreFoundAsync": "PASSED",
  "Kiota.Builder.Tests.Refiners.TypeScriptLanguageRefinerTests.AddStaticMethodsUsingsForDeserializerAsync": "PASSED",
  "Kiota.Builder.Tests.Writers.Python.CodeMethodWriterTests.WritesIntersectionSerializerBody": "PASSED",
  "Kiota.Builder.Tests.Refiners.GoLanguageRefinerTests.ReplacesModelsByInterfacesAsync": "PASSED",
  "Kiota.Builder.Tests.Writers.Python.CodeMethodWriterTests.WritesRequestBuilder": "PASSED",
  "Kiota.Builder.Tests.Writers.Python.CodeMethodWriterTests.WritesInheritedSerializerBody": "PASSED",
  "Kiota.Builder.Tests.Writers.Python.CodeMethodWriterTests.WritesRequestGeneratorContentTypeQuotes": "PASSED",
  "Kiota.Builder.Caching.Tests.UpdateServiceTests.DoesntEmitMessageOnAlreadyUpToDateAsync": "PASSED",
  "Kiota.Builder.Tests.Refiners.TypeScriptLanguageRefinerTests.ReplacesDateTimeOffsetByNativeTypeAsync": "PASSED",
  "Kiota.Builder.Tests.Writers.Python.CodeMethodWriterTests.WritesUnionDeSerializerBody": "PASSED",
  "Kiota.Builder.Tests.Writers.TypeScript.CodeFunctionWriterTests.Writes_CodeUnionBetweenObjectsAndPrimitiveTypes_DeserializerAsync": "PASSED",
  "Kiota.Builder.Tests.Refiners.GoLanguageRefinerTests.AddsExceptionInheritanceOnErrorClassesAsync": "PASSED",
  "Kiota.Builder.Tests.Writers.TypeScript.CodeFunctionWriterTests.DoesNotAddAsyncInformationOnSyncMethods": "PASSED",
  "Kiota.Builder.Caching.Tests.UpdateServiceTests.ReturnsNoMessageOnNoReleaseInformationAsync": "PASSED",
  "Kiota.Builder.Tests.WorkspaceManagement.WorkspaceManagementServiceTests.RemovesAPluginAsync": "PASSED",
  "Kiota.Builder.Tests.WorkspaceManagement.WorkspaceManagementServiceTests.FailsOnMultipleLockFilesAndClientNameAsync": "PASSED",
  "Kiota.Builder.Tests.Writers.TypeScript.CodeFunctionWriterTests.WritesDeSerializerBodyWithDefaultValueAsync": "PASSED",
  "Kiota.Builder.Tests.Refiners.GoLanguageRefinerTests.SupportsTypeSpecificOverrideIndexersAsync": "PASSED",
  "Kiota.Builder.Tests.Refiners.TypeScriptLanguageRefinerTests.AddsUsingsForErrorTypesForRequestExecutorAsync": "PASSED",
  "Kiota.Builder.Tests.Refiners.GoLanguageRefinerTests.TrimsCircularDiscriminatorReferencesAsync": "PASSED",
  "Kiota.Builder.Tests.Refiners.TypeScriptLanguageRefinerTests.GeneratesCodeFilesAsync": "PASSED",
  "Kiota.Builder.Tests.Writers.Php.CodeMethodWriterTests.WriteRequestBuilderWithParametersBody": "PASSED",
  "Kiota.Builder.Tests.Refiners.TypeScriptLanguageRefinerTests.EscapesReservedKeywordsAsync": "PASSED",
  "Kiota.Builder.Tests.Writers.Php.CodeMethodWriterTests.WritesInheritedDeSerializerBody": "PASSED",
  "Kiota.Builder.Tests.Writers.TypeScript.CodeFunctionWriterTests.Writes_UnionOfPrimitiveValues_FactoryFunctionAsync": "PASSED",
  "Kiota.Builder.Tests.WorkspaceManagement.WorkspaceManagementServiceTests.MigratesAClientAsync": "PASSED",
  "Kiota.Builder.Tests.Refiners.GoLanguageRefinerTests.TestBackingStoreTypesUseInterfacesAsync": "PASSED",
  "Kiota.Builder.Tests.Refiners.TypeScriptLanguageRefinerTests.AliasesDuplicateUsingSymbolsAsyncWithAliasedReferencesToParentNamespaceAsync": "PASSED",
  "Kiota.Builder.Tests.Writers.Php.CodeMethodWriterTests.WritesModelFactoryBodyForIntersectionModelsAsync": "PASSED",
  "Kiota.Builder.Tests.Refiners.GoLanguageRefinerTests.RemovesPropertyRelyingOnSubModulesAsync": "PASSED",
  "Kiota.Builder.Tests.Refiners.TypeScriptLanguageRefinerTests.AddsUsingForUntypedNodeAsync": "PASSED",
  "Kiota.Builder.Tests.Refiners.TypeScriptLanguageRefinerTests.GetOriginalComposedType_ReturnsComposedType_WhenElementIsCodeClass": "PASSED",
  "Kiota.Builder.Tests.Refiners.GoLanguageRefinerTests.AddsErrorImportForEnumsForSingleValueEnumAsync": "PASSED",
  "Kiota.Builder.Tests.Refiners.TypeScriptLanguageRefinerTests.GetOriginalComposedType_ReturnsNull_WhenElementIsNull": "PASSED",
  "Kiota.Builder.Tests.Export.PublicApiExportServiceTests.Defensive": "PASSED",
  "Kiota.Builder.Tests.Plugins.PluginsGenerationServiceTests.GeneratesManifestAndCleansUpInputDescriptionAsync": "PASSED",
  "Kiota.Builder.Tests.Refiners.GoLanguageRefinerTests.ReplacesDurationByNativeTypeAsync": "PASSED",
  "Kiota.Builder.Tests.Plugins.PluginsGenerationServiceTests.Defensive": "PASSED",
  "Kiota.Builder.Tests.Refiners.TypeScriptLanguageRefinerTests.AddsUsingForUntypedNodeInMethodParameterAsync": "PASSED",
  "Kiota.Builder.Tests.Refiners.TypeScriptLanguageRefinerTests.GetOriginalComposedType_ReturnsComposedType_WhenElementIsParameter": "PASSED",
  "Kiota.Builder.Tests.Refiners.TypeScriptLanguageRefinerTests.GetOriginalComposedType_ReturnsComposedType_WhenElementIsComposedType": "PASSED",
  "Kiota.Builder.Tests.Refiners.GoLanguageRefinerTests.AddsErrorImportForEnumsForMultiValueEnumAsync": "PASSED",
  "Kiota.Builder.Tests.Refiners.TypeScriptLanguageRefinerTests.ReplacesDurationByNativeTypeAsync": "PASSED",
  "Kiota.Builder.Tests.Refiners.TypeScriptLanguageRefinerTests.GetOriginalComposedType_ReturnsComposedType_WhenElementIsCodeInterface": "PASSED",
  "Kiota.Builder.Tests.Refiners.TypeScriptLanguageRefinerTests.AddsExceptionImplementsOnErrorClassesAsync": "PASSED",
  "Kiota.Builder.Tests.Writers.TypeScript.CodeFunctionWriterTests.Writes_UnionOfObjects_FactoryMethodAsync": "PASSED",
  "Kiota.Builder.Tests.Refiners.TypeScriptLanguageRefinerTests.AddsModelInterfaceForAModelClassWithoutCollisionAsync": "PASSED",
  "Kiota.Builder.Tests.Refiners.TypeScriptLanguageRefinerTests.ReplacesDateOnlyByNativeTypeAsync": "PASSED",
  "Kiota.Builder.Tests.Writers.Php.CodeMethodWriterTests.WriteABasicMethod": "PASSED",
  "Kiota.Builder.Tests.Writers.Php.CodeMethodWriterTests.WritesInheritedSerializerBody": "PASSED",
  "Kiota.Builder.Tests.Refiners.TypeScriptLanguageRefinerTests.AddsUsingForUntypedNodeInReturnTypeAsync": "PASSED",
  "Kiota.Builder.Tests.Writers.Php.CodeMethodWriterTests.WritesIntersectionSerializerBody": "PASSED",
  "Kiota.Builder.Tests.Writers.Php.CodeMethodWriterTests.WritesRequestGeneratorContentTypeQuotes": "PASSED",
  "Kiota.Builder.Tests.Writers.Php.CodeMethodWriterTests.WriteMethodWithNoDescription": "PASSED",
  "Kiota.Builder.Tests.Writers.Php.CodeMethodWriterTests.WriteRequestBuilderConstructorAsync": "PASSED",
  "Kiota.Builder.Tests.Writers.TypeScript.CodeFunctionWriterTests.Writes_UnionOfObjects_SerializerFunctionsAsync": "PASSED",
  "Kiota.Builder.Tests.Writers.Php.CodeMethodWriterTests.WritesFullyQualifiedNameWhenSimilarTypeAlreadyExistsAsync": "PASSED",
  "Kiota.Builder.Tests.Writers.TypeScript.CodeFunctionWriterTests.DoesntWriteFactorySwitchOnEmptyPropertyNameAsync": "PASSED",
  "Kiota.Builder.Tests.Writers.Php.CodeMethodWriterTests.WriteIndexerBodyAsync": "PASSED",
  "Kiota.Builder.Tests.Writers.TypeScript.CodeFunctionWriterTests.WritesApiConstructorWithBackingStore": "PASSED",
  "Kiota.Builder.Tests.Writers.TypeScript.CodeFunctionWriterTests.WritesProtectedMethod": "PASSED",
  "Kiota.Builder.Tests.Writers.TypeScript.CodeFunctionWriterTests.WritesDeprecationInformationFromBuilder": "PASSED",
  "Kiota.Builder.Tests.Writers.TypeScript.CodeFunctionWriterTests.WritesInheritedDeSerializerBodyAsync": "PASSED",
  "Kiota.Builder.Tests.Writers.TypeScript.CodeFunctionWriterTests.WritesSerializerBodyWithDefaultAsync": "PASSED",
  "Kiota.Builder.Tests.Writers.TypeScript.CodeFunctionWriterTests.WritesPublicMethodByDefault": "PASSED",
  "Kiota.Builder.Tests.Writers.TypeScript.CodeFunctionWriterTests.WritesMethodDescriptionLink": "PASSED",
  "Kiota.Builder.Tests.Writers.TypeScript.CodeFunctionWriterTests.WritesPrivateMethod": "PASSED",
  "Kiota.Builder.Tests.Plugins.PluginsGenerationServiceTests.GeneratesManifestWithAdaptiveCardExtensionAsync": "PASSED",
  "Kiota.Builder.Tests.Writers.TypeScript.CodeFunctionWriterTests.Writes_CodeIntersectionType_SerializerFunctionsAsync": "PASSED",
  "Kiota.Builder.Tests.Writers.TypeScript.CodeFunctionWriterTests.DoesNotAddUndefinedOnNonNullableReturnType": "PASSED",
  "Kiota.Builder.Tests.Writers.TypeScript.CodeFunctionWriterTests.WritesDeprecationInformation": "PASSED",
  "Kiota.Builder.Tests.Writers.TypeScript.CodeFunctionWriterTests.WritesSerializerBodyAsync": "PASSED",
  "Kiota.Builder.Tests.Writers.TypeScript.CodeFunctionWriterTests.WritesMethodAsyncDescription": "PASSED",
  "Kiota.Builder.Tests.Writers.TypeScript.CodeFunctionWriterTests.Writes_UnionOfPrimitiveValues_SerializerFunctionAsync": "PASSED",
  "Kiota.Builder.Tests.Writers.TypeScript.CodeFunctionWriterTests.WritesModelFactoryBodyAsync": "PASSED",
  "Kiota.Builder.Tests.Writers.TypeScript.CodeFunctionWriterTests.WritesReturnType": "PASSED",
  "Kiota.Builder.Tests.Writers.TypeScript.CodeFunctionWriterTests.WritesMethodSyncDescription": "PASSED",
  "Kiota.Builder.Tests.Writers.TypeScript.CodeFunctionWriterTests.WritesSerializerBodyEnumCollectionAsync": "PASSED",
  "Kiota.Builder.Tests.Writers.TypeScript.CodeFunctionWriterTests.AddsUsingsForErrorTypesForRequestExecutorAsync": "PASSED",
  "Kiota.Builder.Tests.Writers.TypeScript.CodeFunctionWriterTests.WritesAutoGenerationEndAsync": "PASSED",
  "Kiota.Builder.Tests.Writers.TypeScript.CodeFunctionWriterTests.DoesntWriteFactorySwitchOnEmptyMappingsAsync": "PASSED",
  "Kiota.Builder.Tests.KiotaBuilderTests.SupportsIncludeFilterWithOperation": "PASSED",
  "Kiota.Builder.Tests.KiotaBuilderTests.SupportsArraysInComposedTypes": "PASSED",
  "Kiota.Builder.Tests.KiotaBuilderTests.Single_root_node_creates_single_request_builder_class": "PASSED",
  "Kiota.Builder.Tests.Writers.TypeScript.CodeFunctionWriterTests.Writes_CodeIntersectionType_DeserializerFunctionsAsync": "PASSED",
  "Kiota.Builder.Tests.Writers.TypeScript.CodeFunctionWriterTests.WritesMessageOverrideOnPrimaryAsync": "PASSED",
  "Kiota.Builder.Tests.Writers.TypeScript.CodeFunctionWriterTests.DoesntWriteReadOnlyPropertiesInSerializerBodyAsync": "PASSED",
  "Kiota.Builder.Tests.KiotaBuilderTests.AddsDiscriminatorMappings": "PASSED",
  "Kiota.Builder.Tests.KiotaBuilderTests.DoesntAddDiscriminatorMappingsOfNonDerivedTypes": "PASSED",
  "Kiota.Builder.Tests.KiotaBuilderTests.NamesComponentsInlineSchemasProperlyAsync": "PASSED",
  "Kiota.Builder.Tests.KiotaBuilderTests.OData_doubles_as_any_of": "PASSED",
  "Kiota.Builder.Tests.KiotaBuilderTests.ParsesEnumDescriptionsAsync": "PASSED",
  "Kiota.Builder.Tests.Plugins.PluginsGenerationServiceTests.ThrowsOnEmptyPathsAfterFilteringAsync": "PASSED",
  "Kiota.Builder.Tests.KiotaBuilderTests.DisambiguatesOperationsConflictingWithPath1Async": "PASSED",
  "Kiota.Builder.Tests.KiotaBuilderTests.IndexerAndRequestBuilderNamesMatchAsync": "PASSED",
  "Kiota.Builder.Tests.Plugins.PluginsGenerationServiceTests.GeneratesManifestWithMultipleSecuritySchemesAsync": "PASSED",
  "Kiota.Builder.Tests.KiotaBuilderTests.GetsCorrectInheritedInlineSchemaNameAsync": "PASSED",
  "Kiota.Builder.Tests.KiotaBuilderTests.SupportsIncludeFilterAndExcludeWithOperation": "PASSED",
  "Kiota.Builder.Tests.KiotaBuilderTests.MapsNumberEnumToDoubleTypeAsync": "PASSED",
  "Kiota.Builder.Tests.KiotaBuilderTests.CleanupSymbolNameDoesNotCauseNameConflictsWithSuperTypeAsync": "PASSED",
  "Kiota.Builder.Tests.KiotaBuilderTests.HandlesPathWithRepeatedSegment": "PASSED",
  "Kiota.Builder.Tests.KiotaBuilderTests.Considers204WithNoSchemaOver206WithNoSchema": "PASSED",
  "Kiota.Builder.Tests.KiotaBuilderTests.InheritanceWithAllOfWith3Parts3SchemaChildClassAsync": "PASSED",
  "Kiota.Builder.Tests.KiotaBuilderTests.SupportsMultipleContentTypesAsRequestBodyWithMultipartPriorityNoEncodingAsync": "PASSED",
  "Kiota.Builder.Tests.KiotaBuilderTests.MapsTime": "PASSED",
  "Kiota.Builder.Tests.KiotaBuilderTests.AnyOfArrayWorksAsync": "PASSED",
  "Kiota.Builder.Tests.KiotaBuilderTests.HandlesPathWithItemInNameSegment": "PASSED",
  "Kiota.Builder.Tests.KiotaBuilderTests.TextPlainEndpointsAreSupported": "PASSED",
  "Kiota.Builder.Tests.KiotaBuilderTests.CleanupSymbolNameDoesNotCauseNameConflictsAsync": "PASSED",
  "Kiota.Builder.Tests.KiotaBuilderTests.SupportsExcludeFilter": "PASSED",
  "Kiota.Builder.Tests.KiotaBuilderTests.IntersectionOfPrimitiveTypesWorks": "PASSED",
  "Kiota.Builder.Tests.KiotaBuilderTests.SupportsIncludeFilter": "PASSED",
  "Kiota.Builder.Tests.KiotaBuilderTests.ComplexInheritanceStructuresAsync": "PASSED",
  "Kiota.Builder.Tests.KiotaBuilderTests.InlinePropertiesGenerateTypes": "PASSED",
  "Kiota.Builder.Tests.KiotaBuilderTests.IdsResultInIndexers": "PASSED",
  "Kiota.Builder.Tests.KiotaBuilderTests.HandlesCollectionOfEnumSchemas": "PASSED",
  "Kiota.Builder.Tests.KiotaBuilderTests.Inline_Property_Inheritance_Is_Supported2": "PASSED",
  "Kiota.Builder.Tests.KiotaBuilderTests.Considers2XXWithSchemaOver204WithNoSchema": "PASSED",
  "Kiota.Builder.Tests.KiotaBuilderTests.InheritanceWithAllOfInBaseTypeAsync": "PASSED",
  "Kiota.Builder.Tests.KiotaBuilderTests.UnionOfInlineSchemasWorks": "PASSED",
  "Kiota.Builder.Tests.KiotaBuilderTests.ExclusiveUnionIntersectionEntriesMergingAsync": "PASSED",
  "Kiota.Builder.Tests.KiotaBuilderTests.ModelsDoesntUsePathDescriptionWhenAvailable": "PASSED",
  "Kiota.Builder.Tests.KiotaBuilderTests.InheritanceWithoutObjectTypeHasAllPropertiesAsync": "PASSED",
  "Kiota.Builder.Tests.KiotaBuilderTests.DoesNotAddReservedPathParameterSymbol": "PASSED",
  "Kiota.Builder.Tests.KiotaBuilderTests.DoesntAddSuffixesToErrorTypesWhenComponents": "PASSED",
  "Kiota.Builder.Tests.KiotaBuilderTests.DoesntThrowOnMissingServerForV2Async": "PASSED",
  "Kiota.Builder.Tests.KiotaBuilderTests.DoesntConflictOnModelsNamespaceAsync": "PASSED",
  "Kiota.Builder.Tests.KiotaBuilderTests.AddsDiscriminatorMappingsAllOfImplicitWithParentHavingMappingsWhileChildDoesNotAsync": "PASSED",
  "Kiota.Builder.Tests.KiotaBuilderTests.AnyTypeResponseAsync": "PASSED",
  "Kiota.Builder.Tests.KiotaBuilderTests.ParsesKiotaExtensionAsync": "PASSED",
  "Kiota.Builder.Tests.KiotaBuilderTests.DoesntGenerateNamespacesWhenNotRequired": "PASSED",
  "Kiota.Builder.Tests.KiotaBuilderTests.SupportsIncludeFilterAndExcludeWithOperationForSpecificPath": "PASSED",
  "Kiota.Builder.Tests.KiotaBuilderTests.DeduplicatesConflictingParameterNamesForCLI": "PASSED",
  "Kiota.Builder.Tests.KiotaBuilderTests.IntersectionOfInlineSchemasWorks": "PASSED",
  "Kiota.Builder.Tests.KiotaBuilderTests.MapsQueryParameterArrayTypes": "PASSED",
  "Kiota.Builder.Tests.KiotaBuilderTests.AddsDiscriminatorMappingsOneOfImplicitAsync": "PASSED",
  "Kiota.Builder.Tests.KiotaBuilderTests.ExclusiveUnionInheritanceEntriesMergingAsync": "PASSED",
  "Kiota.Builder.Tests.KiotaBuilderTests.SupportsMultiPartFormAsRequestBodyWithoutEncodingWithDefaultMimeTypesAsyncWithNonDefaultMimeTypesAsync": "PASSED",
  "Kiota.Builder.Tests.KiotaBuilderTests.InheritanceWithAllOfWith2Parts1Schema1InlineNoDiscriminatorAsync": "PASSED",
  "Kiota.Builder.Tests.KiotaBuilderTests.UnionOfPrimitiveTypesWorks": "PASSED",
  "Kiota.Builder.Tests.KiotaBuilderTests.SkipsInvalidItemsPropertiesAsync": "PASSED",
  "Kiota.Builder.Tests.KiotaBuilderTests.SupportsMultipleContentTypesAsRequestBodyWithDefaultMimeTypesAsync": "PASSED",
  "Kiota.Builder.Tests.KiotaBuilderTests.IgnoresErrorCodesWithNoSchema": "PASSED",
  "Kiota.Builder.Tests.KiotaBuilderTests.InheritanceWithAllOfWith1Part1SchemaAndPropertiesNoDiscriminatorAsync": "PASSED",
  "Kiota.Builder.Tests.KiotaBuilderTests.CleanupSymbolNameDoesNotCauseNameConflictsInQueryParametersAsync": "PASSED",
  "Kiota.Builder.Tests.KiotaBuilderTests.SupportsNullableAnyOf": "PASSED",
  "Kiota.Builder.Tests.KiotaBuilderTests.AddReservedPathParameterSymbol": "PASSED",
  "Kiota.Builder.Tests.KiotaBuilderTests.SupportsMultiPartFormAsRequestBodyWithoutEncodingWithDefaultMimeTypesAsync": "PASSED",
  "Kiota.Builder.Tests.KiotaBuilderTests.Supports_Path_Query_And_Header_Parameters": "PASSED",
  "Kiota.Builder.Tests.KiotaBuilderTests.TrimsInheritanceUnusedModelsWithUnionAsync": "PASSED",
  "Kiota.Builder.Tests.KiotaBuilderTests.DeduplicatesHostNamesAsync": "PASSED",
  "Kiota.Builder.Tests.KiotaBuilderTests.GetsUrlTreeNodeAsync": "PASSED",
  "Kiota.Builder.Tests.KiotaBuilderTests.DescriptionTakenFromAllOfAsync": "PASSED",
  "Kiota.Builder.Tests.KiotaBuilderTests.InheritanceWithAllOfWith3Parts3SchemaParentClassAsync": "PASSED",
  "Kiota.Builder.Tests.KiotaBuilderTests.EnumArrayQueryParameterAsync": "PASSED",
  "Kiota.Builder.Tests.KiotaBuilderTests.GeneratesNamesapacesWhenRequired": "PASSED",
  "Kiota.Builder.Tests.KiotaBuilderTests.OData_doubles_as_one_of": "PASSED",
  "Kiota.Builder.Tests.KiotaBuilderTests.IndexerTypeIsAccurateAndBackwardCompatibleIndexersAreAddedAsync": "PASSED",
  "Kiota.Builder.Tests.KiotaBuilderTests.InclusiveUnionSingleEntriesMergingAsync": "PASSED",
  "Kiota.Builder.Tests.KiotaBuilderTests.MapsDuration": "PASSED",
  "Kiota.Builder.Tests.KiotaBuilderTests.DisambiguatesOperationsConflictingWithPath2Async": "PASSED",
  "Kiota.Builder.Tests.KiotaBuilderTests.DefaultsQueryParametersWithNoSchemaToString": "PASSED",
  "Kiota.Builder.Tests.KiotaBuilderTests.InlineSchemaWithSingleAllOfReferenceAsync": "PASSED",
  "Kiota.Builder.Tests.KiotaBuilderTests.SquishesLonelyNullables": "PASSED",
  "Kiota.Builder.Tests.KiotaBuilderTests.Inline_Property_Inheritance_Is_Supported": "PASSED",
  "Kiota.Builder.Tests.KiotaBuilderTests.UsesDefaultAs4XXAnd5XXWhenAbsent": "PASSED",
  "Kiota.Builder.Tests.KiotaBuilderTests.UpdatesGenerationConfigurationFromInformationAsync": "PASSED",
  "Kiota.Builder.Tests.KiotaBuilderTests.SupportsMultiPartFormAsRequestBodyWithDefaultMimeTypesAsync": "PASSED",
  "Kiota.Builder.Tests.KiotaBuilderTests.MultiNestedArraysSupportedAsUntypedNodes": "PASSED",
  "Kiota.Builder.Tests.KiotaBuilderTests.CleansUpInvalidDescriptionCharacters": "PASSED",
  "Kiota.Builder.Tests.KiotaBuilderTests.DoesntFailOnEmptyKiotaExtensionAsync": "PASSED",
  "Kiota.Builder.Tests.KiotaBuilderTests.DeduplicatesHostNamesWithOpenAPI2Async": "PASSED",
  "Kiota.Builder.Tests.KiotaBuilderTests.MapsArrayOfTypesAsUnionType": "PASSED",
  "Kiota.Builder.Tests.KiotaBuilderTests.InclusiveUnionIntersectionEntriesMergingAsync": "PASSED",
  "Kiota.Builder.Tests.KiotaBuilderTests.SupportsExternalReferences": "PASSED",
  "Kiota.Builder.Tests.KiotaBuilderTests.SupportsIndexingParametersInSubPaths": "PASSED",
  "Kiota.Builder.Tests.KiotaBuilderTests.MapsBooleanEnumToBooleanTypeAsync": "PASSED",
  "Kiota.Builder.Tests.KiotaBuilderTests.HandlesCollectionOfEnumSchemasInAnyOfWithNullable": "PASSED",
  "Kiota.Builder.Tests.KiotaBuilderTests.Single_path_with_get_collection": "PASSED",
  "Kiota.Builder.Tests.KiotaBuilderTests.Object_Arrays_are_supported": "PASSED",
  "Kiota.Builder.Tests.KiotaBuilderTests.InclusiveUnionInheritanceEntriesMergingAsync": "PASSED",
  "Kiota.Builder.Tests.KiotaBuilderTests.DisambiguatesReservedPropertiesAsync": "PASSED",
  "Kiota.Builder.Tests.KiotaBuilderTests.MapsDate": "PASSED",
  "Kiota.Builder.Tests.KiotaBuilderTests.HandlesPagingExtension": "PASSED",
  "Kiota.Builder.Tests.KiotaBuilderTests.SquishesLonelyNullablesBothAnyOf": "PASSED",
  "Kiota.Builder.Tests.KiotaBuilderTests.HandlesSpecialCharactersInPathSegmentAsync": "PASSED",
  "Kiota.Builder.Tests.KiotaBuilderTests.EnumsWithNullableDoesNotResultInInlineTypeAsync": "PASSED",
  "Kiota.Builder.Tests.KiotaBuilderTests.ParsesEnumFlagsInformationAsync": "PASSED",
  "Kiota.Builder.Tests.KiotaBuilderTests.SupportsMultipleContentTypesAsRequestBodyWithMultipartPriorityAndEncodingAsync": "PASSED",
  "Kiota.Builder.Tests.KiotaBuilderTests.Considers200WithSchemaOver2XXWithSchema": "PASSED",
  "Kiota.Builder.Tests.KiotaBuilderTests.MergesIntersectionTypesAsync": "PASSED",
  "Kiota.Builder.Tests.KiotaBuilderTests.InheritedTypeWithInlineSchemaWorks": "PASSED",
  "Kiota.Builder.Tests.KiotaBuilderTests.EnumsWithNullableDoesNotResultInInlineTypeInReveredOrderAsync": "PASSED",
  "Kiota.Builder.Tests.KiotaBuilderTests.HandlesContentParameters": "PASSED",
  "Kiota.Builder.Tests.KiotaBuilderTests.ExclusiveUnionSingleEntriesMergingAsync": "PASSED",
  "Kiota.Builder.Tests.KiotaBuilderTests.AddsDiscriminatorMappingsAllOfImplicitAsync": "PASSED",
  "Kiota.Builder.Tests.KiotaBuilderTests.CleansUpOperationIdChangesOperationId": "PASSED",
  "Kiota.Builder.Tests.KiotaBuilderTests.InheritanceWithAllOfBaseClassNoAdditionalPropertiesAsync": "PASSED",
  "Kiota.Builder.Tests.KiotaBuilderTests.DoesntFailOnParameterWithoutSchemaKiotaExtensionAsync": "PASSED",
  "Kiota.Builder.Tests.KiotaBuilderTests.AddsErrorMapping": "PASSED",
  "Kiota.Builder.Tests.KiotaBuilderTests.HonoursNoneKeyForSerializationAsync": "PASSED",
  "Kiota.Builder.Tests.KiotaBuilderTests.Supports_Path_Parameters": "PASSED",
  "Kiota.Builder.Tests.KiotaBuilderTests.CleansUpOperationIdAddsMissingOperationId": "PASSED",
  "Kiota.Builder.Tests.KiotaBuilderTests.NestedIntersectionTypeAllOfAsync": "PASSED",
  "Kiota.Builder.Tests.KiotaBuilderTests.DoesntAddPropertyHolderOnNonAdditionalModels": "PASSED",
  "Kiota.Builder.Tests.KiotaBuilderTests.OData_doubles_as_one_of_format_inside": "PASSED",
  "Kiota.Builder.Tests.KiotaBuilderTests.TrimsInheritanceUnusedModelsAsync": "PASSED",
  "Kiota.Builder.Tests.KiotaSearcherTests.GetsMicrosoftGraphBothVersionsAsync": "FAILED",
  "Kiota.Abstractions.ApiException": "UNKNOWN",
  "Kiota.Builder.Tests.KiotaSearcherTests.GetsGithubFromApisGuruAsync": "FAILED",
  "Kiota.Builder.Tests.KiotaSearcherTests.GetsGithubFromApisGuruWithExactMatchAsync": "FAILED",
  "Kiota.Builder.Tests.KiotaSearcherTests.DefensiveProgramingAsync": "PASSED",
  "Kiota.Builder.Tests.KiotaSearcherTests.GetsMicrosoftGraphAsync": "FAILED",
  "Kiota.Builder.Tests.KiotaSearcherTests.GetsMicrosoftGraphBetaAsync": "FAILED"
}