{
  "input::tests::dashes_are_normalized": "PASSED",
  "input::tests::detect_cyclic_dependency_direct": "PASSED",
  "input::tests::detect_cyclic_dependency_indirect": "PASSED",
  "input::tests::it_works": "PASSED",
  "tests::demorgan": "PASSED",
  "tests::hints_impossible": "PASSED",
  "tests::distribute": "PASSED",
  "tests::hints": "PASSED",
  "tests::smoke": "PASSED",
  "tests::nested": "PASSED",
  "tests::test_cfg_expr_parser": "PASSED",
  "tests::why_inactive": "PASSED",
  "db::hir_database_is_object_safe": "PASSED",
  "body::scope::tests::broken_inner_item": "PASSED",
  "body::scope::tests::test_loop_scope": "PASSED",
  "body::scope::tests::test_call_scope": "PASSED",
  "body::scope::tests::test_method_call_scope": "PASSED",
  "body::tests::block::inner_item_smoke": "PASSED",
  "body::tests::block::super_does_not_resolve_to_block_module": "PASSED",
  "body::scope::tests::test_resolve_local_name_declaration": "PASSED",
  "body::scope::tests::test_match": "PASSED",
  "body::tests::block::underscore_import": "PASSED",
  "body::scope::tests::ref_patterns_contribute_bindings": "PASSED",
  "body::scope::tests::test_resolve_local_name_shadow": "PASSED",
  "body::tests::block::merge_namespaces": "PASSED",
  "body::scope::tests::test_shadow_variable": "PASSED",
  "body::scope::tests::test_bindings_after_at": "PASSED",
  "body::scope::tests::test_lambda_scope": "PASSED",
  "body::scope::tests::while_let_desugaring": "PASSED",
  "body::tests::block::nested_module_scoping": "PASSED",
  "body::tests::block::nested_blocks": "PASSED",
  "body::scope::tests::test_resolve_local_name": "PASSED",
  "body::tests::block::use_from_crate": "PASSED",
  "body::tests::cfg_diagnostics": "PASSED",
  "body::tests::block::super_imports": "PASSED",
  "body::tests::block::macro_resolve_legacy": "PASSED",
  "body::tests::block::legacy_macro_items": "PASSED",
  "body::scope::tests::macro_inner_item": "PASSED",
  "body::tests::macro_resolve": "PASSED",
  "body::tests::macro_rules_diag": "PASSED",
  "body::tests::unresolved_macro_diag": "PASSED",
  "body::tests::block::macro_resolve": "PASSED",
  "body::tests::macro_diag_builtin": "PASSED",
  "body::tests::dollar_crate_in_builtin_macro": "PASSED",
  "find_path::tests::crate_root": "PASSED",
  "find_path::tests::enum_variant": "PASSED",
  "find_path::tests::discount_private_imports": "PASSED",
  "find_path::tests::inner_items": "PASSED",
  "find_path::tests::inner_items_from_outer_scope": "PASSED",
  "find_path::tests::from_inside_module": "PASSED",
  "find_path::tests::builtins_are_in_scope": "PASSED",
  "find_path::tests::self_module": "PASSED",
  "find_path::tests::same_crate": "PASSED",
  "find_path::tests::same_module": "PASSED",
  "find_path::tests::from_inside_module_with_inner_items": "PASSED",
  "find_path::tests::inner_items_from_inner_module": "PASSED",
  "find_path::tests::import_cycle": "PASSED",
  "find_path::tests::outer_items_with_inner_items_present": "PASSED",
  "find_path::tests::prelude": "PASSED",
  "find_path::tests::extern_crate": "PASSED",
  "find_path::tests::sub_module": "PASSED",
  "find_path::tests::same_crate_reexport": "PASSED",
  "find_path::tests::same_crate_reexport_rename": "PASSED",
  "nameres::collector::tests::test_macro_expand_will_stop_2": "SKIPPED",
  "find_path::tests::super_module": "PASSED",
  "find_path::tests::prelude_with_inner_items": "PASSED",
  "nameres::tests::bogus_paths": "PASSED",
  "nameres::tests::can_import_enum_variant": "PASSED",
  "find_path::tests::enum_variant_from_prelude": "PASSED",
  "find_path::tests::shortest_path": "PASSED",
  "find_path::tests::recursive_pub_mod_reexport": "PASSED",
  "nameres::tests::cfg_the_entire_crate": "PASSED",
  "nameres::tests::crate_def_map_fn_mod_same_name": "PASSED",
  "nameres::tests::cfg_not_test": "PASSED",
  "nameres::tests::cfg_test": "PASSED",
  "nameres::tests::crate_def_map_super_super": "PASSED",
  "nameres::tests::diagnostics::builtin_macro_fails_expansion": "PASSED",
  "nameres::tests::diagnostics::extern_crate_self_as": "PASSED",
  "nameres::tests::crate_def_map_smoke_test": "PASSED",
  "nameres::tests::diagnostics::dedup_unresolved_import_from_unresolved_crate": "PASSED",
  "nameres::tests::diagnostics::unresolved_extern_crate": "PASSED",
  "nameres::tests::diagnostics::include_macro_should_allow_empty_content": "PASSED",
  "nameres::tests::diagnostics::good_out_dir_diagnostic": "PASSED",
  "nameres::tests::diagnostics::inactive_item": "PASSED",
  "nameres::tests::diagnostics::inactive_via_cfg_attr": "PASSED",
  "nameres::tests::diagnostics::unresolved_import": "PASSED",
  "nameres::tests::diagnostics::unresolved_import_in_use_tree": "PASSED",
  "nameres::tests::diagnostics::unresolved_module": "PASSED",
  "nameres::tests::diagnostics::unresolved_legacy_scope_macro": "PASSED",
  "nameres::tests::edition_2015_imports": "PASSED",
  "nameres::tests::diagnostics::unresolved_module_scope_macro": "PASSED",
  "nameres::tests::extern_crate_rename": "PASSED",
  "nameres::tests::extern_crate_rename_2015_edition": "PASSED",
  "nameres::tests::globs::glob_across_crates": "PASSED",
  "nameres::tests::globs::glob_enum": "PASSED",
  "nameres::tests::globs::glob_1": "PASSED",
  "nameres::tests::globs::glob_enum_group": "PASSED",
  "nameres::tests::globs::glob_2": "PASSED",
  "nameres::tests::globs::glob_privacy_2": "PASSED",
  "nameres::tests::globs::glob_privacy_1": "PASSED",
  "nameres::tests::globs::glob_privacy_across_crates": "PASSED",
  "import_map::tests::cyclic_module_reexport": "PASSED",
  "nameres::tests::globs::glob_shadowed_def": "PASSED",
  "import_map::tests::private_macro": "PASSED",
  "nameres::tests::globs::glob_shadowed_def_dependencies": "PASSED",
  "import_map::tests::prefers_shortest_path": "PASSED",
  "nameres::tests::globs::glob_shadowed_def_reversed": "PASSED",
  "import_map::tests::fuzzy_import_trait_and_assoc_items": "PASSED",
  "nameres::tests::item_map_across_crates": "PASSED",
  "import_map::tests::search_limit": "PASSED",
  "nameres::tests::infer_multiple_namespace": "PASSED",
  "nameres::tests::macros::collects_derive_helpers": "PASSED",
  "nameres::tests::item_map_using_self": "PASSED",
  "nameres::tests::incremental::typing_inside_a_function_should_not_invalidate_def_map": "PASSED",
  "nameres::tests::incremental::typing_inside_a_macro_should_not_invalidate_def_map": "PASSED",
  "nameres::tests::macros::expand_derive": "PASSED",
  "nameres::tests::incremental::typing_inside_a_function_should_not_invalidate_expansions": "PASSED",
  "nameres::tests::macros::macro_dollar_crate_is_correct_in_indirect_deps": "PASSED",
  "nameres::tests::macros::local_inner_macros_makes_local_macros_usable": "PASSED",
  "nameres::tests::macros::macro_rules_are_globally_visible": "PASSED",
  "nameres::tests::macros::macro_dollar_crate_is_correct_in_item": "PASSED",
  "nameres::tests::macros::macro_rules_export_with_local_inner_macros_are_visible": "PASSED",
  "import_map::tests::macro_reexport": "PASSED",
  "nameres::tests::macros::prelude_cycle": "PASSED",
  "nameres::tests::macros::macro_rules_from_other_crates_are_visible": "PASSED",
  "import_map::tests::namespacing": "PASSED",
  "nameres::tests::macros::macro_rules_can_define_modules": "PASSED",
  "import_map::tests::search_casing": "PASSED",
  "import_map::tests::type_reexport_cross_crate": "PASSED",
  "nameres::tests::mod_resolution::module_resolution_decl_inside_inline_module_3": "PASSED",
  "nameres::tests::mod_resolution::abs_path_ignores_local": "PASSED",
  "nameres::tests::mod_resolution::module_resolution_decl_empty_path": "PASSED",
  "nameres::tests::macros::macro_use_can_be_aliased": "PASSED",
  "nameres::tests::mod_resolution::module_resolution_decl_inside_inline_module": "PASSED",
  "nameres::tests::macros::proc_macro_censoring": "PASSED",
  "nameres::tests::mod_resolution::module_resolution_decl_path": "PASSED",
  "nameres::tests::macros::macros_defining_macros": "PASSED",
  "nameres::tests::mod_resolution::cfg_in_module_file": "PASSED",
  "nameres::tests::mod_resolution::module_resolution_module_decl_path_super": "PASSED",
  "nameres::tests::mod_resolution::module_resolution_decl_inside_inline_module_in_mod_rs": "PASSED",
  "nameres::tests::mod_resolution::module_resolution_explicit_path_mod_rs_2": "PASSED",
  "nameres::tests::mod_resolution::module_resolution_explicit_path_mod_rs": "PASSED",
  "nameres::tests::mod_resolution::module_resolution_relative_path_2": "PASSED",
  "nameres::tests::macros::resolves_proc_macros": "PASSED",
  "nameres::tests::mod_resolution::module_resolution_explicit_path_mod_rs_with_win_separator": "PASSED",
  "nameres::tests::macros::macro_rules_from_other_crates_are_visible_with_macro_use": "PASSED",
  "nameres::tests::macros::path_qualified_macros": "PASSED",
  "nameres::tests::mod_resolution::module_resolution_decl_inside_inline_module_2_with_path_attribute": "PASSED",
  "nameres::tests::mod_resolution::module_resolution_decl_inside_inline_module_in_crate_root": "PASSED",
  "nameres::tests::mod_resolution::module_resolution_module_with_path_non_crate_root": "PASSED",
  "nameres::tests::mod_resolution::module_resolution_decl_inside_inline_module_in_non_crate_root": "PASSED",
  "nameres::tests::macros::resolve_macro_def": "PASSED",
  "nameres::tests::macros::prelude_is_macro_use": "PASSED",
  "nameres::tests::macros::resolve_builtin_derive": "PASSED",
  "nameres::tests::mod_resolution::module_resolution_decl_inside_inline_module_relative_path": "PASSED",
  "nameres::tests::mod_resolution::module_resolution_relative_path": "PASSED",
  "nameres::tests::mod_resolution::module_resolution_works_for_raw_modules": "PASSED",
  "nameres::tests::mod_resolution::module_resolution_decl_inside_inline_module_with_path_attribute": "PASSED",
  "nameres::tests::mod_resolution::name_res_works_for_broken_modules": "PASSED",
  "nameres::tests::mod_resolution::module_resolution_works_for_non_standard_filenames": "PASSED",
  "nameres::tests::underscore_name_conflict": "PASSED",
  "nameres::tests::mod_resolution::module_resolution_decl_inside_inline_module_empty_path": "PASSED",
  "nameres::tests::mod_resolution::nested_out_of_line_module": "PASSED",
  "nameres::tests::primitives::primitive_reexport": "PASSED",
  "nameres::tests::use_as": "PASSED",
  "nameres::tests::underscore_import": "PASSED",
  "nameres::tests::macros::type_value_macro_live_in_different_scopes": "PASSED",
  "nameres::tests::mod_resolution::module_resolution_module_with_path_in_mod_rs": "PASSED",
  "nameres::tests::re_exports": "PASSED",
  "nameres::tests::macros::unexpanded_macro_should_expand_by_fixedpoint_loop": "PASSED",
  "nameres::tests::mod_resolution::nested_module_resolution": "PASSED",
  "nameres::tests::mod_resolution::nested_out_of_line_module_with_path": "PASSED",
  "nameres::tests::std_prelude": "PASSED",
  "nameres::tests::mod_resolution::module_resolution_relative_path_outside_root": "PASSED",
  "nameres::tests::use_crate_as": "PASSED",
  "nameres::tests::mod_resolution::module_resolution_decl_inside_inline_module_in_non_crate_root_2": "PASSED",
  "nameres::tests::underscore_pub_crate_reexport": "PASSED",
  "nameres::tests::mod_resolution::nested_module_resolution_2": "PASSED",
  "nameres::tests::underscore_nontrait": "PASSED",
  "nameres::tests::reexport_across_crates": "PASSED",
  "nameres::tests::mod_resolution::module_resolution_decl_inside_module_in_non_crate_root_2": "PASSED",
  "nameres::tests::std_prelude_takes_precedence_above_core_prelude": "PASSED",
  "nameres::tests::underscore_reexport": "PASSED",
  "find_path::tests::different_crate_renamed": "PASSED",
  "nameres::tests::values_dont_shadow_extern_crates": "PASSED",
  "nameres::tests::use_trees": "PASSED",
  "nameres::tests::mod_resolution::circular_mods": "PASSED",
  "nameres::tests::macros::plain_macros_are_legacy_textual_scoped": "PASSED",
  "import_map::tests::module_reexport": "PASSED",
  "import_map::tests::search_exclusions": "PASSED",
  "import_map::tests::smoke": "PASSED",
  "import_map::tests::name_only": "PASSED",
  "import_map::tests::search_mode": "PASSED",
  "import_map::tests::assoc_items_filtering": "PASSED",
  "body::tests::your_stack_belongs_to_me": "PASSED",
  "find_path::tests::different_crate": "PASSED",
  "find_path::tests::different_crate_reexport": "PASSED",
  "find_path::tests::prefer_shorter_paths_if_not_alloc": "PASSED",
  "find_path::tests::prefer_core_paths_over_std": "PASSED",
  "find_path::tests::prefer_alloc_paths_over_std": "PASSED",
  "find_path::tests::prefer_std_paths_over_alloc": "PASSED",
  "find_path::tests::partially_imported": "PASSED",
  "nameres::collector::tests::test_macro_expand_will_stop_1": "PASSED",
  "nameres::tests::macros::macro_expansion_overflow": "PASSED",
  "builtin_macro::tests::test_compile_error_expand": "PASSED",
  "builtin_macro::tests::test_column_expand": "PASSED",
  "builtin_macro::tests::test_concat_idents_expand": "PASSED",
  "builtin_derive::tests::test_copy_expand_simple": "PASSED",
  "builtin_macro::tests::test_file_expand": "PASSED",
  "builtin_macro::tests::test_env_expand": "PASSED",
  "builtin_macro::tests::test_concat_expand": "PASSED",
  "builtin_derive::tests::test_copy_expand_with_type_params": "PASSED",
  "builtin_derive::tests::test_copy_expand_with_lifetimes": "PASSED",
  "builtin_macro::tests::test_assert_expand": "PASSED",
  "builtin_derive::tests::test_clone_expand": "PASSED",
  "quote::tests::test_quote_delimiters": "PASSED",
  "quote::tests::test_quote_derive_copy_hack": "PASSED",
  "builtin_macro::tests::test_line_expand": "PASSED",
  "quote::tests::test_quote_hash_simple_literal": "PASSED",
  "builtin_macro::tests::test_include_bytes_expand": "PASSED",
  "quote::tests::test_quote_hash_token_tree": "PASSED",
  "input::tests::remove_derive": "PASSED",
  "quote::tests::test_quote_idents": "PASSED",
  "builtin_macro::tests::test_format_args_expand": "PASSED",
  "quote::tests::test_quote_simple_derive_copy": "PASSED",
  "builtin_macro::tests::test_stringify_expand": "PASSED",
  "builtin_macro::tests::test_format_args_expand_with_comma_exprs": "PASSED",
  "builtin_macro::tests::test_option_env_expand": "PASSED",
  "diagnostics::decl_check::case_conv::tests::test_to_lower_snake_case": "PASSED",
  "diagnostics::decl_check::case_conv::tests::test_to_upper_snake_case": "PASSED",
  "diagnostics::decl_check::tests::bug_trait_inside_fn": "SKIPPED",
  "diagnostics::decl_check::tests::bug_traits_arent_checked": "SKIPPED",
  "diagnostics::decl_check::case_conv::tests::test_to_camel_case": "PASSED",
  "diagnostics::decl_check::tests::no_diagnostic_for_camel_cased_acronyms_in_struct_name": "PASSED",
  "diagnostics::decl_check::tests::no_diagnostic_for_camel_cased_acronyms_in_enum_name": "PASSED",
  "diagnostics::decl_check::tests::incorrect_enum_variant_name": "PASSED",
  "diagnostics::decl_check::tests::incorrect_enum_names": "PASSED",
  "diagnostics::decl_check::tests::incorrect_struct_names": "PASSED",
  "diagnostics::decl_check::tests::incorrect_struct_field": "PASSED",
  "diagnostics::decl_check::tests::ignores_extern_items": "PASSED",
  "diagnostics::decl_check::tests::infinite_loop_inner_items": "PASSED",
  "diagnostics::match_check::tests::tuple_of_bools_with_ellipsis_at_end_missing_arm": "PASSED",
  "diagnostics::tests::break_outside_of_loop": "PASSED",
  "diagnostics::match_check::tests::expr_partially_diverges": "PASSED",
  "diagnostics::decl_check::tests::incorrect_variable_names": "PASSED",
  "diagnostics::tests::import_extern_crate_clash_with_inner_item": "PASSED",
  "diagnostics::match_check::tests::tuple_of_bools_with_ellipsis_in_middle_missing_arm": "PASSED",
  "diagnostics::tests::missing_record_pat_field_box": "PASSED",
  "tests::coercion::coerce_closure_to_fn_ptr": "PASSED",
  "diagnostics::decl_check::tests::allow_attributes_crate_attr": "PASSED",
  "tests::coercion::coerce_unsize_generic": "SKIPPED",
  "diagnostics::decl_check::tests::non_let_bind": "PASSED",
  "diagnostics::tests::missing_record_pat_field_no_diagnostic_if_not_exhaustive": "PASSED",
  "diagnostics::match_check::tests::unit_struct": "PASSED",
  "diagnostics::tests::no_such_field_with_feature_flag_diagnostics": "PASSED",
  "tests::coercion::coerce_placeholder_ref": "PASSED",
  "diagnostics::decl_check::tests::incorrect_static_name": "PASSED",
  "diagnostics::tests::missing_semicolon": "PASSED",
  "diagnostics::decl_check::tests::incorrect_function_name": "PASSED",
  "diagnostics::decl_check::tests::incorrect_const_name": "PASSED",
  "diagnostics::tests::no_such_field_with_type_macro": "PASSED",
  "tests::coercion::coerce_unsize_trait_object_to_trait_object": "SKIPPED",
  "diagnostics::match_check::tests::tuple_of_two_empty_tuple": "PASSED",
  "diagnostics::unsafe_check::tests::no_missing_unsafe_diagnostic_with_safe_intrinsic": "PASSED",
  "tests::coercion::coerce_merge_one_by_one1": "PASSED",
  "diagnostics::match_check::tests::or_pattern_no_diagnostic": "PASSED",
  "tests::coercion::infer_block_expr_type_mismatch": "PASSED",
  "diagnostics::tests::no_such_field_enum_with_feature_flag_diagnostics": "PASSED",
  "diagnostics::match_check::tests::tuple_struct": "PASSED",
  "diagnostics::match_check::tests::mismatched_types": "PASSED",
  "diagnostics::expr::tests::arg_count_lambda": "PASSED",
  "tests::coercion::infer_if_coerce": "PASSED",
  "tests::coercion::return_coerce_unknown": "PASSED",
  "tests::coercion::coerce_autoderef_generic": "PASSED",
  "diagnostics::match_check::tests::enum_record_fields_out_of_order": "PASSED",
  "diagnostics::match_check::tests::enum_record_ellipsis": "PASSED",
  "tests::macros::benchmark_include_macro": "PASSED",
  "diagnostics::match_check::tests::record_struct": "PASSED",
  "diagnostics::decl_check::tests::fn_inside_impl_struct": "PASSED",
  "diagnostics::tests::missing_record_pat_field_diagnostic": "PASSED",
  "diagnostics::match_check::tests::enums": "PASSED",
  "tests::display_source_code::omit_default_type_parameters": "PASSED",
  "tests::display_source_code::qualify_path_to_submodule": "PASSED",
  "tests::macros::expr_macro_expanded_in_stmts": "PASSED",
  "tests::display_source_code::render_raw_ptr_impl_ty": "PASSED",
  "diagnostics::unsafe_check::tests::missing_unsafe_diagnostic_with_raw_ptr": "PASSED",
  "diagnostics::match_check::tests::internal_or": "PASSED",
  "tests::macros::infer_builtin_macros_column": "PASSED",
  "diagnostics::match_check::tests::tuple_of_bools_with_ellipsis_at_beginning_missing_arm": "PASSED",
  "tests::macros::infer_builtin_macros_concat": "PASSED",
  "tests::coercion::infer_let_stmt_coerce": "PASSED",
  "diagnostics::match_check::tests::false_negatives::integers": "PASSED",
  "tests::macros::infer_builtin_macros_env": "PASSED",
  "tests::macros::infer_builtin_macros_concat_with_lazy": "PASSED",
  "tests::macros::expr_macro_def_expanded_in_various_places": "PASSED",
  "diagnostics::decl_check::tests::incorrect_function_params": "PASSED",
  "tests::macros::infer_builtin_macros_include_concat_with_bad_env_should_failed": "PASSED",
  "tests::macros::infer_builtin_macros_include_str": "PASSED",
  "diagnostics::match_check::tests::unknown_type": "PASSED",
  "diagnostics::match_check::tests::enum_tuple_partial_ellipsis": "PASSED",
  "diagnostics::expr::tests::enum_variant": "PASSED",
  "diagnostics::decl_check::tests::no_diagnostic_for_enum_varinats": "PASSED",
  "diagnostics::tests::missing_record_pat_field_ref": "PASSED",
  "tests::macros::infer_builtin_macros_include": "PASSED",
  "tests::macros::infer_assoc_items_generated_by_macros_chain": "PASSED",
  "tests::macros::infer_builtin_macros_include_child_mod": "PASSED",
  "tests::macros::infer_custom_derive_simple": "PASSED",
  "diagnostics::expr::tests::method_unknown_receiver": "PASSED",
  "tests::coercion::infer_match_first_coerce": "PASSED",
  "tests::coercion::coerce_fn_item_to_fn_ptr": "PASSED",
  "tests::macros::infer_type_value_macro_having_same_name": "PASSED",
  "tests::coercion::infer_custom_coerce_unsized": "PASSED",
  "diagnostics::tests::no_such_field_diagnostics": "PASSED",
  "tests::macros::infer_legacy_textual_scoped_macros_expanded": "PASSED",
  "tests::method_resolution::infer_associated_method_generics_without_args": "PASSED",
  "tests::method_resolution::infer_associated_method_generics_2_type_params_without_args": "PASSED",
  "tests::macros::macros_in_type_position": "PASSED",
  "tests::macros::infer_builtin_macros_include_itself_should_failed": "PASSED",
  "tests::coercion::closure_return_coerce": "PASSED",
  "tests::method_resolution::infer_call_trait_method_on_generic_param_1": "PASSED",
  "tests::macros::infer_macros_expanded": "PASSED",
  "tests::macros::recursive_inner_item_macro_rules": "PASSED",
  "tests::macros::infer_macro_defining_block_with_items": "PASSED",
  "tests::macros::macros_in_type_alias_position_generics": "PASSED",
  "tests::method_resolution::cross_crate_associated_method_call": "PASSED",
  "tests::macros::cfg_impl_def": "PASSED",
  "tests::method_resolution::infer_trait_method_generic_2": "PASSED",
  "tests::method_resolution::infer_trait_assoc_method_generics_3": "PASSED",
  "tests::macros::processes_impls_generated_by_macros": "PASSED",
  "tests::method_resolution::infer_trait_assoc_method_generics_5": "PASSED",
  "tests::method_resolution::method_on_dyn_impl": "PASSED",
  "tests::method_resolution::infer_trait_assoc_method_generics_4": "PASSED",
  "tests::method_resolution::method_resolution_non_parameter_type": "PASSED",
  "tests::method_resolution::infer_trait_method_generic_1": "PASSED",
  "tests::macros::infer_builtin_macros_include_str_with_lazy_nested": "PASSED",
  "diagnostics::expr::tests::tuple_struct": "PASSED",
  "tests::method_resolution::method_resolution_overloaded_method": "PASSED",
  "tests::method_resolution::method_resolution_foreign_opaque_type": "PASSED",
  "diagnostics::expr::tests::cfgd_out_fn_params": "PASSED",
  "tests::method_resolution::method_resolution_3373": "PASSED",
  "tests::method_resolution::method_resolution_impl_before_trait": "PASSED",
  "tests::macros::infer_macro_with_dollar_crate_in_def_site": "PASSED",
  "tests::method_resolution::method_resolution_unsize_array": "PASSED",
  "tests::method_resolution::method_resolution_encountering_fn_type": "PASSED",
  "tests::macros::recurisve_macro_expanded_in_stmts": "PASSED",
  "tests::method_resolution::infer_associated_method_generics": "PASSED",
  "tests::method_resolution::method_resolution_slow": "PASSED",
  "tests::method_resolution::infer_trait_assoc_method_generics_2": "PASSED",
  "tests::method_resolution::method_with_allocator_box_self_type": "PASSED",
  "tests::never_type::infer_never1": "PASSED",
  "tests::never_type::match_no_never_arms": "PASSED",
  "tests::macros::infer_builtin_macros_line": "PASSED",
  "tests::method_resolution::infer_trait_method_scoped": "PASSED",
  "tests::never_type::match_unknown_arm": "PASSED",
  "tests::never_type::if_else_never": "PASSED",
  "diagnostics::match_check::tests::malformed_match_arm_tuple_enum_missing_pattern": "PASSED",
  "tests::method_resolution::infer_trait_assoc_method": "PASSED",
  "tests::method_resolution::method_resolution_impl_ref_before_trait": "PASSED",
  "tests::never_type::if_never": "PASSED",
  "tests::macros::infer_local_macro": "PASSED",
  "tests::method_resolution::method_resolution_trait_before_autoderef": "PASSED",
  "tests::never_type::never_type_can_be_reinferred2": "PASSED",
  "tests::never_type::never_type_in_generic_args": "PASSED",
  "diagnostics::decl_check::tests::allow_attributes": "PASSED",
  "tests::never_type::match_first_arm_never": "PASSED",
  "tests::macros::infer_macro_with_dollar_crate_is_correct_in_trait_associate_type": "PASSED",
  "tests::never_type::infer_never3": "PASSED",
  "tests::never_type::match_second_arm_never": "PASSED",
  "tests::method_resolution::method_resolution_unify_impl_self_type": "PASSED",
  "tests::method_resolution::method_resolution_trait_from_prelude": "PASSED",
  "tests::method_resolution::method_resolution_where_clause_for_unknown_trait": "PASSED",
  "tests::macros::infer_local_inner_macros": "PASSED",
  "tests::patterns::infer_pattern_match_or": "PASSED",
  "tests::never_type::never_type_can_be_reinferred3": "PASSED",
  "tests::macros::infer_builtin_macros_file": "PASSED",
  "tests::method_resolution::method_resolution_where_clause_2": "PASSED",
  "tests::method_resolution::method_resolution_trait_before_autoref": "PASSED",
  "tests::patterns::infer_pattern_match_arr": "PASSED",
  "tests::method_resolution::infer_with_multiple_trait_impls": "PASSED",
  "tests::patterns::infer_pattern": "PASSED",
  "tests::coercion::infer_if_else_coerce": "PASSED",
  "tests::patterns::box_pattern": "PASSED",
  "tests::method_resolution::method_resolution_where_clause_1": "PASSED",
  "tests::method_resolution::method_resolution_trait_autoderef": "PASSED",
  "tests::method_resolution::method_resolution_by_value_before_autoref": "PASSED",
  "tests::regression::infer_array_macro_call": "PASSED",
  "tests::patterns::const_block_pattern": "PASSED",
  "tests::regression::bug_651": "PASSED",
  "tests::macros::macro_in_arm": "PASSED",
  "tests::regression::infer_std_crash_2": "PASSED",
  "tests::regression::infer_std_crash_1": "PASSED",
  "tests::method_resolution::trait_impl_in_unnamed_const": "PASSED",
  "tests::method_resolution::infer_trait_method_generic_more_params": "PASSED",
  "diagnostics::match_check::tests::never": "PASSED",
  "tests::macros::infer_path_qualified_macros_expanded": "PASSED",
  "tests::regression::infer_std_crash_3": "PASSED",
  "tests::regression::issue_3642_bad_macro_stackover": "PASSED",
  "tests::method_resolution::infer_call_trait_method_on_generic_param_2": "PASSED",
  "tests::patterns::slice_tail_pattern": "PASSED",
  "tests::regression::issue_2705": "PASSED",
  "tests::regression::infer_std_crash_4": "PASSED",
  "tests::never_type::diverging_expression_1": "PASSED",
  "tests::regression::issue_3999_slice": "PASSED",
  "tests::patterns::infer_guard": "PASSED",
  "tests::regression::cfg_tail": "PASSED",
  "tests::method_resolution::inherent_impl_in_unnamed_const": "PASSED",
  "tests::regression::infer_std_crash_5": "PASSED",
  "tests::regression::issue_2669": "PASSED",
  "tests::regression::bug_1030": "PASSED",
  "tests::regression::issue_6811": "PASSED",
  "tests::macros::macro_in_type_alias_position": "PASSED",
  "tests::patterns::tuple_ellipsis_pattern": "PASSED",
  "tests::never_type::diverging_expression_3_break": "PASSED",
  "tests::patterns::infer_literal_pattern": "PASSED",
  "tests::patterns::macro_pat": "PASSED",
  "tests::regression::issue_4465_dollar_crate_at_type": "PASSED",
  "diagnostics::unsafe_check::tests::missing_unsafe_diagnostic_with_static_mut": "PASSED",
  "tests::regression::issue_4053_diesel_where_clauses": "PASSED",
  "tests::regression::recursive_vars": "PASSED",
  "tests::regression::issue_4953": "PASSED",
  "tests::regression::no_panic_on_field_of_enum": "PASSED",
  "tests::regression::issue_4885": "PASSED",
  "tests::simple::closure_return_inferred": "PASSED",
  "tests::simple::closure_return": "PASSED",
  "tests::patterns::infer_pattern_match_ergonomics_ref": "PASSED",
  "tests::regression::issue_4966": "PASSED",
  "tests::patterns::tuple_struct_ellipsis_pattern": "PASSED",
  "tests::simple::cfgd_out_assoc_items": "PASSED",
  "tests::coercion::coerce_fn_items_in_match_arms": "PASSED",
  "diagnostics::match_check::tests::empty_tuple": "PASSED",
  "tests::macros::infer_builtin_macros_include_concat": "PASSED",
  "tests::simple::infer_array": "PASSED",
  "tests::simple::fn_pointer_return": "PASSED",
  "tests::simple::infer_basics": "PASSED",
  "tests::simple::infer_box": "PASSED",
  "tests::simple::infer_box_with_allocator": "PASSED",
  "tests::salsa_bug": "PASSED",
  "tests::regression::infer_nested_generics_crash": "PASSED",
  "tests::simple::infer_const_params": "PASSED",
  "tests::method_resolution::method_resolution_where_clause_not_met": "PASSED",
  "tests::never_type::diverging_expression_2": "PASSED",
  "tests::simple::infer_closure_unify": "PASSED",
  "tests::simple::infer_generic_chain": "PASSED",
  "diagnostics::tests::replace_filter_map_next_with_find_map_no_diagnostic_without_next": "PASSED",
  "tests::never_type::match_all_arms_never": "PASSED",
  "tests::patterns::infer_pattern_match_ergonomics": "PASSED",
  "tests::simple::infer_enum": "PASSED",
  "tests::regression::issue_2683_chars_impl": "PASSED",
  "tests::patterns::infer_generics_in_patterns": "PASSED",
  "tests::regression::issue_4931": "PASSED",
  "tests::simple::infer_adt_self": "PASSED",
  "tests::never_type::infer_never2": "PASSED",
  "tests::regression::issue_6628": "PASSED",
  "tests::simple::infer_function_generics": "PASSED",
  "tests::simple::infer_let": "PASSED",
  "tests::simple::infer_impl_generics_with_autoderef": "PASSED",
  "tests::simple::infer_generic_from_later_assignment": "PASSED",
  "tests::simple::infer_backwards": "PASSED",
  "diagnostics::tests::replace_filter_map_next_with_find_map_no_diagnostic_with_intervening_methods": "PASSED",
  "tests::simple::infer_impl_generics_basic": "PASSED",
  "tests::macros::infer_macro_with_dollar_crate_is_correct_in_expr": "PASSED",
  "tests::simple::generic_default_in_struct_literal": "PASSED",
  "tests::simple::infer_literals": "PASSED",
  "tests::regression::bug_484": "PASSED",
  "tests::simple::infer_const": "PASSED",
  "tests::method_resolution::infer_trait_method_simple": "PASSED",
  "tests::simple::closure_return_unit": "PASSED",
  "tests::simple::effects_smoke_test": "PASSED",
  "tests::simple::infer_binary_op": "PASSED",
  "tests::simple::generic_default": "PASSED",
  "tests::method_resolution::infer_trait_assoc_method_generics_1": "PASSED",
  "diagnostics::tests::no_such_field_with_feature_flag_diagnostics_on_struct_lit": "PASSED",
  "tests::simple::infer_inner_type": "PASSED",
  "tests::traits::error_bound_chalk": "SKIPPED",
  "tests::method_resolution::infer_slice_method": "PASSED",
  "tests::regression::issue_6852": "PASSED",
  "tests::simple::infer_raw_ref": "PASSED",
  "tests::simple::infer_inherent_method_str": "PASSED",
  "tests::simple::infer_shift_op": "PASSED",
  "tests::never_type::match_no_arm": "PASSED",
  "tests::simple::infer_loop_break_without_val": "PASSED",
  "tests::simple::infer_static": "PASSED",
  "tests::simple::not_shadowing_module_by_primitive": "PASSED",
  "tests::simple::not_shadowing_primitive_by_module": "PASSED",
  "tests::regression::bug_585": "PASSED",
  "tests::never_type::never_type_can_be_reinferred1": "PASSED",
  "tests::patterns::infer_pattern_match_string_literal": "PASSED",
  "tests::regression::infer_paren_macro_call": "PASSED",
  "tests::simple::infer_associated_const": "PASSED",
  "tests::method_resolution::dyn_trait_super_trait_not_in_scope": "PASSED",
  "tests::regression::param_overrides_fn": "PASSED",
  "tests::method_resolution::autoderef_visibility_field": "PASSED",
  "tests::regression::recursive_vars_2": "PASSED",
  "tests::simple::infer_argument_autoderef": "PASSED",
  "tests::simple::infer_type_param": "PASSED",
  "tests::simple::infer_nested_inner_type": "PASSED",
  "tests::simple::box_into_vec": "PASSED",
  "tests::simple::infer_tuple": "PASSED",
  "tests::macros::infer_type_value_non_legacy_macro_use_as": "PASSED",
  "tests::traits::argument_impl_trait_to_fn_pointer": "PASSED",
  "tests::simple::generic_default_depending_on_other_type_arg_forward": "PASSED",
  "tests::simple::infer_loop_break_with_val": "PASSED",
  "tests::simple::infer_type_alias": "PASSED",
  "tests::traits::associated_type_placeholder_2": "PASSED",
  "tests::simple::infer_while_let": "PASSED",
  "tests::simple::should_be_shadowing_imports": "PASSED",
  "tests::simple::infer_unary_op": "PASSED",
  "tests::simple::infer_type_alias_variant": "PASSED",
  "tests::simple::type_alias_in_struct_lit": "PASSED",
  "tests::traits::indexing_arrays": "PASSED",
  "tests::traits::associated_type_placeholder": "PASSED",
  "tests::simple::infer_labelled_block_break_with_val": "PASSED",
  "tests::simple::generic_default_depending_on_other_type_arg": "PASSED",
  "tests::regression::lifetime_from_chalk_during_deref": "PASSED",
  "tests::coercion::coerce_unsize_array": "PASSED",
  "tests::coercion::coerce_unsize_super_trait_cycle": "PASSED",
  "tests::macros::macros_in_type_generics": "PASSED",
  "tests::macros::infer_derive_clone_in_core": "PASSED",
  "tests::simple::infer_struct_generics": "PASSED",
  "tests::macros::infer_derive_clone_simple": "PASSED",
  "tests::simple::recursive_type_alias": "PASSED",
  "tests::coercion::coerce_unsize_trait_object_simple": "PASSED",
  "tests::simple::infer_refs": "PASSED",
  "tests::traits::infer_const_body": "PASSED",
  "tests::simple::infer_inherent_method": "PASSED",
  "tests::patterns::infer_pattern_match_slice": "PASSED",
  "tests::regression::issue_8686": "PASSED",
  "tests::traits::generic_param_env_2_not_met": "PASSED",
  "tests::traits::generic_param_env_1": "PASSED",
  "tests::traits::closure_2": "PASSED",
  "tests::traits::dyn_trait_through_chalk": "PASSED",
  "tests::traits::dyn_trait_bare": "PASSED",
  "tests::simple::shadowing_primitive_with_inner_items": "PASSED",
  "tests::simple::infer_field_autoderef": "PASSED",
  "tests::traits::generic_param_env_2": "PASSED",
  "tests::simple::infer_paths": "PASSED",
  "tests::simple::infer_struct": "PASSED",
  "tests::simple::infer_labelled_break_with_val": "PASSED",
  "tests::traits::dyn_trait": "PASSED",
  "tests::traits::argument_impl_trait": "PASSED",
  "tests::traits::infer_closure_arg": "PASSED",
  "tests::traits::builtin_sized": "PASSED",
  "tests::simple::infer_self_as_path": "PASSED",
  "diagnostics::expr::tests::simple_free_fn_zero": "PASSED",
  "tests::patterns::infer_range_pattern": "PASSED",
  "diagnostics::expr::tests::simple_free_fn_one": "PASSED",
  "tests::simple::infer_path_type": "PASSED",
  "tests::traits::builtin_fn_ptr_copy": "PASSED",
  "tests::method_resolution::method_resolution_where_clause_inline": "PASSED",
  "diagnostics::expr::tests::enum_variant_type_macro": "PASSED",
  "tests::simple::infer_if_match_with_return": "PASSED",
  "tests::simple::infer_ranges": "PASSED",
  "tests::traits::infer_desugar_async": "PASSED",
  "tests::simple::infer_union": "PASSED",
  "tests::macros::nested_macro_in_type_alias_position": "PASSED",
  "tests::macros::infer_assoc_items_generated_by_macros": "PASSED",
  "diagnostics::match_check::tests::record_struct_ellipsis": "PASSED",
  "tests::regression::issue_3999_struct": "PASSED",
  "tests::traits::infer_associated_type_bound": "PASSED",
  "tests::macros::infer_derive_clone_with_params": "PASSED",
  "diagnostics::match_check::tests::boolean": "PASSED",
  "tests::traits::deref_trait": "PASSED",
  "tests::simple::infer_in_elseif": "PASSED",
  "tests::patterns::enum_variant_through_self_in_pattern": "PASSED",
  "tests::traits::fn_trait": "PASSED",
  "tests::traits::closure_1": "PASSED",
  "tests::simple::infer_tuple_struct_generics": "PASSED",
  "tests::simple::self_in_struct_lit": "PASSED",
  "tests::traits::fn_item_fn_trait": "PASSED",
  "tests::traits::inner_use_in_block": "PASSED",
  "diagnostics::tests::replace_filter_map_next_with_find_map2": "PASSED",
  "diagnostics::match_check::tests::tuple_of_enum_no_diagnostic": "PASSED",
  "diagnostics::match_check::tests::enum_containing_bool": "PASSED",
  "tests::traits::nested_inner_function_calling_self": "PASSED",
  "tests::traits::bin_op_adt_with_rhs_primitive": "PASSED",
  "tests::typing_whitespace_inside_a_function_should_not_invalidate_types": "PASSED",
  "tests::simple::shadowing_primitive": "PASSED",
  "tests::patterns::infer_const_pattern": "PASSED",
  "tests::method_resolution::autoderef_visibility_method": "PASSED",
  "tests::traits::super_trait_cycle": "PASSED",
  "diagnostics::match_check::tests::tuple_of_tuple_and_bools": "PASSED",
  "tests::coercion::infer_match_second_coerce": "PASSED",
  "tests::traits::infer_dyn_fn_output": "PASSED",
  "tests::traits::infer_async": "PASSED",
  "tests::macros::expr_macro_rules_expanded_in_various_places": "PASSED",
  "tests::traits::obligation_from_method_clause": "PASSED",
  "tests::coercion::coerce_autoderef": "PASSED",
  "tests::traits::infer_ops_index_int": "PASSED",
  "diagnostics::match_check::tests::expr_diverges": "PASSED",
  "tests::traits::associated_type_bound": "PASSED",
  "tests::simple::inner_use_enum_rename": "PASSED",
  "tests::traits::underscore_import": "PASSED",
  "tests::traits::argument_impl_trait_type_args_1": "PASSED",
  "tests::traits::where_clause_trait_in_scope_for_method_resolution": "PASSED",
  "tests::traits::renamed_extern_crate_in_block": "PASSED",
  "tests::patterns::match_ergonomics_in_closure_params": "PASSED",
  "tests::traits::dyn_trait_in_impl": "PASSED",
  "tests::traits::super_trait_impl_trait_method_resolution": "PASSED",
  "tests::traits::obligation_from_impl_clause": "PASSED",
  "tests::traits::fn_ptr_and_item": "PASSED",
  "tests::traits::simple_return_pos_impl_trait": "PASSED",
  "tests::traits::super_trait_method_resolution": "PASSED",
  "tests::traits::qualified_path_as_qualified_trait": "PASSED",
  "diagnostics::tests::replace_filter_map_next_with_find_map_no_diagnostic_if_not_in_chain": "PASSED",
  "tests::traits::infer_await": "PASSED",
  "tests::traits::infer_fn_trait_arg": "PASSED",
  "tests::traits::unselected_projection_on_impl_self": "PASSED",
  "tests::method_resolution::infer_associated_method_struct": "PASSED",
  "tests::traits::variable_kinds_1": "PASSED",
  "tests::coercion::coerce_autoderef_block": "PASSED",
  "tests::traits::projection_eq_within_chalk": "PASSED",
  "diagnostics::match_check::tests::enum_record": "PASSED",
  "tests::traits::infer_dyn_fn_once_output": "PASSED",
  "tests::traits::deref_trait_with_inference_var": "PASSED",
  "tests::traits::infer_from_bound_1": "PASSED",
  "tests::traits::trait_default_method_self_bound_implements_trait": "PASSED",
  "tests::traits::deref_trait_infinite_recursion": "PASSED",
  "tests::traits::infer_ops_index_autoderef": "PASSED",
  "tests::simple::infer_self": "PASSED",
  "tests::patterns::infer_adt_pattern": "PASSED",
  "tests::traits::generic_param_env_deref": "PASSED",
  "tests::traits::deref_trait_with_question_mark_size": "PASSED",
  "tests::traits::inline_assoc_type_bounds_2": "PASSED",
  "tests::traits::infer_from_bound_2": "PASSED",
  "diagnostics::expr::tests::cfgd_out_call_arguments": "PASSED",
  "diagnostics::match_check::tests::enum_different_sizes": "PASSED",
  "tests::traits::impl_trait_assoc_binding_projection_bug": "PASSED",
  "tests::traits::infer_ops_not": "PASSED",
  "tests::traits::tuple_struct_with_fn": "PASSED",
  "tests::traits::unselected_projection_in_trait_env_1": "PASSED",
  "tests::traits::string_to_owned": "PASSED",
  "tests::traits::infer_return_associated_type": "PASSED",
  "tests::traits::trait_in_scope_with_inner_item": "PASSED",
  "tests::traits::unselected_projection_in_trait_env_cycle_1": "PASSED",
  "tests::regression::issue_4235_name_conflicts": "PASSED",
  "tests::traits::weird_bounds": "PASSED",
  "tests::traits::inner_use": "PASSED",
  "tests::traits::obligation_from_self_method_clause": "PASSED",
  "tests::traits::unselected_projection_in_trait_env_cycle_3": "PASSED",
  "tests::method_resolution::infer_associated_method_enum": "PASSED",
  "tests::traits::trait_default_method_self_bound_implements_super_trait": "PASSED",
  "tests::traits::unselected_projection_in_trait_env_cycle_2": "PASSED",
  "tests::traits::infer_try": "PASSED",
  "tests::traits::trait_object_no_coercion": "PASSED",
  "tests::traits::infer_box_fn_arg": "PASSED",
  "tests::traits::unselected_projection_on_trait_self": "PASSED",
  "tests::traits::infer_ops_neg": "PASSED",
  "diagnostics::expr::tests::varargs": "PASSED",
  "tests::traits::trait_impl_self_ty": "PASSED",
  "tests::traits::variable_kinds_2": "PASSED",
  "tests::method_resolution::method_resolution_where_clause_inline_not_met": "PASSED",
  "tests::traits::infer_project_associated_type": "PASSED",
  "tests::traits::builtin_fn_def_copy": "PASSED",
  "tests::traits::tuple_struct_fields": "PASSED",
  "tests::traits::generic_param_env_1_not_met": "PASSED",
  "tests::traits::unselected_projection_in_trait_env_no_cycle": "PASSED",
  "tests::traits::trait_impl_self_ty_cycle": "PASSED",
  "tests::traits::infer_ops_index": "PASSED",
  "diagnostics::unsafe_check::tests::missing_unsafe_diagnostic_with_unsafe_call": "PASSED",
  "tests::method_resolution::infer_associated_method_with_modules": "PASSED",
  "tests::traits::obligation_from_function_clause": "PASSED",
  "tests::traits::infer_async_block": "PASSED",
  "diagnostics::expr::tests::method_with_arg": "PASSED",
  "diagnostics::expr::tests::method_as_fn": "PASSED",
  "tests::traits::argument_impl_trait_type_args_2": "PASSED",
  "tests::traits::infer_for_loop": "PASSED",
  "tests::regression::issue_4800": "PASSED",
  "tests::traits::unselected_projection_chalk_fold": "PASSED",
  "tests::traits::nested_assoc": "PASSED",
  "tests::method_resolution::super_trait_impl_return_trait_method_resolution": "PASSED",
  "tests::traits::super_trait_assoc_type_bounds": "PASSED",
  "tests::traits::infer_default_trait_type_parameter": "PASSED",
  "tests::traits::assoc_types_from_bounds": "PASSED",
  "tests::traits::inline_assoc_type_bounds_1": "PASSED",
  "tests::simple::infer_operator_overload": "PASSED",
  "tests::traits::impl_trait": "PASSED",
  "tests::traits::unify_impl_trait": "PASSED",
  "tests::traits::more_return_pos_impl_trait": "PASSED",
  "tests::traits::proc_macro_server_types": "PASSED",
  "tests::traits::builtin_copy": "PASSED",
  "tests::simple::infer_method_argument_autoderef": "PASSED",
  "tests::traits::unselected_projection_in_trait_env_2": "PASSED",
  "tests::coercion::coerce_places": "PASSED",
  "tests::traits::integer_range_iterate": "PASSED",
  "tests::traits::assoc_type_bindings": "PASSED",
  "tests::traits::fn_trait_deref_with_ty_default": "PASSED",
  "tests::traits::closure_as_argument_inference_order": "PASSED",
  "tests::macros::infinitely_recursive_macro_type": "PASSED",
  "tests::traits::iterator_chain": "PASSED",
  "analysis_is_send": "PASSED",
  "annotations::tests::test_no_annotations_outside_module_tree": "PASSED",
  "diagnostics::tests::test_disabled_diagnostics": "PASSED",
  "annotations::tests::test_no_annotations_macro_struct_def": "PASSED",
  "diagnostics::tests::test_unresolved_macro_range": "PASSED",
  "annotations::tests::runnable_annotation": "PASSED",
  "annotations::tests::test_annotations": "PASSED",
  "diagnostics::tests::test_unresolved_module_diagnostic": "PASSED",
  "diagnostics::tests::unlinked_file_insert_in_empty_file": "PASSED",
  "diagnostics::tests::unlinked_file_append_mod": "PASSED",
  "diagnostics::tests::unlinked_file_new_style_mod": "PASSED",
  "diagnostics::tests::unlinked_file_prepend_first_item": "PASSED",
  "diagnostics::tests::unlinked_file_with_cfg_off": "PASSED",
  "diagnostics::tests::unlinked_file_old_style_modrs": "PASSED",
  "diagnostics::tests::unlinked_file_with_cfg_on": "PASSED",
  "doc_links::tests::test_reexport_order": "SKIPPED",
  "annotations::tests::const_annotations": "PASSED",
  "diagnostics::tests::test_fill_struct_fields_enum": "PASSED",
  "diagnostics::tests::test_fill_struct_fields_partial": "PASSED",
  "diagnostics::tests::test_add_field_in_other_file_from_usage": "PASSED",
  "diagnostics::tests::test_check_unnecessary_braces_in_use_statement": "PASSED",
  "diagnostics::tests::test_uppercase_const_no_diagnostics": "PASSED",
  "diagnostics::tests::test_fill_struct_fields_empty": "PASSED",
  "diagnostics::tests::test_fill_struct_fields_raw_ident": "PASSED",
  "diagnostics::tests::test_wrap_return_type_not_applicable_when_expr_type_does_not_match_ok_type": "PASSED",
  "diagnostics::tests::test_fill_struct_fields_no_diagnostic_on_spread": "PASSED",
  "expand_macro::tests::macro_expand_multiple_lines": "PASSED",
  "extend_selection::tests::test_extend_selection_arith": "PASSED",
  "extend_selection::tests::test_extend_selection_comments": "PASSED",
  "extend_selection::tests::test_extend_selection_doc_comments": "PASSED",
  "expand_macro::tests::macro_expand_recursive_expansion": "PASSED",
  "diagnostics::tests::test_wrap_return_type_not_applicable_when_return_type_is_not_result_or_option": "PASSED",
  "diagnostics::tests::test_wrap_return_type_handles_generic_functions": "PASSED",
  "diagnostics::tests::test_fill_struct_fields_no_diagnostic": "PASSED",
  "extend_selection::tests::test_extend_selection_on_tuple_in_rvalue": "PASSED",
  "diagnostics::tests::test_rename_incorrect_case_struct_method": "PASSED",
  "extend_selection::tests::test_extend_selection_prefer_idents": "PASSED",
  "diagnostics::tests::test_add_field_from_usage": "PASSED",
  "extend_selection::tests::test_extend_selection_prefer_lifetimes": "PASSED",
  "extend_selection::tests::test_extend_selection_start_of_the_line": "PASSED",
  "diagnostics::tests::test_wrap_return_type_option": "PASSED",
  "extend_selection::tests::test_extend_selection_string": "PASSED",
  "extend_selection::tests::test_extend_selection_select_first_word": "PASSED",
  "extend_selection::tests::extend_selection_inside_macros": "PASSED",
  "extend_selection::tests::test_extend_selection_on_tuple_in_type": "PASSED",
  "expand_macro::tests::macro_expand_inner_macro_fail_to_expand": "PASSED",
  "diagnostics::tests::test_fill_struct_fields_self": "PASSED",
  "call_hierarchy::tests::test_call_hierarchy_outgoing_in_different_files": "PASSED",
  "extend_selection::tests::test_extend_selection_on_tuple_pat": "PASSED",
  "fn_references::tests::test_find_all_methods": "PASSED",
  "diagnostics::tests::test_wrap_return_type": "PASSED",
  "call_hierarchy::tests::test_call_hierarchy_in_different_files": "PASSED",
  "call_hierarchy::tests::test_call_hierarchy_on_def": "PASSED",
  "call_hierarchy::tests::test_call_hierarchy_on_ref": "PASSED",
  "fn_references::tests::test_find_trait_methods": "PASSED",
  "diagnostics::tests::test_single_incorrect_case_diagnostic_in_function_name_issue_6970": "PASSED",
  "annotations::tests::struct_references_annotations": "PASSED",
  "expand_macro::tests::macro_expand_with_dollar_crate": "PASSED",
  "call_hierarchy::tests::test_call_hierarchy_in_different_fn": "PASSED",
  "fn_references::tests::test_skip_tests": "PASSED",
  "diagnostics::tests::test_wrap_return_type_handles_type_aliases": "PASSED",
  "call_hierarchy::tests::test_call_hierarchy_outgoing": "PASSED",
  "call_hierarchy::tests::test_call_hierarchy_in_same_fn": "PASSED",
  "expand_macro::tests::macro_expand_match_ast_inside_let_statement": "PASSED",
  "call_hierarchy::tests::test_call_hierarchy_in_tests_mod": "PASSED",
  "folding_ranges::tests::fold_consecutive_static": "PASSED",
  "call_hierarchy::tests::test_call_hierarchy_incoming_outgoing": "PASSED",
  "folding_ranges::tests::fold_consecutive_const": "PASSED",
  "annotations::tests::struct_and_trait_impls_annotations": "PASSED",
  "folding_ranges::tests::fold_multiline_array": "PASSED",
  "folding_ranges::tests::fold_big_calls": "PASSED",
  "file_structure::tests::test_file_structure": "PASSED",
  "extend_selection::tests::test_extend_selection_list": "PASSED",
  "annotations::tests::method_annotations": "PASSED",
  "folding_ranges::tests::fold_multiline_params": "PASSED",
  "folding_ranges::tests::fold_record_literals": "PASSED",
  "folding_ranges::tests::fold_region": "PASSED",
  "expand_macro::tests::macro_expand_match_ast": "PASSED",
  "diagnostics::tests::range_mapping_out_of_macros": "PASSED",
  "folding_ranges::tests::fold_where_clause": "PASSED",
  "extend_selection::tests::test_extend_trait_bounds_list_in_where_clause": "PASSED",
  "extend_selection::tests::test_extend_trait_bounds_list_inline": "PASSED",
  "extend_selection::tests::extend_selection_inside_recur_macros": "PASSED",
  "folding_ranges::tests::test_fold_comments": "PASSED",
  "folding_ranges::tests::test_fold_import_and_groups": "PASSED",
  "folding_ranges::tests::test_fold_import_groups": "PASSED",
  "folding_ranges::tests::test_fold_imports": "PASSED",
  "folding_ranges::tests::test_fold_match_arms": "PASSED",
  "folding_ranges::tests::test_folds_macros": "PASSED",
  "folding_ranges::tests::test_fold_mods": "PASSED",
  "call_hierarchy::tests::test_call_hierarchy_issue_5103": "PASSED",
  "folding_ranges::tests::test_folds_structs": "PASSED",
  "folding_ranges::tests::test_folds_traits": "PASSED",
  "diagnostics::field_shorthand::tests::test_check_expr_field_shorthand": "PASSED",
  "goto_definition::tests::goto_def_at_start_of_item": "PASSED",
  "diagnostics::field_shorthand::tests::test_check_pat_field_shorthand": "PASSED",
  "goto_definition::tests::goto_def_for_assoc_ty_in_path": "PASSED",
  "diagnostics::tests::test_rename_incorrect_case": "PASSED",
  "goto_definition::tests::goto_def_for_extern_crate": "PASSED",
  "goto_definition::tests::goto_def_for_enum_variant_self_expr_const": "PASSED",
  "goto_definition::tests::goto_def_for_enum_variant_field": "PASSED",
  "goto_definition::tests::goto_def_for_enum_variant_self_expr_record": "PASSED",
  "goto_definition::tests::goto_def_for_assoc_ty_ufcs": "PASSED",
  "goto_definition::tests::goto_def_for_assoc_ty_in_path_multiple": "PASSED",
  "goto_definition::tests::goto_def_for_intra_doc_link_inner": "PASSED",
  "goto_definition::tests::goto_def_for_enum_variant_self_pattern_const": "PASSED",
  "goto_definition::tests::goto_def_for_enum_variant_self_pattern_record": "PASSED",
  "goto_definition::tests::goto_def_for_intra_doc_link_same_file": "PASSED",
  "goto_definition::tests::goto_def_for_field_init_shorthand": "PASSED",
  "goto_definition::tests::goto_def_for_fields": "PASSED",
  "goto_definition::tests::goto_def_for_macro_container": "PASSED",
  "doc_links::tests::test_doc_url_crate": "PASSED",
  "goto_definition::tests::goto_def_for_macros": "PASSED",
  "doc_links::tests::test_doc_url_field": "PASSED",
  "goto_definition::tests::goto_def_for_macros_in_use_tree": "PASSED",
  "doc_links::tests::test_module": "PASSED",
  "goto_definition::tests::goto_def_for_renamed_extern_crate": "PASSED",
  "goto_definition::tests::goto_def_for_type_alias_generic_parameter": "PASSED",
  "goto_definition::tests::goto_def_for_module_declaration": "PASSED",
  "goto_definition::tests::goto_def_for_record_fields": "PASSED",
  "goto_definition::tests::goto_def_for_macro_defined_fn_no_arg": "PASSED",
  "goto_definition::tests::goto_def_for_macro_defined_fn_with_arg": "PASSED",
  "doc_links::tests::test_doc_url_struct": "PASSED",
  "goto_definition::tests::goto_def_for_macros_from_other_crates": "PASSED",
  "goto_definition::tests::goto_def_for_assoc_ty_ufcs_multiple": "PASSED",
  "goto_definition::tests::goto_lifetime_hrtb": "SKIPPED",
  "goto_definition::tests::goto_lifetime_hrtb_for_type": "SKIPPED",
  "goto_definition::tests::goto_def_for_use_alias": "PASSED",
  "goto_definition::tests::goto_def_for_record_pat_fields": "PASSED",
  "goto_definition::tests::goto_def_in_items": "PASSED",
  "goto_definition::tests::goto_def_for_record_fields_macros": "PASSED",
  "goto_definition::tests::goto_def_in_local_fn": "PASSED",
  "goto_definition::tests::goto_def_for_methods": "PASSED",
  "goto_definition::tests::goto_def_for_use_alias_foo_macro": "PASSED",
  "goto_definition::tests::goto_def_for_ufcs_trait_methods_through_traits": "PASSED",
  "goto_definition::tests::goto_incomplete_field": "PASSED",
  "goto_implementation::tests::goto_implementation_for_trait": "PASSED",
  "goto_definition::tests::goto_definition_resolves_correct_name": "PASSED",
  "goto_definition::tests::goto_def_in_local_macro": "PASSED",
  "goto_definition::tests::goto_def_for_ufcs_inherent_methods": "PASSED",
  "goto_definition::tests::goto_for_type_param": "PASSED",
  "goto_definition::tests::goto_intra_doc_links": "PASSED",
  "doc_links::tests::test_doc_url_trait_required_method": "PASSED",
  "goto_definition::tests::goto_definition_works_for_macro_inside_match_arm_lhs": "PASSED",
  "goto_implementation::tests::goto_implementation_adt_generic": "PASSED",
  "goto_definition::tests::goto_lifetime_param_on_decl": "PASSED",
  "goto_definition::tests::goto_ident_from_pat_macro": "PASSED",
  "goto_definition::tests::goto_proc_macro": "PASSED",
  "goto_definition::tests::goto_lifetime_param_decl_nested": "PASSED",
  "goto_definition::tests::goto_lifetime_param_decl": "PASSED",
  "goto_definition::tests::goto_self_param_on_decl": "PASSED",
  "goto_definition::tests::goto_for_tuple_fields": "PASSED",
  "goto_implementation::tests::goto_implementation_all_impls": "PASSED",
  "goto_definition::tests::unknown_assoc_ty": "PASSED",
  "goto_implementation::tests::goto_implementation_works": "PASSED",
  "doc_links::tests::test_doc_url_fn": "PASSED",
  "hover::tests::hover_const_param": "PASSED",
  "goto_definition::tests::goto_label": "PASSED",
  "goto_implementation::tests::goto_implementation_works_multiple_blocks": "PASSED",
  "goto_implementation::tests::goto_implementation_works_multiple_mods": "PASSED",
  "goto_definition::tests::goto_self_param_ty_specified": "PASSED",
  "goto_implementation::tests::goto_implementation_works_multiple_files": "PASSED",
  "goto_definition::tests::goto_definition_works_for_macro_inside_pattern": "PASSED",
  "goto_implementation::tests::goto_implementation_builtin": "PASSED",
  "goto_definition::tests::goto_from_macro": "PASSED",
  "goto_implementation::tests::goto_implementation_type_alias": "PASSED",
  "hover::tests::hover_const_static": "PASSED",
  "goto_implementation::tests::goto_implementation_for_trait_multiple_files": "PASSED",
  "goto_definition::tests::goto_through_included_file": "PASSED",
  "hover::tests::hover_const_pat": "PASSED",
  "goto_type_definition::tests::goto_type_definition_works_simple_ref": "PASSED",
  "goto_type_definition::tests::goto_type_definition_for_param": "PASSED",
  "goto_definition::tests::goto_definition_on_self_in_trait_impl": "PASSED",
  "hover::tests::hover_doc_block_style_indentend": "PASSED",
  "hover::tests::hover_for_param_edge": "PASSED",
  "hover::tests::hover_for_local_variable": "PASSED",
  "goto_type_definition::tests::goto_type_definition_for_tuple_field": "PASSED",
  "goto_type_definition::tests::goto_def_for_type_fallback": "PASSED",
  "hover::tests::hover_doc_outer_inner": "PASSED",
  "hover::tests::hover_doc_outer_inner_attribue": "PASSED",
  "hover::tests::hover_intra_doc_links": "PASSED",
  "goto_type_definition::tests::goto_def_for_self_param": "PASSED",
  "hover::tests::hover_for_local_variable_pat": "PASSED",
  "hover::tests::hover_field_pat_shorthand_ref_match_ergonomics": "PASSED",
  "goto_implementation::tests::goto_implementation_to_builtin_derive": "PASSED",
  "hover::tests::hover_comments_dont_highlight_parent": "PASSED",
  "hover::tests::test_doc_links_field": "PASSED",
  "goto_type_definition::tests::goto_type_definition_works_simple": "PASSED",
  "hover::tests::test_hover_enum_has_impl_action": "PASSED",
  "goto_definition::tests::goto_def_for_ufcs_trait_methods_through_self": "PASSED",
  "hover::tests::hover_shows_fn_doc_attr_raw_string": "PASSED",
  "hover::tests::hover_lifetime": "PASSED",
  "goto_definition::tests::goto_def_when_used_on_definition_name_itself": "PASSED",
  "goto_definition::tests::goto_definition_on_self": "PASSED",
  "hover::tests::hover_self_param_shows_type": "PASSED",
  "hover::tests::test_doc_links_enum_variant": "PASSED",
  "goto_definition::tests::goto_within_macro": "PASSED",
  "doc_links::tests::test_doc_url_inherent_method": "PASSED",
  "hover::tests::hover_label": "PASSED",
  "hover::tests::hover_for_param_with_multiple_traits": "PASSED",
  "hover::tests::test_hover_intra_link_shortlink": "PASSED",
  "hover::tests::test_hover_intra_link_reference": "PASSED",
  "hover::tests::hover_shows_type_of_an_expression": "PASSED",
  "hover::tests::hover_local_var_edge": "PASSED",
  "hover::tests::hover_default_generic_types": "PASSED",
  "hover::tests::test_hover_extern_crate": "PASSED",
  "hover::tests::test_hover_intra_link_html_root_url": "PASSED",
  "hover::tests::test_hover_intra_link_reference_to_trait_method": "PASSED",
  "hover::tests::hover_mod_def": "PASSED",
  "hover::tests::hover_enum_variant": "PASSED",
  "hover::tests::test_hover_intra_link_shortlink_namspaced_code": "PASSED",
  "hover::tests::test_hover_intra_link_namespaced": "PASSED",
  "hover::tests::test_hover_intra_link_shortlink_code": "PASSED",
  "hover::tests::test_hover_intra_link": "PASSED",
  "hover::tests::hover_remove_markdown_if_configured": "PASSED",
  "hover::tests::hover_shows_fn_signature_with_type_params": "PASSED",
  "doc_links::tests::test_doc_url_trait_provided_method": "PASSED",
  "goto_type_definition::tests::goto_type_definition_works_through_macro": "PASSED",
  "hover::tests::test_hover_path_link_field": "SKIPPED",
  "hover::tests::hover_self_in_use": "PASSED",
  "hover::tests::hover_shows_fn_signature_on_fn_name": "PASSED",
  "hover::tests::test_hover_external_url": "PASSED",
  "hover::tests::hover_displays_normalized_crate_names": "PASSED",
  "hover::tests::string_shadowed_with_inner_items": "PASSED",
  "hover::tests::test_hover_const_param_has_goto_type_action": "PASSED",
  "hover::tests::hover_shows_struct_field_info": "PASSED",
  "hover::tests::hover_shows_fn_doc": "PASSED",
  "hover::tests::test_hover_generic_struct_has_flattened_goto_type_actions": "PASSED",
  "hover::tests::hover_macro_expanded_function": "PASSED",
  "hover::tests::test_hover_mod_with_same_name_as_function": "PASSED",
  "hover::tests::test_hover_intra_link_shortlink_namspaced_code_with_at": "PASSED",
  "hover::tests::hover_self_param_shows_type_for_arbitrary_self_type": "PASSED",
  "hover::tests::test_hover_async_block_impl_trait_has_goto_type_action": "PASSED",
  "hover::tests::test_hover_path_link_no_strip": "PASSED",
  "hover::tests::hover_shows_fn_signature": "PASSED",
  "hover::tests::test_hover_test_mod_has_action": "PASSED",
  "hover::tests::test_hover_arg_impl_trait_has_goto_type_action": "PASSED",
  "hover::tests::test_hover_infer_associated_const_in_pattern": "PASSED",
  "hover::tests::test_hover_self_has_impl_action": "PASSED",
  "hover::tests::test_hover_struct_has_impl_action": "PASSED",
  "hover::tests::hover_some": "PASSED",
  "hover::tests::test_hover_generic_struct_has_goto_type_actions": "PASSED",
  "hover::tests::test_hover_no_links": "PASSED",
  "hover::tests::test_hover_trait_show_qualifiers": "PASSED",
  "hover::tests::test_hover_infer_associated_method_exact": "PASSED",
  "hover::tests::test_hover_shadowing_pat": "PASSED",
  "hover::tests::test_hover_arg_generic_impl_trait_has_goto_type_action": "PASSED",
  "hover::tests::test_hover_arg_impl_traits_has_goto_type_action": "PASSED",
  "hover::tests::test_hover_path_link": "PASSED",
  "hover::tests::test_hover_tuple_field": "PASSED",
  "hover::tests::test_hover_self_has_go_to_type": "PASSED",
  "hover::tests::hover_type_param": "PASSED",
  "hover::tests::test_hover_non_ascii_space_doc": "PASSED",
  "hover::tests::test_hover_trait_has_impl_action": "PASSED",
  "hover::tests::test_hover_struct_doc_attr": "PASSED",
  "goto_definition::tests::goto_through_format": "PASSED",
  "hover::tests::test_hover_generic_dyn_arg_has_goto_type_action": "PASSED",
  "hover::tests::test_hover_generic_return_impl_traits_has_goto_type_action": "PASSED",
  "hover::tests::test_hover_struct_doc_comment": "PASSED",
  "hover::tests::test_hover_dyn_arg_has_goto_type_action": "PASSED",
  "hover::tests::test_hover_struct_doc_attr_multiple_and_mixed": "PASSED",
  "hover::tests::test_hover_test_has_action": "PASSED",
  "hover::tests::test_hover_generic_return_impl_trait_has_goto_type_action": "PASSED",
  "hover::tests::test_hover_macro_invocation": "PASSED",
  "hover::tests::test_hover_struct_has_goto_type_action": "PASSED",
  "hover::tests::test_hover_macro2_invocation": "PASSED",
  "hover::tests::test_hover_macro_generated_struct_fn_doc_attr": "PASSED",
  "hover::tests::test_hover_return_impl_trait_has_goto_type_action": "PASSED",
  "hover::tests::test_hover_unknown_target": "PASSED",
  "hover::tests::test_hover_through_literal_string_in_builtin_macro": "PASSED",
  "hover::tests::test_hover_through_expr_in_macro": "PASSED",
  "hover::tests::test_hover_infer_associated_method_result": "PASSED",
  "hover::tests::test_hover_return_impl_traits_has_goto_type_action": "PASSED",
  "hover::tests::test_hover_goto_type_action_links_order": "PASSED",
  "hover::tests::test_hover_dyn_return_has_goto_type_action": "PASSED",
  "hover::tests::test_hover_union_has_impl_action": "PASSED",
  "hover::tests::test_hover_function_show_qualifiers": "PASSED",
  "hover::tests::test_hover_through_literal_string_in_macro": "PASSED",
  "inlay_hints::tests::hints_disabled": "PASSED",
  "hover::tests::hover_generic_assoc": "PASSED",
  "hover::tests::test_hover_macro_generated_struct_fn_doc_comment": "PASSED",
  "join_lines::tests::join_last_line_empty": "PASSED",
  "hover::tests::test_hover_through_macro": "PASSED",
  "join_lines::tests::join_lines_adds_comma_for_block_in_match_arm": "PASSED",
  "hover::tests::test_hover_through_expr_in_macro_recursive": "PASSED",
  "hover::tests::test_hover_type_param_has_goto_type_action": "PASSED",
  "join_lines::tests::join_lines_mandatory_blocks_block": "PASSED",
  "join_lines::tests::join_lines_multiline_in_block": "PASSED",
  "join_lines::tests::join_string_literal": "PASSED",
  "hover::tests::test_hover_tuple_has_goto_type_actions": "PASSED",
  "hover::tests::test_hover_through_func_in_macro_recursive": "PASSED",
  "join_lines::tests::test_join_lines_commented_block": "PASSED",
  "join_lines::tests::join_lines_keeps_comma_with_single_arg_tuple": "PASSED",
  "hover::tests::test_hover_through_assert_macro": "PASSED",
  "join_lines::tests::test_join_lines_comma": "PASSED",
  "join_lines::tests::test_join_lines_doc_comments": "PASSED",
  "hover::tests::hover_shows_long_type_of_an_expression": "PASSED",
  "join_lines::tests::test_join_lines_diverging_block": "PASSED",
  "join_lines::tests::test_join_lines_block": "PASSED",
  "join_lines::tests::test_join_lines_lambda_block": "PASSED",
  "join_lines::tests::test_join_lines_mod_comments": "PASSED",
  "join_lines::tests::join_lines_keeps_comma_for_block_in_match_arm": "PASSED",
  "join_lines::tests::test_join_lines_multiline_comments_2": "PASSED",
  "join_lines::tests::test_join_lines_normal_comments": "PASSED",
  "join_lines::tests::test_join_lines_multiline_comments_1": "PASSED",
  "join_lines::tests::test_join_lines_selection_dot_chain": "PASSED",
  "join_lines::tests::test_join_lines_selection_struct": "PASSED",
  "join_lines::tests::test_join_lines_use_items_left": "PASSED",
  "join_lines::tests::test_join_lines_selection_fn_args": "PASSED",
  "join_lines::tests::test_join_lines_use_items_right_comma": "PASSED",
  "join_lines::tests::test_join_lines_use_tree": "PASSED",
  "join_lines::tests::test_join_lines_selection_lambda_block_body": "PASSED",
  "move_item::tests::handles_empty_file": "PASSED",
  "matching_brace::tests::test_matching_brace": "PASSED",
  "join_lines::tests::test_join_lines_use_items_right": "PASSED",
  "hover::tests::hover_builtin": "PASSED",
  "hover::tests::test_hover_associated_type_has_goto_type_action": "PASSED",
  "move_item::tests::test_move_impl_up": "PASSED",
  "move_item::tests::test_move_item": "PASSED",
  "move_item::tests::test_moves_arg_down": "PASSED",
  "move_item::tests::test_moves_arg_up": "PASSED",
  "move_item::tests::test_moves_let_stmt_up": "PASSED",
  "move_item::tests::test_moves_generic_param_up": "PASSED",
  "move_item::tests::test_cursor_at_item_start": "PASSED",
  "move_item::tests::test_cursor_at_item_end": "PASSED",
  "hover::tests::hover_keyword": "PASSED",
  "move_item::tests::test_move_use_up": "PASSED",
  "move_item::tests::test_moves_match_expr_up": "PASSED",
  "move_item::tests::test_moves_match_arm_up": "PASSED",
  "hover::tests::test_hover_self": "PASSED",
  "move_item::tests::test_moves_variant_up": "PASSED",
  "move_item::tests::test_moves_type_bound_up": "PASSED",
  "move_item::tests::test_nowhere_to_move_stmt": "PASSED",
  "move_item::tests::test_moves_match_arm_down": "PASSED",
  "move_item::tests::test_prioritizes_trait_items": "PASSED",
  "move_item::tests::test_moves_param": "PASSED",
  "move_item::tests::test_nowhere_to_move": "PASSED",
  "move_item::tests::test_weird_nesting": "PASSED",
  "move_item::tests::test_moves_generic_arg_up": "PASSED",
  "move_item::tests::test_nowhere_to_move_arg": "PASSED",
  "parent_module::tests::test_resolve_crate_root": "PASSED",
  "parent_module::tests::test_resolve_multi_parent_crate": "PASSED",
  "parent_module::tests::test_resolve_parent_module_for_inline": "PASSED",
  "parent_module::tests::test_resolve_multi_parent_module": "PASSED",
  "parent_module::tests::test_resolve_parent_module_on_module_decl": "PASSED",
  "references::rename::tests::test_prepare_rename_keyword": "PASSED",
  "move_item::tests::test_moves_expr_up": "PASSED",
  "parent_module::tests::test_resolve_parent_module": "PASSED",
  "references::rename::tests::test_prepare_rename_builtin": "PASSED",
  "references::rename::tests::test_module_rename_in_path": "PASSED",
  "references::rename::tests::test_prepare_rename_in_macro": "PASSED",
  "references::rename::tests::test_enum_variant_from_module_2": "PASSED",
  "references::rename::tests::test_owned_self_to_parameter": "PASSED",
  "references::rename::tests::test_parameter_to_self_impl_ref": "PASSED",
  "references::rename::tests::test_parameter_to_self_error_not_first": "PASSED",
  "references::rename::tests::test_field_shorthand_correct_struct": "PASSED",
  "references::rename::tests::test_enum_variant_from_module_1": "PASSED",
  "references::rename::tests::test_rename_builtin": "PASSED",
  "references::rename::tests::test_parameter_to_self": "PASSED",
  "references::rename::tests::test_rename_binding_in_destructure_pat": "PASSED",
  "references::rename::tests::test_rename_binding_in_destructure_param_pat": "PASSED",
  "references::rename::tests::test_parameter_to_self_error_no_impl": "PASSED",
  "references::rename::tests::test_prepare_rename_self": "PASSED",
  "references::tests::test_find_all_refs_enum_var_name": "PASSED",
  "references::rename::tests::test_rename_field_put_init_shorthand": "PASSED",
  "references::rename::tests::test_rename_field_in_field_shorthand": "PASSED",
  "references::rename::tests::test_rename_ignores_self_ty": "PASSED",
  "references::rename::tests::test_prepare_rename_namelikes": "PASSED",
  "references::rename::tests::test_rename_mod_invalid": "PASSED",
  "references::rename::tests::test_rename_self": "PASSED",
  "references::rename::tests::test_rename_to_raw_identifier": "PASSED",
  "references::tests::test_find_all_refs_decl_module": "PASSED",
  "references::rename::tests::test_prepare_rename_tuple_field": "PASSED",
  "references::rename::tests::test_rename_unresolved_reference": "PASSED",
  "references::rename::tests::test_rename_to_underscore": "PASSED",
  "references::rename::tests::test_rename_mod": "PASSED",
  "references::rename::tests::test_rename_lifetimes": "PASSED",
  "references::rename::tests::test_rename_for_macro_args": "PASSED",
  "references::rename::tests::test_rename_mod_in_dir": "PASSED",
  "references::rename::tests::test_rename_for_local": "PASSED",
  "references::rename::tests::test_rename_field_in_pat_in_macro_doesnt_shorthand": "PASSED",
  "references::rename::tests::test_rename_for_param_inside": "PASSED",
  "inlay_hints::tests::let_statement": "PASSED",
  "references::rename::tests::test_rename_unusually_nested_mod": "PASSED",
  "references::rename::tests::test_rename_bind_pat": "PASSED",
  "references::rename::tests::test_rename_to_invalid_identifier_lifetime2": "PASSED",
  "references::tests::test_find_labels": "PASSED",
  "references::tests::test_find_lifetimes_type_alias": "PASSED",
  "syntax_highlighting::tests::benchmark_syntax_highlighting_parser": "PASSED",
  "references::rename::tests::test_self_to_self": "PASSED",
  "references::rename::tests::test_rename_local_put_init_shorthand": "PASSED",
  "references::rename::tests::test_rename_to_invalid_identifier_lifetime": "PASSED",
  "runnables::tests::dont_recurse_in_outline_submodules": "PASSED",
  "references::rename::tests::test_rename_for_mut_param": "PASSED",
  "references::rename::tests::test_rename_label": "PASSED",
  "references::rename::tests::test_rename_for_macro_define_fn": "PASSED",
  "references::tests::test_find_all_refs_impl_item_name": "PASSED",
  "references::rename::tests::test_rename_to_invalid_identifier2": "PASSED",
  "syntax_highlighting::tests::benchmark_syntax_highlighting_long_struct": "PASSED",
  "references::rename::tests::test_rename_to_invalid_identifier3": "PASSED",
  "ssr::tests::not_applicable_comment_not_ssr": "PASSED",
  "references::rename::tests::test_rename_mod_in_use_tree": "PASSED",
  "runnables::tests::find_no_tests": "PASSED",
  "references::rename::tests::test_rename_to_underscore_invalid": "PASSED",
  "runnables::tests::test_runnables": "PASSED",
  "runnables::tests::test_doc_runnables_impl_mod": "PASSED",
  "references::rename::tests::test_rename_struct_field": "PASSED",
  "syntax_highlighting::tests::syntax_highlighting_not_quadratic": "PASSED",
  "inlay_hints::tests::default_generic_types_should_not_be_displayed": "PASSED",
  "runnables::tests::test_runnables_doc_test_in_impl": "PASSED",
  "inlay_hints::tests::match_arm_list": "PASSED",
  "runnables::tests::test_runnables_doc_test": "PASSED",
  "runnables::tests::only_modules_with_test_functions_or_more_than_one_test_submodule_have_runners": "PASSED",
  "references::tests::test_attr_matches_proc_macro_fn": "PASSED",
  "ssr::tests::resolve_edits_false": "PASSED",
  "references::tests::test_find_lifetimes_trait_impl": "PASSED",
  "runnables::tests::test_runnables_with_features": "PASSED",
  "references::tests::test_find_all_refs_enum_var_field": "PASSED",
  "syntax_highlighting::tests::ranges_sorted": "PASSED",
  "runnables::tests::test_runnables_module": "PASSED",
  "runnables::tests::doc_test_type_params": "PASSED",
  "runnables::tests::test_runnables_no_test_function_in_module": "PASSED",
  "references::tests::test_find_self_refs_decl": "PASSED",
  "typing::on_enter::tests::indents_fn_body_block": "PASSED",
  "typing::on_enter::tests::does_not_indent_multiline_block": "PASSED",
  "references::tests::test_trait": "PASSED",
  "typing::on_enter::tests::does_not_indent_block_with_too_much_content": "PASSED",
  "typing::on_enter::tests::indents_nested_blocks": "PASSED",
  "typing::tests::dont_indent_freestanding_dot": "PASSED",
  "references::rename::tests::test_rename_to_invalid_identifier1": "PASSED",
  "references::rename::tests::test_rename_refs_for_fn_param": "PASSED",
  "syntax_tree::tests::test_syntax_tree_inside_string": "PASSED",
  "typing::tests::indents_continued_chain_call": "PASSED",
  "typing::tests::indents_middle_of_chain_call": "PASSED",
  "syntax_tree::tests::test_syntax_tree_without_range": "PASSED",
  "references::rename::tests::test_rename_for_macro_args_rev": "PASSED",
  "typing::on_enter::tests::indents_match_arm": "PASSED",
  "typing::on_enter::tests::indents_block_expr": "PASSED",
  "typing::on_enter::tests::indents_block_with_statement": "PASSED",
  "typing::tests::test_on_eq_typed": "PASSED",
  "typing::on_enter::tests::continues_another_doc_comment": "PASSED",
  "typing::on_enter::tests::continues_code_comment_in_the_middle_several_lines": "PASSED",
  "typing::on_enter::tests::does_not_continue_before_doc_comment": "PASSED",
  "typing::on_enter::tests::does_not_indent_empty_block": "PASSED",
  "typing::on_enter::tests::does_not_indent_multiline_use_tree_list": "PASSED",
  "typing::on_enter::tests::does_not_indent_use_tree_list_without_curly_braces": "PASSED",
  "typing::tests::adds_closing_brace_for_use_tree": "PASSED",
  "typing::on_enter::tests::continues_code_comment_in_the_middle_of_line": "PASSED",
  "typing::on_enter::tests::trims_all_trailing_whitespace": "PASSED",
  "typing::on_enter::tests::does_not_continue_end_of_line_comment": "PASSED",
  "typing::tests::indents_new_chain_call": "PASSED",
  "typing::tests::indents_new_chain_call_with_let": "PASSED",
  "inlay_hints::tests::never_hide_param_when_multiple_params": "PASSED",
  "typing::tests::indents_new_chain_call_with_semi": "PASSED",
  "typing::tests::adds_closing_brace_for_expr": "PASSED",
  "typing::on_enter::tests::continues_doc_comment": "PASSED",
  "typing::on_enter::tests::continues_end_of_line_comment_with_space": "PASSED",
  "references::tests::search_filters_by_range": "PASSED",
  "typing::tests::adds_space_after_return_type": "PASSED",
  "syntax_tree::tests::test_syntax_tree_with_range": "PASSED",
  "references::tests::test_basic_highlight_decl_no_write": "PASSED",
  "references::tests::test_find_lifetimes_function": "PASSED",
  "typing::on_enter::tests::indents_use_tree_list": "PASSED",
  "references::rename::tests::test_rename_for_macro_define_fn_rev": "PASSED",
  "runnables::tests::test_runnables_with_feature": "PASSED",
  "references::rename::tests::test_rename_local_in_field_shorthand": "PASSED",
  "syntax_highlighting::tests::test_ranges": "PASSED",
  "typing::on_enter::tests::does_not_indent_use_tree_list_when_not_at_curly_brace": "PASSED",
  "references::tests::test_trait_self": "PASSED",
  "references::tests::test_find_all_refs_for_fn_param": "PASSED",
  "references::rename::tests::test_rename_mod_filename_and_path": "PASSED",
  "references::tests::test_transitive": "PASSED",
  "references::tests::test_enum_before_space": "PASSED",
  "references::tests::test_basic_highlight_read_write": "PASSED",
  "references::rename::tests::test_rename_tuple_field": "PASSED",
  "inlay_hints::tests::param_hints_only": "PASSED",
  "references::tests::test_attr_differs_from_fn_with_same_name": "PASSED",
  "runnables::tests::find_direct_fn_test": "PASSED",
  "references::rename::tests::test_struct_field_complex_ident_pat": "PASSED",
  "runnables::tests::test_runnables_in_macro": "PASSED",
  "references::tests::test_find_all_refs_for_param_inside": "PASSED",
  "references::tests::test_decl_macro_references": "PASSED",
  "syntax_highlighting::tests::test_extern_crate": "PASSED",
  "references::rename::tests::test_struct_field_pat_into_shorthand": "PASSED",
  "references::tests::test_struct_literal_for_union": "PASSED",
  "references::tests::test_primitives": "PASSED",
  "references::tests::test_map_range_to_original": "PASSED",
  "references::tests::test_find_all_refs_enum_var_privacy": "PASSED",
  "references::rename::tests::test_self_in_path_to_parameter": "PASSED",
  "references::tests::test_find_all_refs_struct_pat": "PASSED",
  "references::tests::test_map_range_to_original_ref": "PASSED",
  "references::tests::test_find_const_param": "PASSED",
  "references::tests::test_find_all_refs_nested_module": "PASSED",
  "references::tests::test_find_self_refs": "PASSED",
  "references::tests::test_find_all_refs_super_mod_vis": "PASSED",
  "inlay_hints::tests::param_name_same_as_fn_name": "PASSED",
  "references::tests::test_self_variant_with_payload": "PASSED",
  "display::navigation_target::tests::test_world_symbols_are_case_sensitive": "PASSED",
  "references::tests::test_variant_record_after_space": "PASSED",
  "references::tests::test_find_all_refs_enum_var_pat": "PASSED",
  "references::tests::test_find_all_refs_field_name": "PASSED",
  "references::tests::test_find_struct_function_refs_outside_module": "PASSED",
  "inlay_hints::tests::param_name_similar_to_fn_name_still_hints": "PASSED",
  "inlay_hints::tests::infer_call_method_return_associated_types_with_generic": "PASSED",
  "references::rename::tests::test_self_to_parameter": "PASSED",
  "references::tests::test_struct_literal_before_space": "PASSED",
  "references::tests::test_find_all_refs_for_local": "PASSED",
  "display::navigation_target::tests::test_nav_for_symbol": "PASSED",
  "references::tests::test_basic_highlight_field_read_write": "PASSED",
  "ssr::tests::resolve_edits_true": "PASSED",
  "references::tests::test_find_all_refs_two_modules": "PASSED",
  "inlay_hints::tests::type_hints_only": "PASSED",
  "references::tests::test_struct_literal_after_space": "PASSED",
  "references::tests::test_enum_for_tuple": "PASSED",
  "references::tests::test_struct_literal_with_generic_type": "PASSED",
  "inlay_hints::tests::hide_param_hints_for_clones": "PASSED",
  "references::rename::tests::test_shadow_local_for_struct_shorthand": "PASSED",
  "inlay_hints::tests::param_name_similar_to_fn_name": "PASSED",
  "runnables::tests::find_direct_struct_test": "PASSED",
  "references::tests::test_struct_literal_for_tuple": "PASSED",
  "references::tests::test_const_in_pattern": "PASSED",
  "references::tests::test_find_all_refs_macro_def": "PASSED",
  "syntax_highlighting::tests::test_associated_function": "PASSED",
  "references::tests::test_variant_tuple_before_paren": "PASSED",
  "syntax_highlighting::tests::test_injection": "PASSED",
  "inlay_hints::tests::param_name_hints_show_for_literals": "PASSED",
  "runnables::tests::find_indirect_fn_test": "PASSED",
  "references::tests::test_enum_after_space": "PASSED",
  "references::tests::test_enum_with_generic_type": "PASSED",
  "inlay_hints::tests::unit_structs_have_no_type_hints": "PASSED",
  "references::tests::test_self_ty": "PASSED",
  "inlay_hints::tests::hint_truncation": "PASSED",
  "inlay_hints::tests::chaining_hints_without_newlines": "PASSED",
  "inlay_hints::tests::self_param_hints": "PASSED",
  "inlay_hints::tests::closure_parameters": "PASSED",
  "inlay_hints::tests::while_expr": "PASSED",
  "runnables::tests::tests_are_unique": "PASSED",
  "inlay_hints::tests::chaining_hints_ignore_comments": "PASSED",
  "syntax_highlighting::tests::test_rainbow_highlighting": "PASSED",
  "syntax_highlighting::tests::test_flattening": "PASSED",
  "inlay_hints::tests::multi_dyn_trait_bounds": "PASSED",
  "references::tests::test_find_all_refs_with_scope": "PASSED",
  "inlay_hints::tests::complete_for_hint": "PASSED",
  "inlay_hints::tests::struct_access_chaining_hints": "PASSED",
  "inlay_hints::tests::if_expr": "PASSED",
  "inlay_hints::tests::incomplete_for_no_hint": "PASSED",
  "inlay_hints::tests::function_call_parameter_hint": "PASSED",
  "inlay_hints::tests::generic_chaining_hints": "PASSED",
  "syntax_highlighting::tests::test_unsafe_highlighting": "PASSED",
  "inlay_hints::tests::shorten_iterator_hints": "PASSED",
  "inlay_hints::tests::shorten_iterators_in_associated_params": "PASSED",
  "syntax_highlighting::tests::test_highlight_doc_comment": "PASSED",
  "inlay_hints::tests::fn_hints": "PASSED",
  "inlay_hints::tests::omitted_parameters_hints_heuristics": "PASSED",
  "inlay_hints::tests::shorten_iterator_chaining_hints": "PASSED",
  "syntax_highlighting::tests::test_highlighting": "PASSED",
  "syntax_highlighting::tests::test_string_highlighting": "PASSED",
  "handlers::add_explicit_type::tests::add_explicit_type_not_applicable_if_cursor_before_let": "PASSED",
  "handlers::add_lifetime_to_type::tests::add_lifetime_to_struct": "PASSED",
  "handlers::add_lifetime_to_type::tests::add_lifetime_to_enum": "PASSED",
  "handlers::add_missing_impl_members::tests::test_ignore_unnamed_trait_members_and_default_methods": "PASSED",
  "handlers::add_missing_impl_members::tests::test_empty_trait": "PASSED",
  "handlers::add_lifetime_to_type::tests::add_lifetime_to_union": "PASSED",
  "handlers::add_missing_impl_members::tests::test_empty_impl_def": "PASSED",
  "handlers::add_missing_impl_members::tests::test_cursor_after_empty_impl_def": "PASSED",
  "handlers::add_missing_impl_members::tests::fill_in_type_params_1": "PASSED",
  "handlers::add_missing_impl_members::tests::test_assoc_type_bounds_are_removed": "PASSED",
  "handlers::add_missing_impl_members::tests::test_copied_overriden_members": "PASSED",
  "handlers::add_missing_impl_members::tests::fill_in_type_params_2": "PASSED",
  "handlers::add_missing_impl_members::tests::test_impl_def_without_braces": "PASSED",
  "handlers::add_missing_impl_members::tests::test_default_methods": "PASSED",
  "handlers::add_missing_impl_members::tests::test_qualify_path_1": "PASSED",
  "handlers::add_turbo_fish::tests::add_turbo_fish_one_fish_is_enough": "PASSED",
  "handlers::add_missing_impl_members::tests::test_qualify_path_and_substitute_param": "PASSED",
  "handlers::add_missing_impl_members::tests::test_qualify_path_2": "PASSED",
  "handlers::add_missing_impl_members::tests::test_add_missing_impl_members": "PASSED",
  "handlers::add_missing_impl_members::tests::test_whitespace_fixup_preserves_bad_tokens": "PASSED",
  "handlers::add_explicit_type::tests::add_explicit_type_not_applicable_if_cursor_after_equals": "PASSED",
  "handlers::add_explicit_type::tests::add_explicit_type_not_applicable_if_ty_not_inferred": "PASSED",
  "handlers::add_explicit_type::tests::add_explicit_type_works_for_simple_expr": "PASSED",
  "handlers::add_explicit_type::tests::add_explicit_type_works_for_macro_call": "PASSED",
  "handlers::add_explicit_type::tests::add_explicit_type_not_applicable_if_ty_already_specified": "PASSED",
  "handlers::add_explicit_type::tests::add_explicit_type_target": "PASSED",
  "handlers::add_missing_impl_members::tests::test_substitute_param_no_qualify": "PASSED",
  "handlers::add_explicit_type::tests::add_explicit_type_not_applicable_if_specified_ty_is_tuple": "PASSED",
  "handlers::add_explicit_type::tests::add_explicit_type_works_for_underscore": "PASSED",
  "handlers::add_explicit_type::tests::add_explicit_type_works_for_macro_call_recursive": "PASSED",
  "handlers::add_missing_impl_members::tests::missing_generic_type": "PASSED",
  "handlers::add_missing_impl_members::tests::weird_path": "PASSED",
  "handlers::add_missing_impl_members::tests::test_generic_single_default_parameter": "PASSED",
  "handlers::apply_demorgan::tests::demorgan_doesnt_apply_with_cursor_not_on_op": "PASSED",
  "handlers::add_missing_impl_members::tests::test_whitespace_fixup_preserves_comments": "PASSED",
  "handlers::add_missing_impl_members::tests::test_generic_default_parameter_is_second": "PASSED",
  "handlers::add_missing_impl_members::tests::test_qualify_path_fn_trait_notation": "PASSED",
  "handlers::add_missing_impl_members::tests::test_with_docstring_and_attrs": "PASSED",
  "handlers::add_missing_impl_members::tests::test_qualify_path_generic": "PASSED",
  "handlers::apply_demorgan::tests::demorgan_doesnt_double_negation": "PASSED",
  "handlers::add_missing_impl_members::tests::test_qualify_path_associated_item": "PASSED",
  "handlers::add_explicit_type::tests::default_generics_should_not_be_added": "PASSED",
  "handlers::add_explicit_type::tests::closure_parameters_are_not_added": "PASSED",
  "handlers::apply_demorgan::tests::demorgan_general_case": "PASSED",
  "handlers::add_missing_impl_members::tests::test_qualify_path_nested": "PASSED",
  "handlers::add_turbo_fish::tests::add_turbo_fish_after_call": "PASSED",
  "handlers::add_turbo_fish::tests::add_turbo_fish_function": "PASSED",
  "handlers::apply_demorgan::tests::demorgan_doesnt_double_parens": "PASSED",
  "handlers::apply_demorgan::tests::demorgan_removes_inequality": "PASSED",
  "handlers::add_turbo_fish::tests::add_turbo_fish_non_generic": "PASSED",
  "handlers::add_explicit_type::tests::add_explicit_type_works_for_nested_underscore": "PASSED",
  "handlers::add_turbo_fish::tests::add_type_ascription_after_call": "PASSED",
  "handlers::apply_demorgan::tests::demorgan_turns_and_into_or": "PASSED",
  "handlers::add_turbo_fish::tests::add_type_ascription_already_typed": "PASSED",
  "handlers::apply_demorgan::tests::demorgan_turns_or_into_and": "PASSED",
  "handlers::apply_demorgan::tests::demorgan_multiple_terms": "PASSED",
  "handlers::add_turbo_fish::tests::add_type_ascription_append_semicolon": "PASSED",
  "handlers::add_turbo_fish::tests::add_type_ascription_function": "PASSED",
  "handlers::add_turbo_fish::tests::add_turbo_fish_method": "PASSED",
  "handlers::add_turbo_fish::tests::add_type_ascription_method": "PASSED",
  "handlers::auto_import::tests::not_applicable_for_already_imported_types": "PASSED",
  "handlers::auto_import::tests::not_applicable_in_import_statements": "PASSED",
  "handlers::auto_import::tests::not_applicable_for_imported_function": "PASSED",
  "handlers::change_visibility::tests::change_visibility_const": "PASSED",
  "handlers::auto_import::tests::not_applicable_when_path_start_is_imported": "PASSED",
  "handlers::change_visibility::tests::change_visibility_field_false_positive": "PASSED",
  "handlers::change_visibility::tests::change_visibility_pub_to_pub_crate": "PASSED",
  "handlers::change_visibility::tests::change_visibility_adds_pub_crate_to_items": "PASSED",
  "handlers::change_visibility::tests::change_visibility_pub_crate_to_pub": "PASSED",
  "handlers::change_visibility::tests::change_visibility_static": "PASSED",
  "handlers::change_visibility::tests::change_visibility_handles_comment_attrs": "PASSED",
  "handlers::change_visibility::tests::change_visibility_type_alias": "PASSED",
  "handlers::change_visibility::tests::change_visibility_works_with_struct_fields": "PASSED",
  "handlers::change_visibility::tests::change_visibility_target": "PASSED",
  "handlers::convert_comment_block::tests::block_to_lines_indent": "PASSED",
  "handlers::convert_comment_block::tests::block_comment_to_lines": "PASSED",
  "handlers::convert_comment_block::tests::doc_block_comment_to_lines": "PASSED",
  "handlers::change_visibility::tests::not_applicable_for_enum_variants": "PASSED",
  "handlers::auto_import::tests::not_applicable_for_imported_trait_for_const": "PASSED",
  "handlers::auto_import::tests::not_applicable_for_imported_trait_for_function": "PASSED",
  "handlers::convert_comment_block::tests::end_of_line_block_to_line": "PASSED",
  "handlers::convert_comment_block::tests::inner_doc_block_to_lines": "PASSED",
  "handlers::convert_comment_block::tests::end_of_line_to_block": "PASSED",
  "handlers::convert_comment_block::tests::single_line_different_kinds": "PASSED",
  "handlers::convert_comment_block::tests::multiline_to_block": "PASSED",
  "handlers::auto_import::tests::not_applicable_for_imported_trait_for_method": "PASSED",
  "handlers::convert_comment_block::tests::single_line_separate_chunks": "PASSED",
  "handlers::convert_comment_block::tests::single_line_to_block_indented": "PASSED",
  "handlers::convert_comment_block::tests::single_line_to_block": "PASSED",
  "handlers::convert_integer_literal::tests::binary_target": "PASSED",
  "handlers::convert_integer_literal::tests::binary_target_with_underscores": "PASSED",
  "handlers::convert_integer_literal::tests::convert_decimal_integer": "PASSED",
  "handlers::convert_integer_literal::tests::convert_binary_integer": "PASSED",
  "handlers::convert_integer_literal::tests::convert_integer_with_suffix": "PASSED",
  "handlers::convert_integer_literal::tests::convert_hexadecimal_integer": "PASSED",
  "handlers::convert_integer_literal::tests::decimal_target_with_underscores": "PASSED",
  "handlers::convert_integer_literal::tests::convert_overflowing_literal": "PASSED",
  "handlers::convert_integer_literal::tests::convert_octal_integer": "PASSED",
  "handlers::convert_integer_literal::tests::decimal_target": "PASSED",
  "handlers::convert_integer_literal::tests::convert_integer_with_underscores": "PASSED",
  "handlers::convert_integer_literal::tests::hexadecimal_target": "PASSED",
  "handlers::convert_integer_literal::tests::hexadecimal_target_with_underscores": "PASSED",
  "handlers::convert_integer_literal::tests::octal_target": "PASSED",
  "handlers::convert_integer_literal::tests::octal_target_with_underscores": "PASSED",
  "handlers::convert_tuple_struct_to_named_struct::tests::not_applicable_other_than_tuple_struct": "PASSED",
  "handlers::convert_iter_for_each_to_for::tests::test_for_each_not_applicable_invalid_cursor_pos": "PASSED",
  "handlers::convert_tuple_struct_to_named_struct::tests::convert_struct_with_where_clause": "PASSED",
  "handlers::early_return::tests::ignore_else_branch": "PASSED",
  "handlers::early_return::tests::ignore_already_converted_if": "PASSED",
  "handlers::early_return::tests::convert_inside_loop": "PASSED",
  "handlers::early_return::tests::ignore_already_converted_loop": "PASSED",
  "handlers::early_return::tests::convert_inside_fn": "PASSED",
  "handlers::expand_glob_import::tests::expanding_glob_import_with_macro_defs": "PASSED",
  "handlers::early_return::tests::convert_inside_while": "PASSED",
  "handlers::early_return::tests::ignore_statements_inside_if": "PASSED",
  "handlers::early_return::tests::ignore_statements_aftert_if": "PASSED",
  "handlers::early_return::tests::convert_let_ok_inside_fn": "PASSED",
  "handlers::early_return::tests::convert_if_let_result": "PASSED",
  "handlers::early_return::tests::convert_let_ref_ok_inside_fn": "PASSED",
  "handlers::early_return::tests::ignore_return": "PASSED",
  "handlers::early_return::tests::convert_let_inside_while": "PASSED",
  "handlers::early_return::tests::convert_let_inside_loop": "PASSED",
  "handlers::early_return::tests::convert_let_mut_ok_inside_fn": "PASSED",
  "handlers::expand_glob_import::tests::expanding_is_not_applicable_if_cursor_is_not_in_star_token": "PASSED",
  "handlers::expand_glob_import::tests::expanding_glob_import_single_nested_glob_only": "PASSED",
  "handlers::early_return::tests::convert_let_inside_fn": "PASSED",
  "handlers::convert_tuple_struct_to_named_struct::tests::convert_destructured_struct": "PASSED",
  "handlers::convert_tuple_struct_to_named_struct::tests::convert_struct_with_multi_file_references": "PASSED",
  "handlers::extract_function::tests::in_comment_is_not_applicable": "PASSED",
  "handlers::convert_into_to_from::tests::convert_into_to_from_converts_enums": "PASSED",
  "handlers::convert_tuple_struct_to_named_struct::tests::convert_simple_struct": "PASSED",
  "handlers::convert_tuple_struct_to_named_struct::tests::convert_struct_referenced_via_self_kw": "PASSED",
  "handlers::expand_glob_import::tests::expanding_is_not_applicable_if_target_module_is_not_accessible_from_current_scope": "PASSED",
  "handlers::extract_function::tests::extract_cast": "PASSED",
  "handlers::convert_tuple_struct_to_named_struct::tests::convert_struct_with_visibility": "PASSED",
  "handlers::extract_function::tests::argument_form_expr": "PASSED",
  "handlers::apply_demorgan::tests::demorgan_handles_leq": "PASSED",
  "handlers::expand_glob_import::tests::expanding_glob_import_with_existing_uses_in_same_module": "PASSED",
  "handlers::extract_function::tests::argument_and_locals": "PASSED",
  "handlers::apply_demorgan::tests::demorgan_handles_geq": "PASSED",
  "handlers::convert_into_to_from::tests::convert_into_to_from_converts_a_struct": "PASSED",
  "handlers::expand_glob_import::tests::expanding_glob_import_with_existing_explicit_names": "PASSED",
  "handlers::convert_into_to_from::tests::convert_into_to_from_not_applicable_on_any_trait_named_into": "PASSED",
  "handlers::convert_into_to_from::tests::convert_into_to_from_works_on_qualified_enums": "PASSED",
  "handlers::extract_function::tests::break_stmt": "PASSED",
  "handlers::extract_function::tests::does_not_add_extra_whitespace": "PASSED",
  "handlers::expand_glob_import::tests::expanding_glob_import": "PASSED",
  "handlers::extract_function::tests::argument_used_twice_form_expr": "PASSED",
  "handlers::extract_function::tests::function_expr": "PASSED",
  "handlers::convert_into_to_from::tests::convert_into_to_from_on_enum_with_lifetimes": "PASSED",
  "handlers::convert_into_to_from::tests::convert_into_to_from_works_on_references": "PASSED",
  "handlers::extract_function::tests::extract_return_stmt": "PASSED",
  "handlers::extract_function::tests::extract_from_nested": "PASSED",
  "handlers::extract_function::tests::copy_used_after": "PASSED",
  "handlers::extract_function::tests::extract_partial_block_single_line": "PASSED",
  "handlers::convert_into_to_from::tests::convert_into_to_from_works_on_qualified_structs": "PASSED",
  "handlers::extract_function::tests::break_and_continue": "PASSED",
  "handlers::extract_function::tests::method_to_freestanding": "PASSED",
  "handlers::extract_function::tests::indented_stmts": "PASSED",
  "handlers::extract_function::tests::no_args_from_binary_expr_in_module": "PASSED",
  "handlers::extract_function::tests::break_loop_nested": "PASSED",
  "handlers::extract_function::tests::method_with_reference": "PASSED",
  "handlers::extract_function::tests::no_args_if_let_else": "PASSED",
  "handlers::extract_function::tests::no_args_from_binary_expr": "PASSED",
  "handlers::convert_tuple_struct_to_named_struct::tests::convert_struct_with_wrapped_references": "PASSED",
  "handlers::extract_function::tests::method_with_mut": "PASSED",
  "handlers::extract_function::tests::break_from_nested_loop": "PASSED",
  "handlers::extract_function::tests::break_loop": "PASSED",
  "handlers::extract_function::tests::return_not_applicable": "PASSED",
  "handlers::extract_function::tests::break_loop_with_if": "PASSED",
  "handlers::extract_function::tests::indented_stmts_inside_mod": "PASSED",
  "handlers::extract_function::tests::break_from_nested_and_outer_loops": "PASSED",
  "handlers::extract_function::tests::part_of_expr_stmt": "PASSED",
  "handlers::extract_function::tests::no_args_while": "PASSED",
  "handlers::extract_function::tests::extract_partial_block": "PASSED",
  "handlers::extract_function::tests::mut_param_by_value": "PASSED",
  "handlers::extract_struct_from_enum_variant::tests::test_extract_enum_not_applicable_for_element_with_no_fields": "PASSED",
  "handlers::extract_function::tests::no_args_match": "PASSED",
  "handlers::extract_function::tests::mut_var_from_outer_scope": "PASSED",
  "handlers::extract_function::tests::no_args_from_loop_unit": "PASSED",
  "handlers::extract_function::tests::no_args_if": "PASSED",
  "handlers::extract_function::tests::mut_field_from_outer_scope": "PASSED",
  "handlers::extract_function::tests::param_from_closure": "PASSED",
  "handlers::extract_function::tests::no_args_if_else": "PASSED",
  "handlers::extract_function::tests::nontrivial_patterns_define_variables": "PASSED",
  "handlers::extract_struct_from_enum_variant::tests::test_extract_not_applicable_no_field_named": "PASSED",
  "handlers::extract_struct_from_enum_variant::tests::test_extract_not_applicable_no_field_tuple": "PASSED",
  "handlers::extract_function::tests::no_args_from_stmt_unit": "PASSED",
  "handlers::extract_function::tests::non_copy_used_after": "PASSED",
  "handlers::extract_function::tests::no_args_from_binary_expr_indented": "PASSED",
  "handlers::extract_function::tests::non_copy_without_usages_after": "PASSED",
  "handlers::extract_struct_from_enum_variant::tests::test_extract_enum_variant_name_value_namespace": "PASSED",
  "handlers::extract_function::tests::copy_custom_used_after": "PASSED",
  "handlers::extract_struct_from_enum_variant::tests::test_extract_struct_keep_comments_and_attrs_one_field_named": "PASSED",
  "handlers::extract_struct_from_enum_variant::tests::test_extract_not_applicable_one_field": "PASSED",
  "handlers::extract_struct_from_enum_variant::tests::test_extract_struct_keep_comments_and_attrs_several_fields_tuple": "PASSED",
  "handlers::extract_function::tests::no_args_from_stmt_with_last_expr": "PASSED",
  "handlers::extract_struct_from_enum_variant::tests::test_extract_struct_one_field_named": "PASSED",
  "handlers::extract_function::tests::return_and_break": "PASSED",
  "handlers::extract_type_alias::tests::test_extract_inner_type": "PASSED",
  "handlers::extract_function::tests::param_usage_in_macro": "PASSED",
  "handlers::extract_function::tests::no_args_for": "PASSED",
  "handlers::extract_struct_from_enum_variant::tests::extract_record_fix_references": "PASSED",
  "handlers::extract_function::tests::mut_param_by_value_because_of_mut_ref": "PASSED",
  "handlers::extract_struct_from_enum_variant::tests::test_extract_struct_keep_existing_visibility_named": "PASSED",
  "handlers::extract_function::tests::variable_defined_inside_and_used_after_mutably_no_ret": "PASSED",
  "handlers::extract_function::tests::no_args_from_match": "PASSED",
  "handlers::extract_function::tests::no_args_from_loop_with_return": "PASSED",
  "handlers::extract_function::tests::break_with_value": "PASSED",
  "handlers::extract_type_alias::tests::test_inner_type_arg": "PASSED",
  "handlers::extract_function::tests::return_from_nested_fn": "PASSED",
  "handlers::extract_type_alias::tests::test_generic_type_arg": "PASSED",
  "handlers::extract_variable::tests::extract_var_field_shorthand": "PASSED",
  "handlers::extract_variable::tests::extract_var_name_from_function": "PASSED",
  "handlers::extract_type_alias::tests::test_simple_types": "PASSED",
  "handlers::expand_glob_import::tests::expanding_glob_import_with_trait_method_uses": "PASSED",
  "handlers::extract_type_alias::tests::test_not_applicable_without_selection": "PASSED",
  "handlers::extract_variable::tests::extract_var_in_comment_is_not_applicable": "PASSED",
  "handlers::extract_function::tests::mut_param_because_of_mut_ref": "PASSED",
  "handlers::extract_struct_from_enum_variant::tests::test_extract_struct_keep_existing_visibility_tuple": "PASSED",
  "handlers::extract_struct_from_enum_variant::tests::test_extract_struct_keep_comments_and_attrs_several_fields_named": "PASSED",
  "handlers::extract_function::tests::break_with_value_and_return": "PASSED",
  "handlers::extract_variable::tests::extract_var_name_from_method": "PASSED",
  "handlers::extract_function::tests::multi_variables_defined_inside_and_used_after_mutably_no_ret": "PASSED",
  "handlers::extract_struct_from_enum_variant::tests::test_extract_struct_several_fields_named": "PASSED",
  "handlers::extract_struct_from_enum_variant::tests::test_extract_struct_several_fields_tuple": "PASSED",
  "handlers::extract_variable::tests::test_extract_var_for_return_not_applicable": "PASSED",
  "handlers::extract_variable::tests::test_extract_var_path_method": "PASSED",
  "handlers::extract_function::tests::shared_method_call": "PASSED",
  "handlers::extract_function::tests::two_variables_defined_inside_and_used_after_no_ret": "PASSED",
  "handlers::extract_variable::tests::test_extract_var_for_break_not_applicable": "PASSED",
  "handlers::extract_function::tests::try_option_with_return": "PASSED",
  "handlers::extract_function::tests::mut_method_call_with_other_receiver": "PASSED",
  "handlers::extract_function::tests::two_arguments_form_expr": "PASSED",
  "handlers::extract_struct_from_enum_variant::tests::test_extract_struct_pub_visibility": "PASSED",
  "handlers::extract_function::tests::return_from_nested_loop": "PASSED",
  "handlers::extract_function::tests::struct_with_two_fields_pattern_define_variables": "PASSED",
  "handlers::convert_iter_for_each_to_for::tests::test_for_each_in_method_stmt": "PASSED",
  "handlers::convert_iter_for_each_to_for::tests::test_for_each_in_method": "PASSED",
  "handlers::extract_function::tests::try_and_break": "PASSED",
  "handlers::extract_function::tests::try_option": "PASSED",
  "handlers::extract_function::tests::try_option_unit": "PASSED",
  "handlers::extract_variable::tests::test_extract_var_part_of_expr_stmt": "PASSED",
  "handlers::extract_variable::tests::test_extract_var_for_cast": "PASSED",
  "handlers::extract_function::tests::mut_method_call": "PASSED",
  "handlers::extract_function::tests::mut_nested_field_from_outer_scope": "PASSED",
  "handlers::convert_iter_for_each_to_for::tests::test_for_each_not_applicable": "PASSED",
  "handlers::extract_variable::tests::test_extract_var_path_simple": "PASSED",
  "handlers::extract_function::tests::variable_defined_inside_and_used_after_no_ret": "PASSED",
  "handlers::extract_struct_from_enum_variant::tests::test_several_files": "PASSED",
  "handlers::extract_function::tests::try_and_return_ok": "PASSED",
  "handlers::convert_iter_for_each_to_for::tests::test_for_each_in_iter_stmt": "PASSED",
  "handlers::extract_variable::tests::extract_var_name_from_parameter": "PASSED",
  "handlers::extract_variable::tests::test_extract_var_in_match_guard": "PASSED",
  "handlers::extract_variable::tests::test_extract_var_break": "PASSED",
  "handlers::extract_variable::tests::test_extract_var_simple": "PASSED",
  "handlers::extract_variable::tests::test_extract_var_last_expr": "PASSED",
  "handlers::extract_struct_from_enum_variant::tests::test_extract_struct_record_nested_call_exp": "PASSED",
  "handlers::extract_variable::tests::test_extract_var_in_match_arm_with_block": "PASSED",
  "handlers::extract_variable::tests::test_extract_var_return": "PASSED",
  "handlers::extract_variable::tests::test_extract_var_in_closure_with_block": "PASSED",
  "handlers::extract_variable::tests::test_extract_var_in_match_arm_no_block": "PASSED",
  "handlers::extract_variable::tests::extract_var_parameter_name_has_precedence_over_function": "PASSED",
  "handlers::extract_variable::tests::test_extract_var_in_closure_no_block": "PASSED",
  "handlers::extract_variable::tests::extract_var_name_from_type": "PASSED",
  "handlers::extract_variable::tests::extract_var_parameter_name_has_precedence_over_type": "PASSED",
  "handlers::extract_variable::tests::extract_var_name_from_method_param": "PASSED",
  "handlers::extract_variable::tests::test_extract_var_expr_stmt": "PASSED",
  "handlers::extract_function::tests::try_result": "PASSED",
  "handlers::extract_variable::tests::extract_var_name_from_ufcs_method_param": "PASSED",
  "handlers::fill_match_arms::tests::fill_match_arms_boolean": "PASSED",
  "handlers::extract_struct_from_enum_variant::tests::test_several_files_record": "PASSED",
  "handlers::fix_visibility::tests::fix_visibility_of_reexport": "SKIPPED",
  "handlers::extract_variable::tests::test_extract_var_does_not_add_extra_whitespace": "PASSED",
  "handlers::fill_match_arms::tests::all_boolean_match_arms_provided": "PASSED",
  "handlers::fix_visibility::tests::fix_visibility_of_union_field": "SKIPPED",
  "handlers::extract_variable::tests::extract_var_target": "PASSED",
  "handlers::fill_match_arms::tests::fill_match_arms_placeholder": "PASSED",
  "handlers::extract_function::tests::return_to_parent": "PASSED",
  "handlers::extract_struct_from_enum_variant::tests::test_extract_struct_with_complex_imports": "PASSED",
  "handlers::fill_match_arms::tests::fill_match_arms_preserves_comments_empty": "PASSED",
  "handlers::fill_match_arms::tests::fill_boolean_tuple": "PASSED",
  "handlers::fill_match_arms::tests::fill_match_arms_qualifies_path": "PASSED",
  "handlers::fill_match_arms::tests::all_boolean_tuple_arms_provided": "PASSED",
  "handlers::fill_match_arms::tests::fill_match_arms_empty_body": "PASSED",
  "handlers::flip_comma::tests::flip_comma_not_applicable_for_macro_input": "PASSED",
  "handlers::flip_binexpr::tests::flip_binexpr_works_inside_match": "PASSED",
  "handlers::flip_comma::tests::flip_comma_target": "PASSED",
  "handlers::fix_visibility::tests::adds_pub_when_target_is_in_another_crate": "PASSED",
  "handlers::fill_match_arms::tests::all_match_arms_provided": "PASSED",
  "handlers::fill_match_arms::tests::fill_match_arms_trivial_arm": "PASSED",
  "handlers::flip_trait_bound::tests::flip_trait_bound_works_for_struct": "PASSED",
  "handlers::flip_trait_bound::tests::flip_trait_bound_works_for_long_bounds": "PASSED",
  "handlers::convert_iter_for_each_to_for::tests::test_for_each_without_braces_stmt": "PASSED",
  "handlers::fill_match_arms::tests::fill_match_arms_single_element_tuple_of_enum": "PASSED",
  "handlers::generate_default_from_enum_variant::tests::test_add_from_impl_no_element": "PASSED",
  "handlers::flip_trait_bound::tests::flip_trait_bound_works_for_trait_impl": "PASSED",
  "handlers::extract_struct_from_enum_variant::tests::test_extract_enum_not_applicable_if_struct_exists": "PASSED",
  "handlers::extract_function::tests::try_result_with_return": "PASSED",
  "handlers::fill_match_arms::tests::fill_match_arms_target": "PASSED",
  "handlers::fill_match_arms::tests::tuple_of_non_enum": "PASSED",
  "handlers::fix_visibility::tests::fix_visibility_of_adt_in_other_file": "PASSED",
  "handlers::fix_visibility::tests::fix_visibility_of_const": "PASSED",
  "handlers::flip_binexpr::tests::flip_binexpr_target_is_the_op": "PASSED",
  "handlers::flip_binexpr::tests::flip_binexpr_not_applicable_for_assignment": "PASSED",
  "handlers::generate_default_from_new::tests::new_function_with_parameters": "PASSED",
  "handlers::generate_default_from_new::tests::other_function_than_new": "PASSED",
  "handlers::flip_trait_bound::tests::flip_trait_bound_works_for_fn_where_clause": "PASSED",
  "handlers::flip_binexpr::tests::flip_binexpr_works_for_gt": "PASSED",
  "handlers::generate_deref::tests::test_generate_field_deref_idx_1": "PASSED",
  "handlers::generate_derive::tests::add_derive_existing": "PASSED",
  "handlers::flip_binexpr::tests::flip_binexpr_works_for_complex_expr": "PASSED",
  "handlers::fill_match_arms::tests::partial_fill_boolean": "PASSED",
  "handlers::fix_visibility::tests::fix_visibility_of_inline_module_in_other_file": "PASSED",
  "handlers::generate_derive::tests::add_derive_new_with_doc_comment": "PASSED",
  "handlers::generate_derive::tests::add_derive_target": "PASSED",
  "handlers::flip_comma::tests::flip_comma_works": "PASSED",
  "handlers::flip_trait_bound::tests::flip_trait_bound_not_applicable_for_single_trait_bound": "PASSED",
  "handlers::flip_trait_bound::tests::flip_trait_bound_assist_available": "PASSED",
  "handlers::flip_trait_bound::tests::flip_trait_bound_works_for_fn": "PASSED",
  "handlers::generate_derive::tests::add_derive_new": "PASSED",
  "handlers::flip_binexpr::tests::flip_binexpr_works_for_eq": "PASSED",
  "handlers::flip_comma::tests::flip_comma_works_for_function_parameters": "PASSED",
  "handlers::flip_comma::tests::flip_comma_before_punct": "PASSED",
  "handlers::generate_deref::tests::test_generate_field_deref_idx_0": "PASSED",
  "handlers::generate_deref::tests::test_generate_record_deref": "PASSED",
  "handlers::flip_binexpr::tests::flip_binexpr_works_for_lteq": "PASSED",
  "handlers::flip_trait_bound::tests::flip_trait_bound_works_for_lifetime": "PASSED",
  "handlers::fill_match_arms::tests::partial_fill_boolean_tuple": "PASSED",
  "handlers::fill_match_arms::tests::partial_fill_option": "PASSED",
  "handlers::fix_visibility::tests::fix_visibility_of_module_declaration_in_other_file": "PASSED",
  "handlers::generate_default_from_enum_variant::tests::test_generate_default_from_variant_with_one_variant": "PASSED",
  "handlers::fix_visibility::tests::fix_visibility_of_static": "PASSED",
  "handlers::fill_match_arms::tests::partial_fill_record_tuple": "PASSED",
  "handlers::fill_match_arms::tests::fill_match_arms_preserves_comments": "PASSED",
  "handlers::fill_match_arms::tests::test_fill_match_arm_refs": "PASSED",
  "handlers::flip_trait_bound::tests::flip_trait_bound_works_for_complex_bounds": "PASSED",
  "handlers::fill_match_arms::tests::partial_fill_bind_pat": "PASSED",
  "handlers::fill_match_arms::tests::partial_fill_or_pat": "PASSED",
  "handlers::fix_visibility::tests::fix_visibility_of_fn": "PASSED",
  "handlers::generate_enum_is_method::tests::test_generate_enum_is_from_record_variant": "PASSED",
  "handlers::generate_default_from_new::tests::standalone_new_function": "PASSED",
  "handlers::generate_enum_is_method::tests::test_generate_enum_is_already_implemented": "PASSED",
  "handlers::generate_default_from_enum_variant::tests::test_generate_default_from_variant": "PASSED",
  "handlers::extract_function::tests::mut_param_many_usages_expr": "PASSED",
  "handlers::generate_enum_projection_method::tests::test_generate_enum_try_into_record_with_multiple_fields": "PASSED",
  "handlers::fill_match_arms::tests::fill_match_arms_tuple_of_enum": "PASSED",
  "handlers::generate_enum_is_method::tests::test_generate_enum_is_from_variant": "PASSED",
  "handlers::fill_match_arms::tests::fill_match_arms_tuple_of_enum_not_applicable": "PASSED",
  "handlers::fill_match_arms::tests::partial_fill": "PASSED",
  "handlers::generate_enum_is_method::tests::test_generate_enum_is_from_variant_with_one_variant": "PASSED",
  "handlers::generate_enum_projection_method::tests::test_generate_enum_try_into_tuple_with_multiple_fields": "PASSED",
  "handlers::generate_enum_is_method::tests::test_generate_enum_is_from_tuple_variant": "PASSED",
  "handlers::generate_enum_projection_method::tests::test_generate_enum_as_tuple_variant": "PASSED",
  "handlers::fill_match_arms::tests::fill_match_arms_tuple_of_enum_partial": "PASSED",
  "handlers::extract_function::tests::mut_param_many_usages_stmt": "PASSED",
  "handlers::fix_visibility::tests::fix_visibility_of_module": "PASSED",
  "handlers::generate_enum_is_method::tests::test_generate_enum_is_from_variant_with_visibility_marker": "PASSED",
  "handlers::generate_enum_projection_method::tests::test_generate_enum_try_into_record_variant": "PASSED",
  "handlers::generate_enum_projection_method::tests::test_generate_enum_try_into_tuple_variant": "PASSED",
  "handlers::generate_enum_projection_method::tests::test_generate_enum_try_into_unit_variant": "PASSED",
  "handlers::generate_enum_projection_method::tests::test_generate_enum_as_record_variant": "PASSED",
  "handlers::generate_enum_is_method::tests::test_multiple_generate_enum_is_from_variant": "PASSED",
  "handlers::fill_match_arms::tests::works_inside_macro_call": "PASSED",
  "handlers::generate_enum_projection_method::tests::test_generate_enum_try_into_already_implemented": "PASSED",
  "handlers::generate_from_impl_for_enum::tests::test_add_from_impl_more_than_one_element_in_tuple": "PASSED",
  "handlers::generate_from_impl_for_enum::tests::test_add_from_impl_no_element": "PASSED",
  "handlers::generate_function::tests::add_function_with_closure_arg": "SKIPPED",
  "handlers::generate_function::tests::add_function_with_fn_arg": "SKIPPED",
  "handlers::generate_function::tests::add_function_with_generic_arg": "SKIPPED",
  "handlers::fill_match_arms::tests::fill_match_arms_tuple_of_enum_ref": "PASSED",
  "handlers::fix_visibility::tests::fix_visibility_of_type_alias": "PASSED",
  "handlers::generate_from_impl_for_enum::tests::test_generate_from_impl_for_enum": "PASSED",
  "handlers::generate_from_impl_for_enum::tests::test_add_from_impl_struct_variant": "PASSED",
  "handlers::generate_from_impl_for_enum::tests::test_add_from_impl_generic_enum": "PASSED",
  "handlers::generate_from_impl_for_enum::tests::test_add_from_impl_different_variant_impl_exists": "PASSED",
  "handlers::generate_from_impl_for_enum::tests::test_add_from_impl_static_str": "PASSED",
  "handlers::generate_from_impl_for_enum::tests::test_add_from_impl_with_lifetime": "PASSED",
  "handlers::fix_visibility::tests::replaces_pub_crate_with_pub": "PASSED",
  "handlers::generate_function::tests::add_function_not_applicable_if_unresolved_variable_in_call_is_selected": "PASSED",
  "handlers::fix_visibility::tests::fix_visibility_of_adt_in_submodule": "PASSED",
  "handlers::generate_from_impl_for_enum::tests::test_generate_from_impl_for_enum_complicated_path": "PASSED",
  "handlers::generate_function::tests::create_method_with_no_args": "SKIPPED",
  "handlers::generate_function::tests::qualified_path_uses_correct_scope": "SKIPPED",
  "handlers::fix_visibility::tests::fix_visibility_of_enum_variant_field": "PASSED",
  "handlers::fix_visibility::tests::fix_visibility_of_struct_field": "PASSED",
  "handlers::auto_import::tests::assoc_fn_as_method_cross_crate": "PASSED",
  "handlers::generate_function::tests::add_function_in_another_file": "PASSED",
  "handlers::generate_function::tests::add_function_not_applicable_if_function_already_exists": "PASSED",
  "handlers::fix_visibility::tests::fix_visibility_of_trait": "PASSED",
  "handlers::generate_function::tests::add_function_in_nested_module": "PASSED",
  "handlers::generate_function::tests::add_function_in_module": "PASSED",
  "handlers::generate_impl::tests::add_impl_target": "PASSED",
  "handlers::generate_function::tests::add_function_directly_after_current_block": "PASSED",
  "handlers::auto_import::tests::assoc_const_cross_crate": "PASSED",
  "handlers::auto_import::tests::casing": "PASSED",
  "handlers::auto_import::tests::assoc_fn_cross_crate": "PASSED",
  "handlers::generate_function::tests::add_function_in_module_containing_other_items": "PASSED",
  "handlers::generate_function::tests::add_function_from_method": "PASSED",
  "handlers::generate_getter::tests::test_generate_getter_from_field": "PASSED",
  "handlers::generate_is_empty_from_len::tests::len_function_not_present": "PASSED",
  "handlers::generate_function::tests::add_function_with_variable_arg": "PASSED",
  "handlers::generate_getter::tests::test_generate_getter_from_field_with_visibility_marker": "PASSED",
  "handlers::generate_function::tests::add_function_with_cast_int_literal_arg": "PASSED",
  "handlers::generate_getter::tests::test_generate_getter_already_implemented": "PASSED",
  "handlers::generate_is_empty_from_len::tests::len_fn_different_return_type": "PASSED",
  "handlers::expand_glob_import::tests::expanding_nested_glob_import": "PASSED",
  "handlers::generate_getter::tests::test_multiple_generate_getter": "PASSED",
  "handlers::auto_import::tests::trait_method_cross_crate": "PASSED",
  "handlers::infer_function_return_type::tests::not_applicable_non_tail_expr": "PASSED",
  "handlers::generate_getter_mut::tests::test_generate_getter_mut_from_field_with_visibility_marker": "PASSED",
  "handlers::infer_function_return_type::tests::not_applicable_non_tail_expr_closure": "PASSED",
  "handlers::generate_function::tests::add_function_with_int_literal_arg": "PASSED",
  "handlers::generate_getter_mut::tests::test_generate_getter_mut_from_field": "PASSED",
  "handlers::infer_function_return_type::tests::not_applicable_ret_type_specified_closure": "PASSED",
  "handlers::infer_function_return_type::tests::not_applicable_ret_type_specified": "PASSED",
  "handlers::generate_function::tests::add_function_with_no_args": "PASSED",
  "handlers::generate_function::tests::add_function_with_char_literal_arg": "PASSED",
  "handlers::generate_getter_mut::tests::test_multiple_generate_getter_mut": "PASSED",
  "handlers::generate_function::tests::add_function_with_return_type": "PASSED",
  "handlers::generate_function::tests::add_function_with_string_literal_arg": "PASSED",
  "handlers::generate_setter::tests::test_generate_setter_from_field": "PASSED",
  "handlers::generate_new::tests::generate_new_target": "PASSED",
  "handlers::generate_is_empty_from_len::tests::generate_is_empty": "PASSED",
  "handlers::generate_setter::tests::test_generate_setter_from_field_with_visibility_marker": "PASSED",
  "handlers::generate_function::tests::name_of_cast_variable_is_used": "PASSED",
  "handlers::generate_impl::tests::test_add_impl": "PASSED",
  "handlers::generate_function::tests::add_function_with_no_args_in_same_module": "PASSED",
  "handlers::generate_deref::tests::test_generate_record_deref_not_applicable_if_already_impl": "PASSED",
  "handlers::generate_function::tests::add_function_with_upper_camel_case_arg": "PASSED",
  "handlers::generate_getter_mut::tests::test_generate_getter_mut_already_implemented": "PASSED",
  "handlers::infer_function_return_type::tests::infer_return_type_cursor_at_return_type_pos": "PASSED",
  "handlers::generate_is_empty_from_len::tests::len_function_with_parameters": "PASSED",
  "handlers::infer_function_return_type::tests::infer_return_type_cursor_at_return_type_pos_closure": "PASSED",
  "handlers::infer_function_return_type::tests::infer_return_type_closure_block": "PASSED",
  "handlers::generate_new::tests::check_that_visibility_modifiers_dont_get_brought_in": "PASSED",
  "handlers::generate_function::tests::arg_name_counters_start_at_1_per_name": "PASSED",
  "handlers::infer_function_return_type::tests::not_applicable_unit_return_type": "PASSED",
  "handlers::generate_function::tests::unresolveable_types_default_to_unit": "PASSED",
  "handlers::inline_local_variable::tests::does_not_remove_let_when_multiple_usages": "PASSED",
  "handlers::generate_function::tests::add_function_with_function_call_arg": "PASSED",
  "handlers::generate_default_from_enum_variant::tests::test_generate_default_already_implemented": "PASSED",
  "handlers::generate_function::tests::add_function_with_upper_camel_case_arg_as_cast": "PASSED",
  "handlers::generate_function::tests::add_function_with_method_call_arg": "PASSED",
  "handlers::generate_function::tests::add_function_with_impl_trait_arg": "PASSED",
  "handlers::infer_function_return_type::tests::infer_return_type": "PASSED",
  "handlers::infer_function_return_type::tests::infer_return_type_nested": "PASSED",
  "handlers::generate_new::tests::check_visibility_of_new_fn_based_on_struct": "PASSED",
  "handlers::generate_default_from_new::tests::when_struct_is_after_impl": "PASSED",
  "handlers::infer_function_return_type::tests::infer_return_type_closure_wrap": "PASSED",
  "handlers::generate_function::tests::add_function_with_qualified_path_arg": "PASSED",
  "handlers::generate_new::tests::test_generate_new": "PASSED",
  "handlers::generate_is_empty_from_len::tests::is_empty_already_implemented": "PASSED",
  "handlers::generate_default_from_new::tests::generate_default2": "PASSED",
  "handlers::generate_function::tests::arg_names_dont_overlap": "PASSED",
  "handlers::infer_function_return_type::tests::infer_return_type_closure": "PASSED",
  "handlers::generate_setter::tests::test_multiple_generate_setter": "PASSED",
  "handlers::generate_setter::tests::test_generate_setter_already_implemented": "PASSED",
  "handlers::inline_function::tests::not_applicable_when_incorrect_number_of_parameters_are_provided": "PASSED",
  "handlers::generate_default_from_new::tests::struct_in_module_with_default": "PASSED",
  "handlers::generate_new::tests::generate_new_not_applicable_if_fn_exists": "PASSED",
  "handlers::inline_local_variable::tests::test_not_inline_mut_variable": "PASSED",
  "handlers::generate_function::tests::borrowed_arg": "PASSED",
  "handlers::generate_is_empty_from_len::tests::multiple_impls": "PASSED",
  "handlers::fill_match_arms::tests::option_order": "PASSED",
  "handlers::generate_is_empty_from_len::tests::multiple_functions_in_impl": "PASSED",
  "handlers::inline_local_variable::tests::not_applicable_outside_of_bind_pat": "PASSED",
  "handlers::generate_new::tests::check_it_reuses_existing_impls": "PASSED",
  "handlers::inline_function::tests::args_with_side_effects": "PASSED",
  "handlers::generate_default_from_new::tests::default_block_is_already_present": "PASSED",
  "handlers::generate_new::tests::test_unrelated_new": "PASSED",
  "handlers::inline_function::tests::method_inlining_isnt_supported": "PASSED",
  "handlers::inline_local_variable::tests::test_call_expr": "PASSED",
  "handlers::generate_deref::tests::test_generate_field_deref_not_applicable_if_already_impl": "PASSED",
  "handlers::introduce_named_lifetime::tests::test_function_add_lifetime_to_param_with_non_ref_self": "PASSED",
  "handlers::inline_local_variable::tests::test_block_expr": "PASSED",
  "handlers::introduce_named_lifetime::tests::test_example_case_cursor_after_tick": "PASSED",
  "handlers::infer_function_return_type::tests::infer_return_type_specified_inferred": "PASSED",
  "handlers::introduce_named_lifetime::tests::test_function_add_lifetime_to_params_in_presence_of_other_lifetime": "PASSED",
  "handlers::inline_local_variable::tests::test_not_applicable_if_variable_unused": "PASSED",
  "handlers::inline_function::tests::no_args_or_return_value_gets_inlined_without_block": "PASSED",
  "handlers::introduce_named_lifetime::tests::test_function_add_lifetime_to_params": "PASSED",
  "handlers::introduce_named_lifetime::tests::test_example_case_cursor_before_tick": "PASSED",
  "handlers::introduce_named_lifetime::tests::test_function_not_applicable_without_self_and_multiple_unnamed_param_lifetimes": "PASSED",
  "handlers::introduce_named_lifetime::tests::test_function_add_lifetime_to_self_ref_mut": "PASSED",
  "handlers::introduce_named_lifetime::tests::test_example_case": "PASSED",
  "handlers::introduce_named_lifetime::tests::test_example_case_simplified": "PASSED",
  "handlers::inline_local_variable::tests::inline_field_shorthand": "PASSED",
  "handlers::introduce_named_lifetime::tests::test_function_param_anon_lifetime": "PASSED",
  "handlers::introduce_named_lifetime::tests::test_function_add_lifetime_to_self_ref_param": "PASSED",
  "handlers::infer_function_return_type::tests::infer_return_type_nested_closure": "PASSED",
  "handlers::inline_local_variable::tests::test_index_expr": "PASSED",
  "handlers::introduce_named_lifetime::tests::test_not_applicable_cursor_position": "PASSED",
  "handlers::introduce_named_lifetime::tests::test_not_applicable_lifetime_already_name": "PASSED",
  "handlers::introduce_named_lifetime::tests::test_function_return_value_anon_lifetime_param": "PASSED",
  "handlers::invert_if::tests::invert_if_doesnt_apply_with_cursor_not_on_if": "PASSED",
  "handlers::introduce_named_lifetime::tests::test_function_return_value_anon_reference_lifetime": "PASSED",
  "handlers::invert_if::tests::invert_if_general_case": "PASSED",
  "handlers::invert_if::tests::invert_if_remove_not_parentheses": "PASSED",
  "handlers::invert_if::tests::invert_if_composite_condition": "PASSED",
  "handlers::introduce_named_lifetime::tests::test_with_type_parameter": "PASSED",
  "handlers::introduce_named_lifetime::tests::test_with_existing_lifetime_name_conflict": "PASSED",
  "handlers::introduce_named_lifetime::tests::test_impl_with_other_type_param": "PASSED",
  "handlers::invert_if::tests::invert_if_doesnt_apply_with_if_let": "PASSED",
  "handlers::invert_if::tests::invert_if_remove_not": "PASSED",
  "handlers::fill_match_arms::tests::fill_match_arms_partial_with_deep_pattern": "PASSED",
  "handlers::merge_imports::tests::merge_self2": "PASSED",
  "handlers::invert_if::tests::invert_if_option_case": "PASSED",
  "handlers::merge_imports::tests::merge_pub_crate": "PASSED",
  "handlers::inline_function::tests::function_with_multiple_statements": "PASSED",
  "handlers::merge_imports::tests::skip_pub1": "PASSED",
  "handlers::merge_imports::tests::test_empty_use": "PASSED",
  "handlers::merge_imports::tests::skip_pub_crate_pub": "PASSED",
  "handlers::merge_imports::tests::skip_pub_pub_crate": "PASSED",
  "handlers::merge_imports::tests::skip_pub_last": "PASSED",
  "handlers::infer_function_return_type::tests::infer_return_type_specified_inferred_closure": "PASSED",
  "handlers::invert_if::tests::invert_if_result_case": "PASSED",
  "handlers::generate_default_from_new::tests::generate_default": "PASSED",
  "handlers::merge_imports::tests::merge_pub": "PASSED",
  "handlers::merge_imports::tests::merge_self1": "PASSED",
  "handlers::generate_default_from_new::tests::multiple_struct_blocks": "PASSED",
  "handlers::merge_imports::tests::removes_just_enough_whitespace": "PASSED",
  "handlers::invert_if::tests::invert_if_remove_inequality": "PASSED",
  "handlers::inline_local_variable::tests::works_on_local_usage": "PASSED",
  "handlers::merge_imports::tests::test_merge_both_wildcard_diff_prefixes": "PASSED",
  "handlers::merge_imports::tests::test_double_comma": "PASSED",
  "handlers::merge_imports::tests::test_merge_nested2": "PASSED",
  "handlers::merge_match_arms::tests::merges_all_subsequent_arms": "PASSED",
  "handlers::merge_imports::tests::test_merge_single_wildcard_diff_prefixes": "PASSED",
  "handlers::merge_imports::tests::test_merge_first": "PASSED",
  "handlers::merge_imports::tests::test_merge_equal": "PASSED",
  "handlers::move_bounds::tests::move_bounds_to_where_clause_tuple_struct": "PASSED",
  "handlers::merge_imports::tests::test_merge_nested": "PASSED",
  "handlers::move_bounds::tests::move_bounds_to_where_clause_impl": "PASSED",
  "handlers::move_bounds::tests::move_bounds_to_where_clause_struct": "PASSED",
  "handlers::move_guard::tests::move_arm_cond_in_block_to_match_guard_works": "PASSED",
  "handlers::merge_match_arms::tests::merge_match_arms_placeholder_pattern": "PASSED",
  "handlers::merge_match_arms::tests::merge_match_arms_rejects_guards": "PASSED",
  "handlers::move_guard::tests::move_arm_cond_in_block_to_match_guard_if_multiline_body_works": "PASSED",
  "handlers::inline_local_variable::tests::not_applicable_with_non_ident_pattern": "PASSED",
  "handlers::inline_local_variable::tests::test_paren": "PASSED",
  "handlers::merge_match_arms::tests::merge_match_arms_single_patterns": "PASSED",
  "handlers::inline_local_variable::tests::test_tuple_expr": "PASSED",
  "handlers::inline_local_variable::tests::test_used_in_return_expr": "PASSED",
  "handlers::inline_local_variable::tests::test_array_expr": "PASSED",
  "handlers::inline_local_variable::tests::test_method_call_expr": "PASSED",
  "handlers::merge_match_arms::tests::merge_match_arms_multiple_patterns": "PASSED",
  "handlers::move_guard::tests::move_arm_cond_to_match_guard_if_let_not_works": "PASSED",
  "handlers::inline_local_variable::tests::test_ref_expr": "PASSED",
  "handlers::inline_local_variable::tests::test_try_expr": "PASSED",
  "handlers::move_guard::tests::move_arm_cond_to_match_guard_works": "PASSED",
  "handlers::move_bounds::tests::move_bounds_to_where_clause_fn": "PASSED",
  "handlers::move_guard::tests::move_arm_cond_to_match_guard_if_multiline_body_works": "PASSED",
  "handlers::move_module_to_file::tests::available_before_curly": "PASSED",
  "handlers::inline_local_variable::tests::test_path_expr": "PASSED",
  "handlers::move_guard::tests::move_arm_cond_to_match_guard_if_empty_body_works": "PASSED",
  "handlers::generate_default_from_new::tests::struct_in_module": "PASSED",
  "handlers::inline_local_variable::tests::test_inline_let_bind_literal_expr": "PASSED",
  "handlers::move_guard::tests::move_guard_to_arm_body_target": "PASSED",
  "handlers::inline_local_variable::tests::test_used_in_for_expr": "PASSED",
  "handlers::inline_local_variable::tests::test_used_in_while_expr": "PASSED",
  "handlers::move_guard::tests::move_guard_to_arm_body_works_complex_match": "PASSED",
  "handlers::inline_local_variable::tests::test_used_in_match_expr": "PASSED",
  "handlers::inline_local_variable::tests::test_inline_let_bind_bin_expr": "PASSED",
  "handlers::merge_imports::tests::test_merge_second": "PASSED",
  "handlers::inline_local_variable::tests::test_inline_let_bind_function_call_expr": "PASSED",
  "handlers::inline_local_variable::tests::test_field_expr": "PASSED",
  "handlers::inline_local_variable::tests::test_used_in_different_expr1": "PASSED",
  "handlers::move_guard::tests::move_guard_to_arm_body_works": "PASSED",
  "handlers::inline_local_variable::tests::test_inline_let_bind_paren_expr": "PASSED",
  "handlers::inline_local_variable::tests::test_inline_let_bind_block_expr": "PASSED",
  "handlers::merge_imports::tests::works_with_trailing_comma": "PASSED",
  "handlers::generate_from_impl_for_enum::tests::test_add_from_impl_already_exists": "PASSED",
  "handlers::qualify_path::tests::associated_struct_const_unqualified": "SKIPPED",
  "handlers::pull_assignment_up::tests::test_cant_pull_non_assignments": "PASSED",
  "handlers::inline_local_variable::tests::test_inline_let_bind_cast_expr": "PASSED",
  "handlers::move_module_to_file::tests::extract_from_root": "PASSED",
  "handlers::fill_match_arms::tests::fill_match_arms_tuple_of_enum_partial_with_wildcards": "PASSED",
  "handlers::move_module_to_file::tests::extract_from_submodule": "PASSED",
  "handlers::move_module_to_file::tests::keep_outer_comments_and_attributes": "PASSED",
  "handlers::inline_local_variable::tests::test_used_in_break_expr": "PASSED",
  "handlers::move_module_to_file::tests::extract_public_crate": "PASSED",
  "handlers::move_module_to_file::tests::extract_public": "PASSED",
  "handlers::move_module_to_file::tests::extract_from_mod_rs": "PASSED",
  "handlers::inline_local_variable::tests::not_applicable_on_local_usage_in_macro": "PASSED",
  "handlers::raw_string::test_required_hashes": "PASSED",
  "handlers::qualify_path::tests::not_applicable_in_import_statements": "PASSED",
  "handlers::pull_assignment_up::tests::pull_assignment_up_if_missing_assigment_not_applicable": "PASSED",
  "handlers::qualify_path::tests::not_applicable_for_already_imported_types": "PASSED",
  "handlers::pull_assignment_up::tests::pull_assignment_up_let_stmt_not_applicable": "PASSED",
  "handlers::pull_assignment_up::tests::pull_assignment_up_match_missing_assigment_not_applicable": "PASSED",
  "handlers::raw_string::tests::add_hash_works": "PASSED",
  "handlers::raw_string::tests::add_hash_target": "PASSED",
  "handlers::raw_string::tests::add_hash_not_works": "PASSED",
  "handlers::pull_assignment_up::tests::test_pull_assignment_up_retains_stmts": "PASSED",
  "handlers::raw_string::tests::make_raw_string_closing_hashes_inside_works": "PASSED",
  "handlers::raw_string::tests::cant_remove_required_hash": "PASSED",
  "handlers::qualify_path::tests::not_applicable_for_imported_function": "PASSED",
  "handlers::raw_string::tests::add_more_hash_works": "PASSED",
  "handlers::pull_assignment_up::tests::test_pull_assignment_up_if": "PASSED",
  "handlers::raw_string::tests::make_raw_string_target": "PASSED",
  "handlers::raw_string::tests::make_raw_string_not_works_on_partial_string": "PASSED",
  "handlers::raw_string::tests::make_raw_string_works_inside_macros": "PASSED",
  "handlers::pull_assignment_up::tests::test_pull_assignment_up_not_last_not_applicable": "PASSED",
  "handlers::raw_string::tests::make_raw_string_works": "PASSED",
  "handlers::raw_string::tests::make_raw_string_nothing_to_unescape_works": "PASSED",
  "handlers::raw_string::tests::make_raw_string_hashes_inside_works": "PASSED",
  "handlers::qualify_path::tests::not_applicable_when_path_start_is_imported": "PASSED",
  "handlers::raw_string::tests::remove_hash_no_hash_doesnt_work": "PASSED",
  "handlers::raw_string::tests::make_usual_string_not_works_on_partial_string": "PASSED",
  "handlers::raw_string::tests::make_usual_string_target": "PASSED",
  "handlers::raw_string::tests::make_usual_string_more_hash_works": "PASSED",
  "handlers::raw_string::tests::make_usual_string_not_works": "PASSED",
  "handlers::raw_string::tests::make_usual_string_works": "PASSED",
  "handlers::raw_string::tests::make_usual_string_with_quote_works": "PASSED",
  "handlers::raw_string::tests::remove_more_hash_works": "PASSED",
  "handlers::raw_string::tests::remove_hash_works": "PASSED",
  "handlers::remove_dbg::tests::test_remove_dbg_await_expr": "PASSED",
  "handlers::pull_assignment_up::tests::test_pull_assignment_up_field_assignment": "PASSED",
  "handlers::pull_assignment_up::tests::test_pull_assignment_up_match": "PASSED",
  "handlers::raw_string::tests::remove_hash_target": "PASSED",
  "handlers::remove_dbg::tests::test_remove_dbg_keep_semicolon": "PASSED",
  "handlers::remove_dbg::tests::test_remove_dbg_as_cast": "PASSED",
  "handlers::raw_string::tests::remove_hash_doesnt_work": "PASSED",
  "handlers::pull_assignment_up::tests::test_pull_assignment_up_deref": "PASSED",
  "handlers::pull_assignment_up::tests::test_pull_assignment_up_assignment_expressions": "PASSED",
  "handlers::remove_dbg::tests::remove_dbg_from_non_leaf_simple_expression": "PASSED",
  "handlers::remove_dbg::tests::test_remove_dbg_method_chaining": "PASSED",
  "handlers::remove_dbg::tests::test_remove_dbg_with_brackets_and_braces": "PASSED",
  "handlers::remove_dbg::tests::test_remove_dbg_field_chaining": "PASSED",
  "handlers::remove_dbg::tests::test_remove_dbg_try_expr": "PASSED",
  "handlers::remove_dbg::tests::test_remove_dbg_index_expr": "PASSED",
  "handlers::remove_dbg::tests::test_remove_dbg_from_inside_fn": "PASSED",
  "handlers::remove_dbg::tests::test_remove_dbg_range_expr": "PASSED",
  "handlers::pull_assignment_up::tests::test_pull_assignment_up_chained_if": "PASSED",
  "handlers::remove_dbg::tests::test_remove_dbg_target": "PASSED",
  "handlers::remove_dbg::tests::test_remove_dbg_not_applicable": "PASSED",
  "handlers::remove_dbg::tests::test_remove_dbg": "PASSED",
  "handlers::remove_dbg::tests::test_remove_dbg_keep_expression": "PASSED",
  "handlers::remove_dbg::tests::test_remove_dbg_followed_by_block": "PASSED",
  "handlers::replace_derive_with_manual_impl::tests::works_at_start_of_file": "PASSED",
  "handlers::replace_derive_with_manual_impl::tests::test_ignore_if_not_derive": "PASSED",
  "handlers::replace_derive_with_manual_impl::tests::test_ignore_derive_macro_without_input": "PASSED",
  "handlers::qualify_path::tests::not_applicable_for_imported_trait_for_function": "PASSED",
  "handlers::replace_derive_with_manual_impl::tests::test_ignore_if_cursor_on_param": "PASSED",
  "handlers::qualify_path::tests::not_applicable_for_imported_trait_for_const": "PASSED",
  "handlers::remove_dbg::tests::test_remove_empty_dbg": "PASSED",
  "handlers::replace_for_loop_with_for_each::tests::test_not_for": "PASSED",
  "handlers::replace_for_loop_with_for_each::tests::not_available_in_body": "PASSED",
  "handlers::replace_impl_trait_with_generic::tests::replace_impl_trait_with_exist_generic_letter": "SKIPPED",
  "handlers::reorder_fields::tests::trivial_empty_fields": "PASSED",
  "handlers::replace_impl_trait_with_generic::tests::replace_impl_trait_multiple": "PASSED",
  "handlers::reorder_impl::tests::not_applicable_if_empty": "PASSED",
  "handlers::reorder_fields::tests::reorder_struct_fields": "PASSED",
  "handlers::qualify_path::tests::not_applicable_for_imported_trait_for_method": "PASSED",
  "handlers::reorder_impl::tests::reorder_impl_trait_methods_uneven_ident_lengths": "PASSED",
  "handlers::replace_impl_trait_with_generic::tests::replace_impl_trait_with_empty_multiline_generic_params": "PASSED",
  "handlers::replace_impl_trait_with_generic::tests::replace_impl_trait_with_empty_generic_params": "PASSED",
  "handlers::reorder_impl::tests::reorder_impl_trait_functions": "PASSED",
  "handlers::replace_impl_trait_with_generic::tests::replace_impl_trait_with_generic_params": "PASSED",
  "handlers::reorder_fields::tests::reorder_sorted_fields": "PASSED",
  "handlers::reorder_impl::tests::not_applicable_if_sorted": "PASSED",
  "handlers::replace_impl_trait_with_generic::tests::replace_impl_trait_without_generic_params": "PASSED",
  "handlers::replace_qualified_name_with_use::tests::does_not_replace_in_use": "PASSED",
  "handlers::remove_unused_param::tests::keep_used": "PASSED",
  "handlers::replace_qualified_name_with_use::tests::does_not_replace_pub_use": "PASSED",
  "handlers::replace_qualified_name_with_use::tests::test_replace_add_use_no_anchor_with_item_above": "PASSED",
  "handlers::replace_qualified_name_with_use::tests::inserts_imports_after_inner_attributes": "PASSED",
  "handlers::replace_impl_trait_with_generic::tests::replace_impl_trait_with_multiline_generic_params": "PASSED",
  "handlers::replace_qualified_name_with_use::tests::replaces_all_affected_paths": "PASSED",
  "handlers::replace_qualified_name_with_use::tests::replaces_all_affected_paths_mod": "PASSED",
  "handlers::remove_unused_param::tests::remove_unused_qualified_call": "PASSED",
  "handlers::replace_qualified_name_with_use::tests::dont_import_trivial_paths": "PASSED",
  "handlers::replace_qualified_name_with_use::tests::test_replace_add_to_nested_self_already_included": "PASSED",
  "handlers::replace_qualified_name_with_use::tests::test_replace_add_use_other_anchor_indent": "PASSED",
  "handlers::replace_qualified_name_with_use::tests::test_replace_add_to_nested_nested": "PASSED",
  "handlers::replace_qualified_name_with_use::tests::test_replace_add_to_nested_self_nested": "PASSED",
  "handlers::replace_qualified_name_with_use::tests::test_replace_alias": "PASSED",
  "handlers::replace_qualified_name_with_use::tests::test_replace_split_different": "PASSED",
  "handlers::replace_qualified_name_with_use::tests::test_replace_split_self_for_target": "PASSED",
  "handlers::remove_unused_param::tests::remove_unused_single_param": "PASSED",
  "handlers::replace_qualified_name_with_use::tests::test_replace_add_use_no_anchor_with_item_below": "PASSED",
  "handlers::reorder_fields::tests::reorder_struct_pattern": "PASSED",
  "handlers::remove_unused_param::tests::remove_unused_turbofished_func": "PASSED",
  "handlers::replace_qualified_name_with_use::tests::test_replace_split_common_target_longer": "PASSED",
  "handlers::replace_qualified_name_with_use::tests::test_replace_not_applicable_in_use": "PASSED",
  "handlers::reorder_fields::tests::reorder_with_extra_field": "PASSED",
  "handlers::replace_string_with_char::tests::replace_string_with_char_assist_with_emoji": "PASSED",
  "handlers::replace_string_with_char::tests::replace_string_with_char_target": "PASSED",
  "handlers::replace_string_with_char::tests::replace_string_with_char_unicode_escape": "PASSED",
  "handlers::replace_string_with_char::tests::replace_string_with_char_newline": "PASSED",
  "handlers::remove_unused_param::tests::remove_across_files": "PASSED",
  "handlers::replace_qualified_name_with_use::tests::test_replace_split_self_for_use": "PASSED",
  "handlers::replace_string_with_char::tests::replace_string_with_char_works_func_args": "PASSED",
  "handlers::replace_qualified_name_with_use::tests::test_replace_split_common_use_longer": "PASSED",
  "handlers::remove_unused_param::tests::remove_unused_first_param": "PASSED",
  "handlers::replace_qualified_name_with_use::tests::does_not_replace_pub_crate_use": "PASSED",
  "handlers::replace_qualified_name_with_use::tests::test_replace_use_nested_import": "PASSED",
  "handlers::replace_qualified_name_with_use::tests::test_replace_already_imported": "PASSED",
  "handlers::unmerge_use::tests::skip_single_glob_import": "PASSED",
  "handlers::remove_unused_param::tests::remove_unused_surrounded_by_parms": "PASSED",
  "handlers::replace_impl_trait_with_generic::tests::replace_two_impl_trait_with_generic_params": "PASSED",
  "handlers::split_import::tests::split_import_target": "PASSED",
  "handlers::unmerge_use::tests::unmerge_glob_import": "PASSED",
  "handlers::replace_string_with_char::tests::replace_string_with_char_works_inside_macros": "PASSED",
  "handlers::unmerge_use::tests::unmerge_renamed_use_item": "PASSED",
  "handlers::remove_unused_param::tests::remove_unused": "PASSED",
  "handlers::remove_unused_param::tests::remove_unused_generic_unused_param_func": "PASSED",
  "handlers::unmerge_use::tests::unmerge_nested_use_item": "PASSED",
  "handlers::unmerge_use::tests::unmerge_indented_use_item": "PASSED",
  "handlers::unmerge_use::tests::unmerge_use_item": "PASSED",
  "handlers::replace_qualified_name_with_use::tests::test_replace_add_use_no_anchor_2seg": "PASSED",
  "handlers::replace_qualified_name_with_use::tests::test_replace_add_use": "PASSED",
  "handlers::unmerge_use::tests::skip_single_use_item": "PASSED",
  "handlers::unmerge_use::tests::unmerge_use_item_with_visibility": "PASSED",
  "handlers::replace_if_let_with_match::tests::special_case_option": "PASSED",
  "handlers::replace_if_let_with_match::tests::special_case_option_match_to_if_let": "PASSED",
  "handlers::unwrap_block::tests::simple_if_bad_cursor_position": "PASSED",
  "handlers::unwrap_block::tests::simple_if_else_if": "PASSED",
  "handlers::replace_string_with_char::tests::replace_string_with_char_assist": "PASSED",
  "handlers::replace_qualified_name_with_use::tests::does_not_replace_in_submodules": "PASSED",
  "handlers::unwrap_block::tests::simple_if_else_if_nested": "PASSED",
  "handlers::unwrap_block::tests::simple_if": "PASSED",
  "handlers::unwrap_block::tests::simple_if_else_if_nested_else": "PASSED",
  "handlers::unwrap_block::tests::simple_for": "PASSED",
  "handlers::replace_qualified_name_with_use::tests::test_replace_file_use_other_anchor": "PASSED",
  "handlers::unwrap_block::tests::simple_if_else_if_nested_middle": "PASSED",
  "handlers::replace_qualified_name_with_use::tests::test_replace_add_use_no_anchor_in_mod_mod": "PASSED",
  "handlers::replace_qualified_name_with_use::tests::test_replace_add_use_no_anchor": "PASSED",
  "handlers::unwrap_block::tests::unwrap_tail_expr_block": "PASSED",
  "handlers::wrap_return_type_in_result::tests::wrap_return_type_in_result_closure_non_block": "PASSED",
  "handlers::unwrap_block::tests::simple_loop": "PASSED",
  "handlers::wrap_return_type_in_result::tests::wrap_return_type_in_result_simple_return_type_bad_cursor": "PASSED",
  "handlers::unwrap_block::tests::simple_if_in_while_bad_cursor_position": "PASSED",
  "handlers::replace_string_with_char::tests::replace_raw_string_with_char": "PASSED",
  "handlers::unwrap_block::tests::unwrap_stmt_expr_block": "PASSED",
  "handlers::split_import::tests::issue4044": "PASSED",
  "handlers::wrap_return_type_in_result::tests::wrap_return_type_in_result_simple_return_type_already_result": "PASSED",
  "handlers::wrap_return_type_in_result::tests::wrap_return_type_in_result_simple_return_type_already_result_closure": "PASSED",
  "handlers::wrap_return_type_in_result::tests::wrap_return_type_in_result_simple_with_array": "PASSED",
  "handlers::replace_for_loop_with_for_each::tests::test_simple_for": "PASSED",
  "handlers::wrap_return_type_in_result::tests::wrap_return_type_in_result_simple_return_type_already_result_std": "PASSED",
  "handlers::wrap_return_type_in_result::tests::wrap_return_type_in_result_simple": "PASSED",
  "handlers::unwrap_block::tests::simple_if_else": "PASSED",
  "handlers::wrap_return_type_in_result::tests::wrap_return_type_in_result_simple_return_type_bad_cursor_closure": "PASSED",
  "handlers::split_import::tests::test_empty_use": "PASSED",
  "handlers::wrap_return_type_in_result::tests::wrap_return_type_in_result_simple_closure": "PASSED",
  "handlers::split_import::tests::test_split_import": "PASSED",
  "handlers::unwrap_block::tests::simple_if_in_for": "PASSED",
  "handlers::replace_if_let_with_match::tests::replace_match_with_if_let_empty_wildcard_expr": "PASSED",
  "handlers::unwrap_block::tests::simple_while": "PASSED",
  "handlers::replace_if_let_with_match::tests::replace_match_with_if_let_target": "PASSED",
  "handlers::replace_if_let_with_match::tests::special_case_inverted_result": "PASSED",
  "handlers::unwrap_block::tests::unwrap_match_arm": "PASSED",
  "handlers::wrap_return_type_in_result::tests::wrap_return_type_in_result_simple_with_tail_only": "PASSED",
  "handlers::replace_if_let_with_match::tests::test_replace_match_with_if_let_unwraps_simple_expressions": "PASSED",
  "handlers::wrap_return_type_in_result::tests::wrap_return_type_in_result_simple_with_loop_with_tail": "PASSED",
  "handlers::replace_string_with_char::tests::replace_string_with_char_assist_not_applicable": "PASSED",
  "handlers::toggle_ignore::tests::test_base_case": "PASSED",
  "handlers::replace_if_let_with_match::tests::replace_if_let_with_match_target": "PASSED",
  "handlers::replace_let_with_if_let::tests::replace_let_unknown_enum": "PASSED",
  "handlers::replace_for_loop_with_for_each::tests::test_for_borrowed_mut_behind_var": "PASSED",
  "handlers::wrap_return_type_in_result::tests::wrap_return_type_in_result_simple_with_tail_closure": "PASSED",
  "handlers::toggle_ignore::tests::test_unignore": "PASSED",
  "handlers::replace_if_let_with_match::tests::test_replace_if_let_with_match_unwraps_simple_expressions": "PASSED",
  "handlers::wrap_return_type_in_result::tests::wrap_return_type_in_result_simple_with_cursor": "PASSED",
  "handlers::replace_if_let_with_match::tests::special_case_inverted_option": "PASSED",
  "handlers::wrap_return_type_in_result::tests::wrap_return_type_in_result_simple_with_tail": "PASSED",
  "handlers::wrap_return_type_in_result::tests::wrap_return_type_in_result_simple_with_loop_in_let_stmt": "PASSED",
  "handlers::replace_if_let_with_match::tests::test_replace_match_with_if_let_doesnt_unwrap_multiline_expressions": "PASSED",
  "handlers::wrap_return_type_in_result::tests::wrap_return_type_in_result_simple_with_tail_block_like": "PASSED",
  "handlers::replace_if_let_with_match::tests::special_case_result": "PASSED",
  "handlers::wrap_return_type_in_result::tests::wrap_return_type_in_result_simple_with_tail_block_like_match": "PASSED",
  "handlers::split_import::tests::split_import_works_with_trees": "PASSED",
  "handlers::wrap_return_type_in_result::tests::wrap_return_type_in_result_simple_with_nested_if": "PASSED",
  "tests::assist_order_field_struct": "PASSED",
  "handlers::wrap_return_type_in_result::tests::wrap_return_type_in_result_simple_with_closure": "PASSED",
  "handlers::wrap_return_type_in_result::tests::wrap_return_type_in_result_simple_with_await": "PASSED",
  "handlers::replace_if_let_with_match::tests::test_replace_if_let_with_match_doesnt_unwrap_multiline_expressions": "PASSED",
  "handlers::wrap_return_type_in_result::tests::wrap_return_type_in_result_simple_with_cast": "PASSED",
  "handlers::replace_unwrap_with_match::tests::test_replace_option_unwrap_with_match": "PASSED",
  "handlers::wrap_return_type_in_result::tests::wrap_return_type_in_result_simple_with_tail_block_like_match_return_expr": "PASSED",
  "handlers::replace_if_let_with_match::tests::special_case_result_match_to_if_let": "PASSED",
  "tests::generated::doctest_change_visibility": "PASSED",
  "handlers::wrap_return_type_in_result::tests::wrap_return_type_in_result_simple_with_tail_block_like_match_deeper": "PASSED",
  "handlers::wrap_return_type_in_result::tests::wrap_return_type_in_result_simple_with_tail_block_like_early_return": "PASSED",
  "tests::generated::doctest_add_lifetime_to_type": "PASSED",
  "tests::generated::doctest_convert_integer_literal": "PASSED",
  "tests::generated::doctest_add_hash": "PASSED",
  "tests::generated::doctest_add_impl_missing_members": "PASSED",
  "tests::generated::doctest_extract_struct_from_enum_variant": "PASSED",
  "tests::generated::doctest_generate_deref": "PASSED",
  "tests::generated::doctest_generate_enum_as_method": "PASSED",
  "tests::generated::doctest_generate_default_from_enum_variant": "PASSED",
  "handlers::wrap_return_type_in_result::tests::wrap_return_type_in_result_simple_without_block_closure": "PASSED",
  "handlers::replace_unwrap_with_match::tests::test_replace_result_unwrap_with_match": "PASSED",
  "handlers::replace_unwrap_with_match::tests::replace_unwrap_with_match_target": "PASSED",
  "tests::generated::doctest_generate_impl": "PASSED",
  "tests::generated::doctest_extract_type_alias": "PASSED",
  "tests::generated::doctest_generate_derive": "PASSED",
  "tests::generated::doctest_generate_getter": "PASSED",
  "tests::generated::doctest_add_impl_default_members": "PASSED",
  "tests::generated::doctest_flip_binexpr": "PASSED",
  "tests::generated::doctest_generate_getter_mut": "PASSED",
  "tests::generated::doctest_generate_enum_is_method": "PASSED",
  "tests::assist_order_if_expr": "PASSED",
  "tests::generated::doctest_generate_enum_try_into_method": "PASSED",
  "tests::generated::doctest_generate_new": "PASSED",
  "tests::generated::doctest_move_module_to_file": "PASSED",
  "tests::generated::doctest_generate_setter": "PASSED",
  "tests::generated::doctest_expand_glob_import": "PASSED",
  "tests::generated::doctest_generate_from_impl_for_enum": "PASSED",
  "handlers::replace_if_let_with_match::tests::nested_indent_match_to_if_let": "PASSED",
  "tests::generated::doctest_extract_variable": "PASSED",
  "handlers::replace_if_let_with_match::tests::nested_indent": "PASSED",
  "handlers::wrap_return_type_in_result::tests::wrap_return_type_in_result_simple_with_weird_forms": "PASSED",
  "tests::generated::doctest_fill_match_arms": "PASSED",
  "utils::suggest_name::tests::generic_params": "PASSED",
  "tests::generated::doctest_merge_imports": "PASSED",
  "tests::generated::doctest_generate_default_from_new": "PASSED",
  "tests::generated::doctest_flip_comma": "PASSED",
  "tests::generated::doctest_infer_function_return_type": "PASSED",
  "tests::generated::doctest_extract_function": "PASSED",
  "utils::suggest_name::tests::many_args": "PASSED",
  "tests::generated::doctest_flip_trait_bound": "PASSED",
  "tests::generated::doctest_reorder_impl": "PASSED",
  "tests::generated::doctest_convert_into_to_from": "PASSED",
  "tests::generated::doctest_inline_local_variable": "PASSED",
  "tests::generated::doctest_split_import": "PASSED",
  "tests::generated::doctest_apply_demorgan": "PASSED",
  "tests::generated::doctest_fix_visibility": "PASSED",
  "tests::assist_filter_works": "PASSED",
  "tests::generated::doctest_unmerge_use": "PASSED",
  "tests::generated::doctest_add_explicit_type": "PASSED",
  "utils::suggest_name::tests::no_args": "PASSED",
  "tests::generated::doctest_make_usual_string": "PASSED",
  "tests::generated::doctest_add_turbo_fish": "PASSED",
  "tests::generated::doctest_reorder_fields": "PASSED",
  "tests::generated::doctest_make_raw_string": "PASSED",
  "utils::suggest_name::tests::single_arg": "PASSED",
  "tests::generated::doctest_remove_hash": "PASSED",
  "utils::suggest_name::tests::path": "PASSED",
  "tests::generated::doctest_convert_tuple_struct_to_named_struct": "PASSED",
  "tests::generated::doctest_toggle_ignore": "PASSED",
  "utils::suggest_name::tests::struct_single_arg": "PASSED",
  "tests::generated::doctest_inline_function": "PASSED",
  "tests::generated::doctest_replace_impl_trait_with_generic": "PASSED",
  "tests::generated::doctest_convert_to_guarded_return": "PASSED",
  "tests::generated::doctest_invert_if": "PASSED",
  "tests::generated::doctest_remove_mut": "PASSED",
  "tests::generated::doctest_move_bounds_to_where_clause": "PASSED",
  "utils::suggest_name::tests::to_name": "PASSED",
  "tests::generated::doctest_replace_string_with_char": "PASSED",
  "tests::generated::doctest_generate_is_empty_from_len": "PASSED",
  "utils::suggest_name::tests::i32": "PASSED",
  "utils::suggest_name::tests::generic_param_unresolved": "PASSED",
  "tests::generated::doctest_pull_assignment_up": "PASSED",
  "utils::suggest_name::tests::func_does_not_exist": "PASSED",
  "tests::generated::doctest_remove_unused_param": "PASSED",
  "tests::generated::doctest_move_guard_to_arm_body": "PASSED",
  "tests::generated::doctest_merge_match_arms": "PASSED",
  "handlers::replace_unwrap_with_match::tests::test_replace_result_unwrap_with_match_chaining": "PASSED",
  "utils::suggest_name::tests::bool": "PASSED",
  "utils::suggest_name::tests::impl_trait_plus_lifetime": "PASSED",
  "utils::suggest_name::tests::name_to_string": "PASSED",
  "handlers::replace_for_loop_with_for_each::tests::test_for_borrowed_mut": "PASSED",
  "utils::suggest_name::tests::struct_unit": "PASSED",
  "utils::suggest_name::tests::mut_param": "PASSED",
  "tests::generated::doctest_replace_for_loop_with_for_each": "PASSED",
  "utils::suggest_name::tests::impl_trait_plus_trait": "PASSED",
  "utils::suggest_name::tests::impl_trait_plus_clone": "PASSED",
  "utils::suggest_name::tests::ref_call": "PASSED",
  "utils::suggest_name::tests::struct_unit_to_snake": "PASSED",
  "utils::suggest_name::tests::ref_value": "PASSED",
  "utils::suggest_name::tests::method_self": "PASSED",
  "utils::suggest_name::tests::generic_param_resolved": "PASSED",
  "utils::suggest_name::tests::plain_func": "PASSED",
  "utils::suggest_name::tests::param_out_of_index": "PASSED",
  "utils::suggest_name::tests::u64": "PASSED",
  "utils::suggest_name::tests::method": "PASSED",
  "handlers::qualify_path::tests::trait_method_generic": "PASSED",
  "tests::generated::doctest_replace_let_with_if_let": "PASSED",
  "utils::suggest_name::tests::impl_trait": "PASSED",
  "tests::generated::doctest_wrap_return_type_in_result": "PASSED",
  "utils::suggest_name::tests::enum_": "PASSED",
  "utils::suggest_name::tests::option_value": "PASSED",
  "utils::suggest_name::tests::box_generic": "PASSED",
  "utils::suggest_name::tests::ref_pat": "PASSED",
  "utils::suggest_name::tests::enum_generic_resolved": "PASSED",
  "utils::suggest_name::tests::struct_with_fields": "PASSED",
  "utils::suggest_name::tests::enum_generic_unresolved": "PASSED",
  "utils::suggest_name::tests::box_value": "PASSED",
  "utils::suggest_name::tests::method_self_named": "PASSED",
  "utils::suggest_name::tests::unnamed_param": "PASSED",
  "utils::suggest_name::tests::box_pat": "PASSED",
  "utils::suggest_name::tests::tuple_pat": "PASSED",
  "tests::generated::doctest_replace_if_let_with_match": "PASSED",
  "utils::suggest_name::tests::method_ufcs": "PASSED",
  "utils::suggest_name::tests::dyn_trait": "PASSED",
  "utils::suggest_name::tests::nested_useless_method": "PASSED",
  "utils::suggest_name::tests::result_value": "PASSED",
  "tests::generated::doctest_unwrap_block": "PASSED",
  "tests::generated::doctest_replace_match_with_if_let": "PASSED",
  "tests::various_resolve_strategies": "PASSED",
  "tests::generated::doctest_move_arm_cond_to_match_guard": "PASSED",
  "handlers::auto_import::tests::not_applicable_when_no_imports_found": "PASSED",
  "handlers::auto_import::tests::private_trait_cross_crate": "PASSED",
  "handlers::auto_import::tests::dep_import": "PASSED",
  "handlers::auto_import::tests::macro_generated": "PASSED",
  "handlers::auto_import::tests::whole_segment": "PASSED",
  "handlers::auto_import::tests::uses_abs_path_with_extern_crate_clash": "PASSED",
  "handlers::auto_import::tests::function_import": "PASSED",
  "handlers::auto_import::tests::auto_import_target": "PASSED",
  "handlers::auto_import::tests::associated_struct_function": "PASSED",
  "handlers::auto_import::tests::macro_import": "PASSED",
  "handlers::auto_import::tests::inner_items": "PASSED",
  "handlers::auto_import::tests::associated_trait_function": "PASSED",
  "handlers::auto_import::tests::applicable_when_found_multiple_imports": "PASSED",
  "handlers::replace_for_loop_with_for_each::tests::test_for_borrowed_no_iter_method": "PASSED",
  "handlers::replace_for_loop_with_for_each::tests::test_for_borrowed": "PASSED",
  "handlers::auto_import::tests::not_applicable_for_types_with_private_paths": "PASSED",
  "handlers::auto_import::tests::applicable_when_found_an_import": "PASSED",
  "handlers::auto_import::tests::associated_trait_const": "PASSED",
  "handlers::auto_import::tests::applicable_when_found_an_import_in_macros": "PASSED",
  "handlers::auto_import::tests::trait_method": "PASSED",
  "handlers::auto_import::tests::associated_struct_const": "PASSED",
  "handlers::auto_import::tests::applicable_when_found_an_import_partial": "PASSED",
  "handlers::qualify_path::tests::applicable_when_found_an_import": "PASSED",
  "handlers::qualify_path::tests::applicable_when_found_an_import_partial": "PASSED",
  "handlers::qualify_path::tests::qualify_function": "PASSED",
  "handlers::qualify_path::tests::not_applicable_when_no_imports_found": "PASSED",
  "handlers::replace_derive_with_manual_impl::tests::add_custom_impl_when_multiple_inputs": "PASSED",
  "handlers::qualify_path::tests::applicable_when_found_multiple_imports": "PASSED",
  "handlers::qualify_path::tests::applicable_in_macros": "PASSED",
  "tests::generated::doctest_introduce_named_lifetime": "PASSED",
  "handlers::qualify_path::tests::associated_struct_const": "PASSED",
  "handlers::replace_derive_with_manual_impl::tests::add_custom_impl_for_unique_input": "PASSED",
  "handlers::qualify_path::tests::not_applicable_for_types_with_private_paths": "PASSED",
  "handlers::qualify_path::tests::associated_trait_const": "PASSED",
  "handlers::qualify_path::tests::qualify_path_target": "PASSED",
  "handlers::replace_derive_with_manual_impl::tests::add_custom_impl_for_with_visibility_modifier": "PASSED",
  "handlers::qualify_path::tests::trait_method": "PASSED",
  "handlers::qualify_path::tests::private_trait_cross_crate": "PASSED",
  "tests::generated::doctest_replace_qualified_name_with_use": "PASSED",
  "handlers::qualify_path::tests::associated_struct_function": "PASSED",
  "handlers::qualify_path::tests::keep_generic_annotations": "PASSED",
  "tests::generated::doctest_replace_derive_with_manual_impl": "PASSED",
  "handlers::replace_derive_with_manual_impl::tests::add_custom_impl_all": "PASSED",
  "handlers::qualify_path::tests::dep_import": "PASSED",
  "handlers::qualify_path::tests::trait_method_consume": "PASSED",
  "handlers::qualify_path::tests::associated_struct_const_generic": "PASSED",
  "tests::generated::doctest_remove_dbg": "PASSED",
  "handlers::qualify_path::tests::associated_trait_function": "PASSED",
  "tests::generated::doctest_qualify_path": "PASSED",
  "handlers::replace_derive_with_manual_impl::tests::add_custom_impl_debug": "PASSED",
  "handlers::qualify_path::tests::assoc_fn_as_method_cross_crate": "PASSED",
  "tests::generated::doctest_replace_unwrap_with_match": "PASSED",
  "tests::generated::doctest_auto_import": "PASSED",
  "tests::generated::doctest_generate_function": "PASSED",
  "handlers::qualify_path::tests::trait_method_multi_params": "PASSED",
  "handlers::qualify_path::tests::associated_trait_const_generic": "PASSED",
  "handlers::replace_for_loop_with_for_each::tests::test_already_impls_iterator": "PASSED",
  "handlers::qualify_path::tests::casing": "PASSED",
  "handlers::qualify_path::tests::assoc_const_cross_crate": "PASSED",
  "handlers::qualify_path::tests::assoc_fn_cross_crate": "PASSED",
  "handlers::qualify_path::tests::trait_method_cross_crate": "PASSED",
  "handlers::qualify_path::tests::whole_segment": "PASSED",
  "handlers::qualify_path::tests::qualify_macro": "PASSED",
  "handlers::qualify_path::tests::macro_generated": "PASSED",
  "handlers::qualify_path::tests::keep_generic_annotations_leading_colon": "PASSED",
  "tests::generated::doctest_convert_iter_for_each_to_for": "PASSED",
  "completions::attribute::tests::test_attribute_completion": "PASSED",
  "completions::attribute::tests::test_inner_attribute_completion": "PASSED",
  "completions::attribute::tests::test_attribute_completion_inside_nested_attr": "PASSED",
  "completions::attribute::tests::no_completion_for_incorrect_derive": "PASSED",
  "completions::attribute::tests::derive_with_input_completion": "PASSED",
  "completions::attribute::tests::empty_derive_completion": "PASSED",
  "completions::flyimport::tests::no_completions_in_use_statements": "PASSED",
  "completions::keyword::tests::before_field": "PASSED",
  "completions::flyimport::tests::no_flyimports_in_traits_and_impl_declarations": "PASSED",
  "completions::keyword::tests::after_let": "PASSED",
  "completions::keyword::tests::test_keywords_in_trait_def": "PASSED",
  "completions::keyword::tests::test_keywords_in_impl_def": "PASSED",
  "completions::keyword::tests::test_keywords_at_source_file_level": "PASSED",
  "completions::keyword::tests::no_keyword_completion_in_comments": "PASSED",
  "completions::keyword::tests::test_keywords_after_unsafe_in_block_expr": "PASSED",
  "completions::keyword::tests::test_keywords_after_unsafe_in_item_list": "PASSED",
  "completions::keyword::tests::test_where_keyword": "PASSED",
  "completions::fn_param::tests::test_param_completion_trait_param": "PASSED",
  "completions::keyword::tests::test_keywords_in_use_stmt": "PASSED",
  "completions::fn_param::tests::test_param_completion_last_param": "PASSED",
  "completions::mod_::tests::already_declared_bin_module_completion_omitted": "PASSED",
  "completions::mod_::tests::directly_nested_module_completion": "PASSED",
  "completions::fn_param::tests::test_param_completion_nth_param": "PASSED",
  "completions::mod_::tests::lib_module_completion": "PASSED",
  "completions::mod_::tests::main_module_completion": "PASSED",
  "completions::mod_::tests::main_test_module_completion": "PASSED",
  "completions::mod_::tests::no_module_completion_with_module_body": "PASSED",
  "completions::fn_param::tests::completes_param_in_inner_function": "PASSED",
  "completions::keyword::tests::let_semi": "PASSED",
  "completions::flyimport::tests::short_paths_are_ignored": "PASSED",
  "completions::lifetime::tests::complete_lifetime_in_ref_missing_ty": "PASSED",
  "completions::macro_in_item_position::tests::completes_macros_as_item": "PASSED",
  "completions::mod_::tests::nested_in_source_module_completion": "PASSED",
  "completions::keyword::tests::struct_initializer_field_expr": "PASSED",
  "completions::lifetime::tests::dont_complete_lifetime_in_assoc_ty_bound": "PASSED",
  "completions::keyword::tests::test_keywords_in_function": "PASSED",
  "completions::lifetime::tests::complete_label_in_loop_with_value": "PASSED",
  "completions::keyword::tests::skip_struct_initializer": "PASSED",
  "completions::lifetime::tests::complete_lifetime_in_ref": "PASSED",
  "completions::lifetime::tests::complete_label_in_loop": "PASSED",
  "completions::flyimport::tests::no_fuzzy_during_fields_of_record_lit_syntax": "PASSED",
  "completions::postfix::format_like::tests::format_str_parser": "PASSED",
  "completions::lifetime::tests::complete_lifetime_in_param_list": "PASSED",
  "completions::postfix::format_like::tests::test_into_suggestion": "PASSED",
  "completions::lifetime::tests::complete_lifetime_in_where_pred": "PASSED",
  "completions::pattern::tests::completes_in_irrefutable_let": "PASSED",
  "completions::pattern::tests::completes_in_param": "PASSED",
  "completions::pattern::tests::completes_param_pattern": "PASSED",
  "completions::lifetime::tests::complete_lifetime_in_arg_list": "PASSED",
  "completions::lifetime::tests::complete_label_in_block_nested": "PASSED",
  "completions::lifetime::tests::complete_label_in_for_iterable": "PASSED",
  "completions::lifetime::tests::complete_label_in_while_cond": "PASSED",
  "completions::keyword::tests::test_keywords_inside_block": "PASSED",
  "completions::lifetime::tests::complete_lifetime_in_self_ref": "PASSED",
  "completions::pattern::tests::completes_refutable_pattern": "PASSED",
  "completions::keyword::tests::test_keywords_in_match_arm": "PASSED",
  "completions::lifetime::tests::check_label_edit": "PASSED",
  "completions::pattern::tests::completes_pat_in_let": "PASSED",
  "completions::pattern::tests::completes_in_simple_macro_call": "PASSED",
  "completions::pattern::tests::completes_let_pattern": "PASSED",
  "completions::keyword::tests::test_keywords_in_loop": "PASSED",
  "completions::qualified_path::tests::completes_deeply_nested_use_tree": "PASSED",
  "completions::pattern::tests::completes_enum_variant_iflet": "PASSED",
  "completions::lifetime::tests::check_lifetime_edit": "PASSED",
  "completions::lifetime::tests::complete_lifetime_in_ty_bound": "PASSED",
  "completions::pattern::tests::omits_private_fields_pat": "PASSED",
  "completions::pattern::tests::only_shows_ident_completion": "PASSED",
  "completions::pattern::tests::completes_enum_variant_matcharm": "PASSED",
  "completions::pattern::tests::completes_qualified_variant": "PASSED",
  "completions::keyword::tests::test_keywords_after_if": "PASSED",
  "completions::pattern::tests::completes_self_pats": "PASSED",
  "completions::pattern::tests::completes_enum_variants_and_modules": "PASSED",
  "completions::keyword::tests::test_mut_in_ref_and_in_fn_parameters_list": "PASSED",
  "completions::qualified_path::tests::completes_mod_with_same_name_as_function": "PASSED",
  "completions::qualified_path::tests::completes_nested_use_tree": "PASSED",
  "completions::pattern::tests::completes_enum_variant_impl": "PASSED",
  "completions::pattern::tests::completes_enum_variant_matcharm_ref": "PASSED",
  "completions::qualified_path::tests::completes_trait_associated_method_3": "PASSED",
  "completions::qualified_path::tests::dont_complete_current_use": "PASSED",
  "completions::qualified_path::tests::completes_use_item_starting_with_self": "PASSED",
  "completions::qualified_path::tests::completes_use_paths_across_crates": "PASSED",
  "completions::qualified_path::tests::completes_use_item_starting_with_crate": "PASSED",
  "completions::qualified_path::tests::completes_qualified_macros": "PASSED",
  "completions::qualified_path::tests::dont_complete_primitive_in_use": "PASSED",
  "completions::qualified_path::tests::dont_complete_current_use_in_braces_with_glob": "PASSED",
  "completions::qualified_path::tests::completes_in_simple_macro_call": "PASSED",
  "completions::qualified_path::tests::filters_visibility": "PASSED",
  "completions::qualified_path::tests::completes_primitive_assoc_const": "PASSED",
  "completions::trait_impl::tests::associated_type": "PASSED",
  "completions::record::tests::test_record_literal_enum_variant": "PASSED",
  "completions::qualified_path::tests::test_super_super_completion": "PASSED",
  "completions::qualified_path::tests::function_mod_share_name": "PASSED",
  "completions::qualified_path::tests::completes_primitives": "PASSED",
  "completions::record::tests::only_missing_fields_are_completed": "PASSED",
  "completions::record::tests::completes_functional_update": "PASSED",
  "completions::qualified_path::tests::completes_reexported_items_under_correct_name": "PASSED",
  "completions::qualified_path::tests::dont_complete_primitive_in_module_scope": "PASSED",
  "completions::trait_impl::tests::name_ref_function_type_const": "PASSED",
  "completions::qualified_path::tests::completes_variant_through_self": "PASSED",
  "completions::qualified_path::tests::completes_variant_through_alias": "PASSED",
  "completions::record::tests::test_record_literal_two_structs": "PASSED",
  "completions::qualified_path::tests::completes_trait_associated_method_1": "PASSED",
  "completions::snippet::tests::completes_snippets_in_items": "PASSED",
  "completions::qualified_path::tests::completes_type_alias": "PASSED",
  "completions::qualified_path::tests::dont_complete_attr": "PASSED",
  "completions::record::tests::test_record_pattern_enum_variant": "PASSED",
  "completions::record::tests::test_record_literal_generic_struct": "PASSED",
  "completions::trait_impl::tests::single_function": "PASSED",
  "completions::record::tests::test_record_pattern_field": "PASSED",
  "completions::record::tests::test_record_literal_field": "PASSED",
  "completions::trait_impl::tests::name_ref_single_function": "PASSED",
  "completions::record::tests::only_missing_fields_are_completed_in_destruct_pats": "PASSED",
  "completions::trait_impl::tests::no_completion_inside_type": "PASSED",
  "completions::unqualified_path::tests::completes_extern_prelude": "PASSED",
  "completions::unqualified_path::tests::bind_pat_and_path": "PASSED",
  "completions::snippet::tests::completes_snippets_in_expressions": "PASSED",
  "completions::trait_impl::tests::hide_implemented_fn": "PASSED",
  "completions::unqualified_path::tests::completes_bindings_from_if_let": "PASSED",
  "completions::record::tests::test_record_literal_field_in_simple_macro": "PASSED",
  "completions::trait_impl::tests::associated_const": "PASSED",
  "completions::qualified_path::tests::completes_self_param_assoc_ty": "PASSED",
  "completions::unqualified_path::tests::completes_self_in_enum": "PASSED",
  "completions::unqualified_path::tests::bind_pat_and_path_ignore_at": "PASSED",
  "completions::unqualified_path::tests::bind_pat_and_path_ignore_ref": "PASSED",
  "completions::trait_impl::tests::generic_fn": "PASSED",
  "item::tests::relevance_score": "PASSED",
  "completions::unqualified_path::tests::completes_macros_as_stmt": "PASSED",
  "completions::unqualified_path::tests::completes_module_items_in_nested_modules": "PASSED",
  "completions::unqualified_path::tests::completes_return_type": "PASSED",
  "completions::unqualified_path::tests::completes_module_items": "PASSED",
  "patterns::test_has_field_list_parent": "PASSED",
  "patterns::test_has_trait_as_prev_sibling": "PASSED",
  "patterns::test_has_impl_as_prev_sibling": "PASSED",
  "completions::trait_impl::tests::snippet_does_not_overwrite_comment_or_attr": "PASSED",
  "patterns::test_if_is_prev": "PASSED",
  "completions::unqualified_path::tests::completes_macros_as_value": "PASSED",
  "completions::unqualified_path::tests::completes_both_macro_and_value": "PASSED",
  "completions::unqualified_path::tests::completes_macros_as_type": "PASSED",
  "completions::unqualified_path::tests::completes_prelude": "PASSED",
  "patterns::test_is_match_arm": "PASSED",
  "completions::unqualified_path::tests::self_fulfilling_completion": "PASSED",
  "patterns::test_for_is_prev2": "PASSED",
  "completions::unqualified_path::tests::does_not_complete_lifetimes": "PASSED",
  "patterns::test_unsafe_is_prev": "PASSED",
  "completions::unqualified_path::tests::completes_generic_params_in_struct": "PASSED",
  "patterns::test_fn_is_prev": "PASSED",
  "patterns::test_has_impl_parent": "PASSED",
  "completions::unqualified_path::tests::completes_local_item": "PASSED",
  "patterns::test_has_item_list_or_source_file_parent": "PASSED",
  "completions::record::tests::test_record_pattern_field_in_simple_macro": "PASSED",
  "completions::unqualified_path::tests::completes_if_prefix_is_keyword": "PASSED",
  "completions::unqualified_path::tests::completes_enum_variant_from_module": "PASSED",
  "context::tests::expected_type_fn_ret_without_leading_char": "PASSED",
  "patterns::test_has_bind_pat_parent": "PASSED",
  "completions::unqualified_path::tests::completes_enum_variant_basic_expr": "PASSED",
  "completions::unqualified_path::tests::completes_self_in_methods": "PASSED",
  "context::tests::expected_type_fn_ret_fn_ref_fully_typed": "PASSED",
  "patterns::test_has_block_expr_parent": "PASSED",
  "completions::unqualified_path::tests::completes_prelude_macros": "PASSED",
  "patterns::test_has_trait_parent": "PASSED",
  "completions::unqualified_path::tests::completes_bindings_from_let": "PASSED",
  "patterns::test_inside_impl_trait_block": "PASSED",
  "completions::unqualified_path::tests::completes_generic_params": "PASSED",
  "context::tests::expected_type_fn_param_with_leading_char": "PASSED",
  "patterns::test_has_ref_parent": "PASSED",
  "context::tests::expected_type_match_arm_without_leading_char": "PASSED",
  "completions::unqualified_path::tests::dont_show_both_completions_for_shadowing": "PASSED",
  "completions::qualified_path::tests::completes_ty_param_assoc_ty": "PASSED",
  "completions::unqualified_path::tests::completes_bindings_from_for": "PASSED",
  "completions::unqualified_path::tests::completes_in_simple_macro_1": "PASSED",
  "context::tests::expected_type_if_let_without_leading_char": "PASSED",
  "context::tests::expected_type_fn_ret_with_leading_char": "PASSED",
  "completions::unqualified_path::tests::correctly_completes_module_items_prefixed_with_underscore": "PASSED",
  "context::tests::expected_type_let_with_leading_char": "PASSED",
  "context::tests::expected_type_let_without_leading_char": "PASSED",
  "completions::unqualified_path::tests::completes_in_simple_macro_without_closing_parens": "PASSED",
  "context::tests::expected_type_match_arm_with_leading_char": "PASSED",
  "completions::unqualified_path::tests::completes_unresolved_uses": "PASSED",
  "completions::unqualified_path::tests::completes_in_simple_macro_2": "PASSED",
  "context::tests::expected_type_if_let_with_leading_char": "PASSED",
  "context::tests::expected_type_struct_field_with_leading_char": "PASSED",
  "context::tests::expected_type_let_pat": "PASSED",
  "completions::unqualified_path::tests::completes_std_prelude_if_core_is_defined": "PASSED",
  "context::tests::expected_type_struct_field_without_leading_char": "PASSED",
  "completions::unqualified_path::tests::dont_complete_attr": "PASSED",
  "context::tests::expected_type_fn_param_without_leading_char": "PASSED",
  "render::tests::no_parens_in_use_item": "PASSED",
  "completions::trait_impl::tests::no_completion_inside_const": "PASSED",
  "render::function::tests::strips_underscores_from_args": "PASSED",
  "render::tests::locals": "PASSED",
  "render::tests::lookup_enums_by_two_qualifiers": "PASSED",
  "render::tests::prioritize_exact_ref_match": "PASSED",
  "render::tests::score_fn_type_and_name_match": "PASSED",
  "render::tests::enum_owned": "PASSED",
  "render::tests::no_call_parens_if_fn_ptr_needed": "PASSED",
  "render::tests::enum_ref": "PASSED",
  "render::macro_::tests::guesses_macro_braces": "PASSED",
  "render::tests::generic_enum": "PASSED",
  "render::tests::suggest_ref_mut": "PASSED",
  "render::tests::too_many_arguments": "PASSED",
  "completions::flyimport::tests::does_not_propose_names_in_scope": "PASSED",
  "completions::record::tests::test_record_literal_field_default": "PASSED",
  "completions::record::tests::test_record_literal_field_default_completion": "PASSED",
  "completions::record::tests::test_record_literal_field_without_default": "PASSED",
  "completions::flyimport::tests::struct_fuzzy_completion": "PASSED",
  "completions::flyimport::tests::blanket_trait_impl_import": "PASSED",
  "completions::flyimport::tests::does_not_propose_traits_in_scope": "PASSED",
  "render::tests::suggest_deref": "PASSED",
  "render::tests::suggest_deref_fn_ret": "PASSED",
  "render::tests::suggest_deref_mut": "PASSED",
  "completions::flyimport::tests::no_trait_type_fuzzy_completion": "PASSED",
  "completions::flyimport::tests::fuzzy_completions_come_in_specific_order": "PASSED",
  "completions::dot::tests::test_union_field_completion": "PASSED",
  "completions::dot::tests::test_struct_field_completion_self": "PASSED",
  "completions::flyimport::tests::fuzzy_unresolved_path": "PASSED",
  "completions::qualified_path::tests::associated_item_visibility": "PASSED",
  "render::tests::enum_detail_just_parentheses_for_unit": "PASSED",
  "completions::flyimport::tests::no_inherent_candidates_proposed": "PASSED",
  "completions::postfix::tests::let_middle_block": "PASSED",
  "render::function::tests::trim_mut_keyword_in_func_completion": "PASSED",
  "tests::test_no_completions_required": "PASSED",
  "completions::qualified_path::tests::completes_enum_associated_method": "PASSED",
  "render::macro_::tests::dont_insert_macro_call_parens_unncessary": "PASSED",
  "completions::dot::tests::test_method_completion_issue_3547": "PASSED",
  "render::function::tests::insert_mut_ref_when_matching_local_in_scope": "PASSED",
  "completions::flyimport::tests::macro_fuzzy_completion": "PASSED",
  "render::tests::enum_detail_doesnt_include_tuple_fields": "PASSED",
  "render::tests::active_param_relevance": "PASSED",
  "completions::postfix::tests::postfix_completion_works_for_trivial_path_expression": "PASSED",
  "completions::flyimport::tests::fuzzy_after_fields_of_record_lit_syntax": "PASSED",
  "completions::postfix::tests::postfix_type_filtering": "PASSED",
  "completions::postfix::tests::postfix_completion_works_for_ambiguous_float_literal": "PASSED",
  "completions::postfix::tests::works_in_simple_macro": "PASSED",
  "render::enum_variant::tests::inserts_parens_for_tuple_enums": "PASSED",
  "completions::dot::tests::test_completion_works_in_consts": "PASSED",
  "completions::dot::tests::works_in_simple_macro_2": "PASSED",
  "completions::postfix::tests::postfix_completion_works_for_function_calln": "PASSED",
  "completions::unqualified_path::tests::completes_type_or_trait_in_impl_block": "PASSED",
  "completions::qualified_path::tests::completes_trait_associated_method_2": "PASSED",
  "completions::dot::tests::test_no_struct_field_completion_for_method_call": "PASSED",
  "render::function::tests::insert_ref_when_matching_local_in_scope": "PASSED",
  "completions::flyimport::tests::function_fuzzy_completion": "PASSED",
  "render::tests::no_parens_in_call": "PASSED",
  "render::tests::fn_detail_includes_args_and_return_type": "PASSED",
  "render::function::tests::insert_ref_when_matching_local_in_scope_for_method": "PASSED",
  "completions::postfix::tests::result_match": "PASSED",
  "completions::flyimport::tests::trait_const_fuzzy_completion": "PASSED",
  "render::tests::dont_render_attrs": "PASSED",
  "completions::dot::tests::completes_trait_method_from_other_module": "PASSED",
  "completions::dot::tests::completes_method_call_when_receiver_is_a_macro_call": "PASSED",
  "completions::snippet::tests::should_not_complete_snippets_in_path": "PASSED",
  "render::tests::renders_docs": "PASSED",
  "completions::dot::tests::completes_after_macro_call_in_submodule": "PASSED",
  "completions::dot::tests::works_in_simple_macro_recursive_1": "PASSED",
  "tests::test_completion_detail_from_macro_generated_struct_fn_doc_comment": "PASSED",
  "render::tests::enum_detail_includes_record_fields": "PASSED",
  "completions::postfix::tests::option_iflet": "PASSED",
  "completions::dot::tests::test_no_non_self_method": "PASSED",
  "completions::dot::tests::test_tuple_field_completion": "PASSED",
  "completions::dot::tests::test_method_completion_only_fitting_impls": "PASSED",
  "completions::dot::tests::test_tuple_field_inference": "PASSED",
  "completions::dot::tests::test_struct_field_and_method_completion": "PASSED",
  "completions::qualified_path::tests::completes_struct_associated_items": "PASSED",
  "render::function::tests::suppress_arg_snippets": "PASSED",
  "render::function::tests::parens_for_method_call_as_assoc_fn": "PASSED",
  "completions::qualified_path::tests::completes_hashmap_new": "PASSED",
  "tests::test_completion_detail_from_macro_generated_struct_fn_doc_attr": "PASSED",
  "render::tests::score_method_name_match_only": "PASSED",
  "completions::flyimport::tests::trait_method_fuzzy_completion": "PASSED",
  "render::tests::struct_field_method_ref": "PASSED",
  "completions::dot::tests::test_trait_method_completion_deduplicated": "PASSED",
  "completions::dot::tests::works_in_simple_macro_1": "PASSED",
  "completions::flyimport::tests::trait_function_fuzzy_completion": "PASSED",
  "completions::qualified_path::tests::completes_enum_variant": "PASSED",
  "render::tests::score_method_type_and_name_match": "PASSED",
  "completions::flyimport::tests::unqualified_assoc_items_are_omitted": "PASSED",
  "completions::dot::tests::test_trait_method_completion": "PASSED",
  "render::tests::record_field_relevances": "PASSED",
  "render::tests::sets_deprecated_flag_in_items": "PASSED",
  "completions::dot::tests::test_struct_field_completion_autoderef": "PASSED",
  "completions::dot::tests::macro_expansion_resilient": "PASSED",
  "completions::qualified_path::tests::completes_union_associated_method": "PASSED",
  "render::tests::record_field_and_call_relevances": "PASSED",
  "completions::flyimport::tests::unresolved_qualifier": "PASSED",
  "completions::flyimport::tests::case_matters": "PASSED",
  "completions::trait_impl::tests::no_completion_inside_fn": "PASSED",
  "completions::flyimport::tests::unresolved_assoc_item_container": "PASSED",
  "completions::flyimport::tests::unresolved_assoc_item_container_with_path": "PASSED",
  "completions::postfix::tests::postfix_completion_for_references": "PASSED",
  "completions::flyimport::tests::zero_input_deprecated_assoc_item_completion": "PASSED",
  "completions::dot::tests::test_visibility_filtering": "PASSED",
  "completions::flyimport::tests::prefix_config_usage": "PASSED",
  "render::function::tests::inserts_parens_for_function_calls": "PASSED",
  "render::tests::inserts_angle_brackets_for_generics": "PASSED",
  "completions::trait_impl::tests::complete_without_name": "PASSED",
  "completions::keyword::tests::test_completion_await_impls_future": "PASSED",
  "completions::postfix::tests::postfix_completion_for_format_like_strings": "PASSED",
  "helpers::insert_use::tests::insert_empty_file": "PASSED",
  "helpers::insert_use::tests::insert_after_inner_attr": "PASSED",
  "helpers::insert_use::tests::insert_after_inner_attr2": "PASSED",
  "helpers::insert_use::tests::insert_empty_module": "PASSED",
  "helpers::insert_use::tests::insert_existing": "PASSED",
  "helpers::insert_use::tests::insert_end": "PASSED",
  "helpers::insert_use::tests::insert_end_indent": "PASSED",
  "helpers::insert_use::tests::insert_first_matching_group": "PASSED",
  "helpers::insert_use::tests::insert_middle": "PASSED",
  "helpers::insert_use::tests::insert_middle_groups": "PASSED",
  "helpers::insert_use::tests::insert_middle_indent": "PASSED",
  "helpers::insert_use::tests::insert_middle_nested": "PASSED",
  "helpers::insert_use::tests::insert_no_imports": "PASSED",
  "helpers::insert_use::tests::insert_missing_group_self": "PASSED",
  "helpers::insert_use::tests::insert_missing_group_std": "PASSED",
  "helpers::insert_use::tests::insert_not_group_empty": "PASSED",
  "helpers::insert_use::tests::insert_short_before_long": "PASSED",
  "helpers::insert_use::tests::insert_not_group": "PASSED",
  "helpers::insert_use::tests::insert_start": "PASSED",
  "helpers::insert_use::tests::insert_start_indent": "PASSED",
  "helpers::insert_use::tests::inserts_after_all_inner_items": "PASSED",
  "helpers::insert_use::tests::inserts_after_multiline_inner_comments": "PASSED",
  "helpers::insert_use::tests::inserts_after_single_line_inner_comments": "PASSED",
  "helpers::insert_use::tests::merge_groups": "PASSED",
  "helpers::insert_use::tests::merge_groups_full": "PASSED",
  "helpers::insert_use::tests::merge_groups_last": "PASSED",
  "helpers::insert_use::tests::merge_groups_long_full": "PASSED",
  "helpers::insert_use::tests::merge_groups_full_nested_deep": "PASSED",
  "helpers::insert_use::tests::merge_groups_long_full_list": "PASSED",
  "helpers::insert_use::tests::merge_groups_full_nested_long": "PASSED",
  "helpers::insert_use::tests::merge_glob_nested": "PASSED",
  "helpers::insert_use::tests::merge_groups_long_full_nested": "PASSED",
  "helpers::insert_use::tests::merge_groups_long_last": "PASSED",
  "helpers::insert_use::tests::merge_groups_long_last_list": "PASSED",
  "helpers::insert_use::tests::merge_groups_long_last_nested": "PASSED",
  "helpers::insert_use::tests::merge_groups_last_nested_long": "PASSED",
  "helpers::insert_use::tests::merge_groups_skip_pub": "PASSED",
  "helpers::insert_use::tests::merge_groups_self": "PASSED",
  "helpers::insert_use::tests::merge_groups_skip_attributed": "PASSED",
  "helpers::insert_use::tests::merge_groups_skip_pub_crate": "PASSED",
  "helpers::insert_use::tests::merge_last_fail": "PASSED",
  "helpers::insert_use::tests::merge_last_fail1": "PASSED",
  "helpers::insert_use::tests::merge_last_fail2": "PASSED",
  "helpers::insert_use::tests::split_out_merge": "SKIPPED",
  "line_index::tests::test_char_len": "PASSED",
  "helpers::insert_use::tests::merge_last_fail3": "PASSED",
  "line_index::tests::test_empty_index": "PASSED",
  "helpers::insert_use::tests::merge_last_into_self": "PASSED",
  "line_index::tests::test_line_index": "PASSED",
  "helpers::insert_use::tests::merge_into_module_import": "PASSED",
  "line_index::tests::test_single_char": "PASSED",
  "helpers::insert_use::tests::skip_merge_last_too_long": "PASSED",
  "line_index::tests::test_splitlines": "PASSED",
  "call_info::tests::cant_call_enum_record": "PASSED",
  "line_index::tests::test_string": "PASSED",
  "helpers::insert_use::tests::skip_merge_last_too_long2": "PASSED",
  "helpers::insert_use::tests::merge_self_glob": "PASSED",
  "helpers::insert_use::tests::merge_mod_into_glob": "PASSED",
  "call_info::tests::cant_call_struct_record": "PASSED",
  "call_info::tests::call_info_for_fn_ptr": "PASSED",
  "call_info::tests::generic_struct": "PASSED",
  "call_info::tests::test_fn_signature_no_params": "PASSED",
  "helpers::insert_use::tests::merge_nested_considers_first_segments": "PASSED",
  "call_info::tests::test_fn_signature_two_args_first_generics": "PASSED",
  "call_info::tests::fn_signature_for_call_in_macro": "PASSED",
  "call_info::tests::test_fn_signature_two_args_empty": "PASSED",
  "call_info::tests::test_fn_signature_with_docs_simple": "PASSED",
  "call_info::tests::works_for_tuple_structs": "PASSED",
  "call_info::tests::call_info_bad_offset": "PASSED",
  "call_info::tests::test_fn_signature_with_docs": "PASSED",
  "call_info::tests::works_for_enum_variants": "PASSED",
  "call_info::tests::call_info_for_lambdas": "PASSED",
  "call_info::tests::test_fn_signature_with_docs_impl": "PASSED",
  "call_info::tests::test_fn_signature_for_method_with_arg_as_assoc_fn": "PASSED",
  "call_info::tests::test_fn_signature_for_method_self": "PASSED",
  "call_info::tests::test_fn_signature_for_impl": "PASSED",
  "call_info::tests::test_fn_signature_for_method_with_arg": "PASSED",
  "call_info::tests::test_nested_method_in_lambda": "PASSED",
  "call_info::tests::test_fn_signature_with_docs_from_actix": "PASSED",
  "call_info::tests::call_info_for_unclosed_call": "PASSED",
  "traits::tests::resolve_trait": "PASSED",
  "traits::tests::missing_assoc_items": "PASSED",
  "call_info::tests::test_fn_signature_two_args": "PASSED",
  "parsing::tests::parser_happy_case": "PASSED",
  "tests::parser_empty_query": "PASSED",
  "tests::parser_invalid_pattern": "PASSED",
  "tests::parser_no_delimiter": "PASSED",
  "tests::parser_invalid_template": "PASSED",
  "tests::parser_two_delimiters": "PASSED",
  "tests::parser_repeated_name": "PASSED",
  "tests::parser_undefined_placeholder_in_replacement": "PASSED",
  "tests::no_match": "PASSED",
  "tests::match_binary_op": "PASSED",
  "tests::match_nested_method_calls": "PASSED",
  "tests::match_fn_definition": "PASSED",
  "tests::match_struct_definition": "PASSED",
  "tests::ignores_whitespace": "PASSED",
  "tests::multiple_rules": "PASSED",
  "tests::match_fully_qualified_fn_path": "PASSED",
  "tests::pattern_is_a_single_segment_path": "PASSED",
  "tests::preserves_whitespace_within_macro_expansion": "PASSED",
  "matching::tests::parse_match_replace": "PASSED",
  "tests::ssr_blockexpr_match_trailing_expr": "PASSED",
  "tests::match_resolved_type_name": "PASSED",
  "tests::ssr_blockexpr_replace_trailing_expr_with_stmt": "PASSED",
  "tests::ssr_blockexpr_replace_stmt_with_stmt": "PASSED",
  "tests::match_within_macro_invocation": "PASSED",
  "tests::ssr_block_expr_match": "PASSED",
  "tests::match_failure_reasons": "PASSED",
  "tests::match_macro_invocation": "PASSED",
  "tests::match_pattern": "PASSED",
  "tests::no_match_expression_from_macro": "PASSED",
  "tests::no_match_split_expression": "PASSED",
  "tests::add_parenthesis_when_necessary": "PASSED",
  "tests::ssr_let_stmt_replace": "PASSED",
  "tests::match_nested_method_calls_with_macro_call": "PASSED",
  "tests::replace_binary_op": "PASSED",
  "tests::match_type": "PASSED",
  "tests::replace_function_call_with_placeholders": "PASSED",
  "tests::ssr_let_stmt_in_fn_match": "PASSED",
  "tests::replace_nonpath_within_selection": "PASSED",
  "tests::replace_function_call": "PASSED",
  "tests::ssr_let_stmt_in_macro_match": "PASSED",
  "tests::replace_macro_invocations": "PASSED",
  "tests::ssr_keeps_comment": "PASSED",
  "tests::ssr_function_to_method": "PASSED",
  "tests::ssr_expected_spacing": "PASSED",
  "tests::ssr_keeps_nested_comment": "PASSED",
  "tests::replace_associated_function_with_generics": "PASSED",
  "tests::ssr_let_stmt_replace_expr": "PASSED",
  "tests::replace_path_within_selection": "PASSED",
  "tests::ssr_nested_function": "PASSED",
  "tests::replace_type": "PASSED",
  "tests::ssr_struct_lit": "PASSED",
  "tests::ssr_with_extra_space": "PASSED",
  "tests::replace_within_macro_expansion": "PASSED",
  "tests::replace_outside_and_within_macro_expansion": "PASSED",
  "tests::match_path": "PASSED",
  "tests::match_struct_instantiation": "PASSED",
  "tests::literal_constraint": "PASSED",
  "tests::replace_nested_function_calls": "PASSED",
  "tests::use_declaration_with_braces": "PASSED",
  "tests::overlapping_possible_matches": "PASSED",
  "tests::type_arguments_within_path": "PASSED",
  "tests::replace_local_variable_reference": "PASSED",
  "tests::replace_self": "PASSED",
  "tests::match_with_trailing_commas": "PASSED",
  "tests::multiple_rules_with_nested_matches": "PASSED",
  "tests::match_expr": "PASSED",
  "tests::replace_associated_trait_default_function_call": "PASSED",
  "tests::replace_associated_function_call": "PASSED",
  "tests::replace_path_in_different_contexts": "PASSED",
  "tests::replace_associated_trait_constant": "PASSED",
  "tests::replace_autoref_mut": "PASSED",
  "tests::match_complex_expr": "PASSED",
  "tests::match_reordered_struct_instantiation": "PASSED",
  "tests::replace_autoref_autoderef_capture": "PASSED",
  "tests::match_trait_method_call": "PASSED",
  "tests::ufcs_matches_method_call": "PASSED",
  "benchmark::benchmark_expand_macro_rules": "PASSED",
  "benchmark::benchmark_parse_macro_rules": "PASSED",
  "subtree_source::tests::test_negative_literal": "PASSED",
  "syntax_bridge::tests::test_token_tree_last_child_is_white_space": "PASSED",
  "expander::tests::test_expand_rule": "PASSED",
  "syntax_bridge::tests::test_token_tree_multi_char_punct": "PASSED",
  "syntax_bridge::tests::stmts_token_trees_to_expr_is_err": "PASSED",
  "syntax_bridge::tests::convert_tt_token_source": "PASSED",
  "tests::expand::test_attr_to_token_tree": "PASSED",
  "tests::expand::expr_interpolation": "PASSED",
  "tests::expand::test_boolean_is_ident": "PASSED",
  "tests::expand::test_block": "PASSED",
  "tests::expand::test_dollar_crate_lhs_is_not_meta": "PASSED",
  "tests::expand::test_convert_tt": "PASSED",
  "tests::expand::test_empty_comments": "PASSED",
  "tests::expand::test_expand_bad_literal": "PASSED",
  "tests::expand::test_convert_tt2": "PASSED",
  "tests::expand::test_expand_literals_to_token_tree": "PASSED",
  "tests::expand::test_expand_to_item_list": "PASSED",
  "tests::expand::test_expr_after_path_colons": "PASSED",
  "tests::expand::test_expr_order": "PASSED",
  "tests::expand::test_all_items": "PASSED",
  "tests::expand::test_cfg_if_items": "PASSED",
  "tests::expand::test_expr_with_attr": "PASSED",
  "tests::expand::test_expr": "PASSED",
  "tests::expand::test_generate_pattern_iterators": "PASSED",
  "tests::expand::test_cfg_if_main": "PASSED",
  "tests::expand::test_fail_match_pattern_by_last_token": "PASSED",
  "tests::expand::test_fail_match_pattern_by_word_token": "PASSED",
  "tests::expand::test_empty_repeat_vars_in_empty_repeat_vars": "PASSED",
  "tests::expand::test_impl_nonzero_fmt": "PASSED",
  "tests::expand::test_fail_match_pattern_by_first_token": "PASSED",
  "tests::expand::test_lifetime_split": "PASSED",
  "tests::expand::test_issue_3861": "PASSED",
  "tests::expand::test_macro_2_0_panic_2015": "PASSED",
  "tests::expand::test_inner_macro_rules": "PASSED",
  "tests::expand::test_lifetime": "PASSED",
  "tests::expand::test_match_group_empty_fixed_token": "PASSED",
  "tests::expand::test_issue_2520": "PASSED",
  "tests::expand::test_match_group_in_group": "PASSED",
  "tests::expand::test_literal": "PASSED",
  "tests::expand::test_int_base": "PASSED",
  "tests::expand::test_match_group_in_subtree": "PASSED",
  "tests::expand::test_match_group_pattern_with_multiple_defs": "PASSED",
  "tests::expand::test_last_expr": "PASSED",
  "tests::expand::test_match_group_zero_match": "PASSED",
  "tests::expand::test_match_group_pattern_with_multiple_statement": "PASSED",
  "tests::expand::test_match_group_pattern_with_multiple_statement_without_semi": "PASSED",
  "tests::expand::test_match_group_with_multichar_sep": "PASSED",
  "tests::expand::test_match_literal": "PASSED",
  "tests::expand::test_match_group_pattern_by_separator_token": "PASSED",
  "tests::expand::test_match_is_not_greedy": "PASSED",
  "tests::expand::test_match_group_with_multichar_sep2": "PASSED",
  "tests::expand::test_meta_doc_comments_escaped_characters": "PASSED",
  "tests::expand::test_meta_doc_comments": "PASSED",
  "tests::expand::test_meta": "PASSED",
  "tests::expand::test_no_space_after_semi_colon": "PASSED",
  "tests::expand::test_meta_doc_comments_non_latin": "PASSED",
  "tests::expand::test_meta_extended_key_value_attributes": "PASSED",
  "tests::expand::test_parse_macro_def_rules": "PASSED",
  "tests::expand::test_parse_macro_def_simple": "PASSED",
  "tests::expand::test_pat_": "PASSED",
  "tests::expand::test_old_ridl": "PASSED",
  "tests::expand::test_path_with_path": "PASSED",
  "tests::expand::test_repeat_bad_var": "PASSED",
  "tests::expand::test_single_item": "PASSED",
  "tests::expand::test_token_id_shift": "PASSED",
  "tests::expand::test_token_map": "PASSED",
  "tests::expand::test_tt_composite": "PASSED",
  "tests::expand::test_path": "PASSED",
  "tests::expand::test_tt_block": "PASSED",
  "tests::expand::test_stmt": "PASSED",
  "tests::expand::test_tt_composite2": "PASSED",
  "tests::expand::test_tt_to_stmts": "PASSED",
  "tests::expand::test_quick_error": "PASSED",
  "tests::expand::test_tt_with_composite_without_space": "PASSED",
  "tests::expand::test_tt_group": "PASSED",
  "tests::expand::test_rustc_issue_57597": "PASSED",
  "tests::expand::test_two_idents": "PASSED",
  "tests::expand::test_underscore": "PASSED",
  "tests::expand::test_two_paths": "PASSED",
  "tests::expand::test_underscore_as_type": "PASSED",
  "tests::expand::test_ty": "PASSED",
  "tests::expand::test_underscore_lifetime": "PASSED",
  "tests::expand::test_proptest_arbitrary": "PASSED",
  "tests::expand::test_vertical_bar_with_pat": "PASSED",
  "tests::expand::test_ty_with_complex_type": "PASSED",
  "tests::expand::test_underscore_not_greedily": "PASSED",
  "tests::rule::test_invalid_arms": "PASSED",
  "tests::expand::test_vis": "PASSED",
  "tests::rule::test_valid_arms": "PASSED",
  "tests::expand::test_vec": "PASSED",
  "tests::expand::test_impl_fn_for_zst": "PASSED",
  "tests::expand::test_winapi_struct": "PASSED",
  "token_set::token_set_works_for_tokens": "PASSED",
  "rpc::tests::test_proc_macro_rpc_works": "PASSED",
  "rustc_server::tests::test_rustc_server_from_str": "PASSED",
  "rustc_server::tests::test_rustc_server_literals": "PASSED",
  "rustc_server::tests::test_rustc_server_to_string": "PASSED",
  "tests::test_derive_proc_macro_list": "FAILED",
  "tests::test_derive_serialize_proc_macro": "FAILED",
  "tests::list_test_macros": "FAILED",
  "tests::test_version_check": "FAILED",
  "tests::test_derive_serialize_proc_macro_failed": "FAILED"
}